2024-06-17 21:23:08.232 [info] Log level: Info
2024-06-17 21:23:08.232 [info] Validating found git in: "git"
2024-06-17 21:23:08.232 [info] Using git "2.43.0" from "git"
2024-06-17 21:23:15.267 [info] Log level: Info
2024-06-17 21:23:15.267 [info] Validating found git in: "git"
2024-06-17 21:23:15.267 [info] Using git "2.43.0" from "git"
2024-06-17 21:23:15.267 [info] > git rev-parse --show-toplevel [8ms]
2024-06-17 21:23:15.278 [info] > git rev-parse --show-toplevel [6ms]
2024-06-17 21:23:15.283 [info] > git rev-parse --show-toplevel [1ms]
2024-06-17 21:23:15.293 [info] > git rev-parse --show-toplevel [5ms]
2024-06-17 21:23:15.298 [info] > git rev-parse --show-toplevel [1ms]
2024-06-17 21:23:17.098 [info] > git rev-parse --show-toplevel [1ms]
2024-06-17 21:23:33.773 [info] Log level: Info
2024-06-17 21:23:33.773 [info] Validating found git in: "git"
2024-06-17 21:23:33.773 [info] Using git "2.43.0" from "git"
2024-06-17 21:23:33.773 [info] > git rev-parse --show-toplevel [1ms]
2024-06-17 21:23:33.773 [info] > git rev-parse --git-dir --git-common-dir [1ms]
2024-06-17 21:23:33.773 [info] Open repository: /home/albertofots/Vault/my_life/Personal/A - Career/work/borsa/MARS_GUIDED_ENTRY/dev
2024-06-17 21:23:33.773 [info] > git rev-parse --show-toplevel [24ms]
2024-06-17 21:23:33.773 [info] > git config --get commit.template [27ms]
2024-06-17 21:23:33.773 [info] No remotes found in the git config file.
2024-06-17 21:23:33.773 [info] > git rev-parse --show-toplevel [10ms]
2024-06-17 21:23:33.773 [info] > git for-each-ref --format=%(refname)%00%(upstream:short)%00%(objectname)%00%(upstream:track)%00%(upstream:remotename)%00%(upstream:remoteref) refs/heads/master refs/remotes/master [6ms]
2024-06-17 21:23:33.773 [info] > git status -z -uall [2ms]
2024-06-17 21:23:33.774 [info] > git rev-parse --show-toplevel [7ms]
2024-06-17 21:23:33.798 [info] > git rev-parse --show-toplevel [21ms]
2024-06-17 21:23:33.821 [info] > git config --get commit.template [22ms]
2024-06-17 21:23:33.823 [info] > git rev-parse --show-toplevel [4ms]
2024-06-17 21:23:33.830 [info] No remotes found in the git config file.
2024-06-17 21:23:33.833 [info] > git for-each-ref --format=%(refname)%00%(upstream:short)%00%(objectname)%00%(upstream:track)%00%(upstream:remotename)%00%(upstream:remoteref) refs/heads/master refs/remotes/master [3ms]
2024-06-17 21:23:33.836 [info] > git rev-parse --show-toplevel [4ms]
2024-06-17 21:23:33.839 [info] > git status -z -uall [4ms]
2024-06-17 21:23:33.841 [info] > git rev-parse --show-toplevel [2ms]
2024-06-17 21:23:33.848 [info] > git rev-parse --show-toplevel [4ms]
2024-06-17 21:23:33.852 [info] > git rev-parse --show-toplevel [1ms]
2024-06-17 21:23:33.892 [info] > git rev-parse --show-toplevel [37ms]
2024-06-17 21:23:33.900 [info] > git rev-parse --show-toplevel [5ms]
2024-06-17 21:23:33.906 [info] > git rev-parse --show-toplevel [2ms]
2024-06-17 21:23:34.279 [info] > git check-ignore -v -z --stdin [14ms]
2024-06-17 21:23:35.759 [info] No remotes found in the git config file.
2024-06-17 21:23:35.760 [info] > git config --get commit.template [4ms]
2024-06-17 21:23:35.760 [info] > git for-each-ref --format=%(refname)%00%(upstream:short)%00%(objectname)%00%(upstream:track)%00%(upstream:remotename)%00%(upstream:remoteref) refs/heads/master refs/remotes/master [1ms]
2024-06-17 21:23:35.766 [info] > git status -z -uall [3ms]
2024-06-17 21:30:21.419 [info] > git check-ignore -v -z --stdin [1ms]
2024-06-17 21:30:35.183 [info] > git check-ignore -v -z --stdin [1ms]
2024-06-17 21:30:39.721 [info] > git check-ignore -v -z --stdin [1ms]
2024-06-17 21:30:41.097 [info] > git check-ignore -v -z --stdin [1ms]
2024-06-17 21:30:42.130 [info] > git check-ignore -v -z --stdin [1ms]
2024-06-17 21:30:43.230 [info] > git check-ignore -v -z --stdin [1ms]
2024-06-17 21:30:44.178 [info] > git check-ignore -v -z --stdin [1ms]
2024-06-17 21:30:46.830 [info] > git check-ignore -v -z --stdin [1ms]
2024-06-17 21:30:48.139 [info] > git check-ignore -v -z --stdin [1ms]
2024-06-17 21:30:50.015 [info] > git check-ignore -v -z --stdin [1ms]
2024-06-17 21:30:51.049 [info] > git check-ignore -v -z --stdin [1ms]
2024-06-17 21:30:51.951 [info] > git check-ignore -v -z --stdin [1ms]
2024-06-17 21:30:53.132 [info] > git check-ignore -v -z --stdin [1ms]
2024-06-17 21:30:54.108 [info] > git check-ignore -v -z --stdin [1ms]
