2024-06-21 19:06:45.997 [info] Reading sessions from keychain...
2024-06-21 19:06:45.997 [info] Getting sessions for user:email...
2024-06-21 19:06:45.997 [info] Got stored sessions!
2024-06-21 19:06:45.997 [info] Got 1 verified sessions.
2024-06-21 19:06:45.997 [info] Got 1 sessions for user:email...
2024-06-21 19:06:46.782 [info] Getting sessions for read:user,repo,user:email,workflow...
2024-06-21 19:06:46.782 [info] Got 0 sessions for read:user,repo,user:email,workflow...
2024-06-21 19:06:46.782 [info] Getting sessions for read:user,repo,user:email,workflow...
2024-06-21 19:06:46.782 [info] Got 0 sessions for read:user,repo,user:email,workflow...
2024-06-21 19:06:46.782 [info] Getting sessions for read:user...
2024-06-21 19:06:46.782 [info] Got 0 sessions for read:user...
2024-06-21 19:06:46.782 [info] Getting sessions for user:email...
2024-06-21 19:06:46.782 [info] Got 1 sessions for user:email...
2024-06-21 19:06:46.856 [info] Getting sessions for read:user...
2024-06-21 19:06:46.856 [info] Got 0 sessions for read:user...
2024-06-21 19:06:46.881 [info] Getting sessions for user:email...
2024-06-21 19:06:46.881 [info] Got 1 sessions for user:email...
2024-06-21 19:06:47.350 [info] Getting sessions for read:user,repo,user:email,workflow...
2024-06-21 19:06:47.350 [info] Got 0 sessions for read:user,repo,user:email,workflow...
2024-06-21 19:06:47.350 [info] Getting sessions for read:user...
2024-06-21 19:06:47.350 [info] Got 0 sessions for read:user...
2024-06-21 19:06:47.350 [info] Getting sessions for user:email...
2024-06-21 19:06:47.350 [info] Got 1 sessions for user:email...
2024-06-21 19:06:47.378 [info] Getting sessions for read:user,repo,user:email,workflow...
2024-06-21 19:06:47.378 [info] Got 0 sessions for read:user,repo,user:email,workflow...
2024-06-21 19:06:47.378 [info] Getting sessions for read:user...
2024-06-21 19:06:47.378 [info] Got 0 sessions for read:user...
2024-06-21 19:06:47.378 [info] Getting sessions for user:email...
2024-06-21 19:06:47.378 [info] Got 1 sessions for user:email...
