2024-06-17 19:20:28.365 [info] Revived process, old id 5f3a3fe9dfa601d7b8c785cec8150577-4 -> new id 1
2024-06-17 19:20:28.365 [info] Revived process, old id 5f3a3fe9dfa601d7b8c785cec8150577-5 -> new id 2
2024-06-17 19:20:28.365 [info] Revived process, old id 5f3a3fe9dfa601d7b8c785cec8150577-6 -> new id 3
2024-06-17 19:20:28.381 [info] Expanding terminal instance, old id 5f3a3fe9dfa601d7b8c785cec8150577-3 -> new id undefined
2024-06-17 19:20:28.381 [info] Expanding terminal instance, old id 5f3a3fe9dfa601d7b8c785cec8150577-4 -> new id 1
2024-06-17 19:20:28.381 [info] Expanding terminal instance, old id 5f3a3fe9dfa601d7b8c785cec8150577-5 -> new id 2
2024-06-17 19:20:32.494 [warning] Persistent process "3": Process had no disconnect runners but was an orphan
2024-06-17 19:20:32.494 [info] Persistent process reconnection "3"
2024-06-17 19:20:32.495 [warning] Persistent process "1": Process had no disconnect runners but was an orphan
2024-06-17 19:20:32.495 [info] Persistent process reconnection "1"
2024-06-17 19:20:32.496 [warning] Persistent process "2": Process had no disconnect runners but was an orphan
2024-06-17 19:20:32.496 [info] Persistent process reconnection "2"
2024-06-17 19:20:32.503 [info] Persistent process "3": Replaying 2055 chars and 1 size events
2024-06-17 19:20:32.506 [info] Persistent process "1": Replaying 249 chars and 1 size events
2024-06-17 19:20:32.511 [info] Persistent process "2": Replaying 2009 chars and 1 size events
2024-06-17 19:21:36.283 [info] Revived process, old id b0a8c1dcbcc33f0e55908e18696ad2e3-5 -> new id 4
2024-06-17 19:21:36.311 [info] Expanding terminal instance, old id b0a8c1dcbcc33f0e55908e18696ad2e3-5 -> new id 4
2024-06-17 19:21:36.716 [warning] Persistent process "4": Process had no disconnect runners but was an orphan
2024-06-17 19:21:36.716 [info] Persistent process reconnection "4"
2024-06-17 19:21:36.735 [info] Persistent process "4": Replaying 6817 chars and 1 size events
