2024-06-17 19:20:28.236 [info] Using settings sync service https://vscode-sync.trafficmanager.net/
2024-06-17 19:20:28.236 [info] Auto Sync is enabled.
2024-06-17 19:20:28.236 [info] Auto Sync: Suspended until auth token is available.
2024-06-17 19:20:28.712 [info] Auto Sync: Triggered by Interval
2024-06-17 19:20:28.712 [info] Sync started.
2024-06-17 19:20:29.060 [info] Settings: Last sync resource does not exist locally.
2024-06-17 19:20:29.220 [info] Settings: No changes found during synchronizing settings.
2024-06-17 19:20:29.244 [info] Keybindings: Last sync resource does not exist locally.
2024-06-17 19:20:29.314 [info] Keybindings: No changes found during synchronizing keybindings.
2024-06-17 19:20:29.339 [info] Snippets: Last sync resource does not exist locally.
2024-06-17 19:20:29.385 [info] Snippets: No changes found during synchronizing snippets.
2024-06-17 19:20:29.386 [info] Tasks: Last sync resource does not exist locally.
2024-06-17 19:20:29.459 [info] Tasks: No changes found during synchronizing tasks.
2024-06-17 19:20:29.460 [info] GlobalState: Last sync resource does not exist locally.
2024-06-17 19:20:30.102 [info] GlobalState: Updated remote ui state. Updated: commandPalette.mru.cache,commandPalette.mru.counter,java.2.lastSessionDate,java.2.sessionCount,javascript.1.lastSessionDate,javascript.1.sessionCount,typescript.1.lastSessionDate,typescript.1.sessionCount,csharp.1.lastSessionDate,csharp.1.sessionCount.
2024-06-17 19:20:30.104 [info] GlobalState: Updated last synchronized ui state
2024-06-17 19:20:30.106 [info] Extensions: Last sync resource does not exist locally.
2024-06-17 19:20:30.199 [info] Extensions: No changes found during synchronizing extensions.
2024-06-17 19:20:30.200 [info] Profiles: Last sync resource does not exist locally.
2024-06-17 19:20:30.247 [info] Profiles: No changes found during synchronizing profiles.
2024-06-17 19:20:30.248 [info] Sync done. Took 1544ms
2024-06-17 19:21:29.059 [info] Auto Sync: Triggered by Activity
2024-06-17 19:21:29.060 [info] Sync started.
2024-06-17 19:21:29.135 [info] Settings: No changes found during synchronizing settings.
2024-06-17 19:21:29.140 [info] Keybindings: No changes found during synchronizing keybindings.
2024-06-17 19:21:29.142 [info] Snippets: No changes found during synchronizing snippets.
2024-06-17 19:21:29.143 [info] Tasks: No changes found during synchronizing tasks.
2024-06-17 19:21:29.145 [info] GlobalState: No changes found during synchronizing ui state.
2024-06-17 19:21:29.180 [info] Extensions: No changes found during synchronizing extensions.
2024-06-17 19:21:29.181 [info] Profiles: No changes found during synchronizing profiles.
2024-06-17 19:21:29.182 [info] Sync done. Took 122ms
2024-06-17 19:22:46.369 [info] Auto Sync: Triggered by Activity
2024-06-17 19:22:46.369 [info] Sync started.
2024-06-17 19:22:46.414 [info] Settings: No changes found during synchronizing settings.
2024-06-17 19:22:46.419 [info] Keybindings: No changes found during synchronizing keybindings.
2024-06-17 19:22:46.422 [info] Snippets: No changes found during synchronizing snippets.
2024-06-17 19:22:46.424 [info] Tasks: No changes found during synchronizing tasks.
2024-06-17 19:22:46.426 [info] GlobalState: No changes found during synchronizing ui state.
2024-06-17 19:22:46.474 [info] Extensions: No changes found during synchronizing extensions.
2024-06-17 19:22:46.475 [info] Profiles: No changes found during synchronizing profiles.
2024-06-17 19:22:46.476 [info] Sync done. Took 108ms
2024-06-17 19:23:23.563 [info] Auto Sync: Triggered by Activity
2024-06-17 19:23:23.564 [info] Sync started.
2024-06-17 19:23:23.624 [info] Settings: No changes found during synchronizing settings.
2024-06-17 19:23:23.628 [info] Keybindings: No changes found during synchronizing keybindings.
2024-06-17 19:23:23.629 [info] Snippets: No changes found during synchronizing snippets.
2024-06-17 19:23:23.631 [info] Tasks: No changes found during synchronizing tasks.
2024-06-17 19:23:23.633 [info] GlobalState: No changes found during synchronizing ui state.
2024-06-17 19:23:23.670 [info] Extensions: No changes found during synchronizing extensions.
2024-06-17 19:23:23.673 [info] Profiles: No changes found during synchronizing profiles.
2024-06-17 19:23:23.674 [info] Sync done. Took 111ms
2024-06-17 19:26:53.757 [info] Auto Sync: Triggered by Activity
2024-06-17 19:26:53.757 [info] Sync started.
2024-06-17 19:26:53.883 [info] Settings: No changes found during synchronizing settings.
2024-06-17 19:26:53.906 [info] Keybindings: No changes found during synchronizing keybindings.
2024-06-17 19:26:53.910 [info] Snippets: No changes found during synchronizing snippets.
2024-06-17 19:26:53.912 [info] Tasks: No changes found during synchronizing tasks.
2024-06-17 19:26:53.914 [info] GlobalState: No changes found during synchronizing ui state.
2024-06-17 19:26:53.959 [info] Extensions: No changes found during synchronizing extensions.
2024-06-17 19:26:53.961 [info] Profiles: No changes found during synchronizing profiles.
2024-06-17 19:26:53.962 [info] Sync done. Took 206ms
2024-06-17 19:27:16.185 [info] Auto Sync: Triggered by Activity
2024-06-17 19:27:16.185 [info] Sync started.
2024-06-17 19:27:16.229 [info] Settings: No changes found during synchronizing settings.
2024-06-17 19:27:16.233 [info] Keybindings: No changes found during synchronizing keybindings.
2024-06-17 19:27:16.234 [info] Snippets: No changes found during synchronizing snippets.
2024-06-17 19:27:16.235 [info] Tasks: No changes found during synchronizing tasks.
2024-06-17 19:27:16.237 [info] GlobalState: No changes found during synchronizing ui state.
2024-06-17 19:27:16.277 [info] Extensions: No changes found during synchronizing extensions.
2024-06-17 19:27:16.278 [info] Profiles: No changes found during synchronizing profiles.
2024-06-17 19:27:16.278 [info] Sync done. Took 93ms
2024-06-17 19:32:16.280 [info] Auto Sync: Triggered by Interval
2024-06-17 19:32:16.280 [info] Sync started.
2024-06-17 19:32:16.424 [info] Settings: No changes found during synchronizing settings.
2024-06-17 19:32:16.428 [info] Keybindings: No changes found during synchronizing keybindings.
2024-06-17 19:32:16.430 [info] Snippets: No changes found during synchronizing snippets.
2024-06-17 19:32:16.431 [info] Tasks: No changes found during synchronizing tasks.
2024-06-17 19:32:16.433 [info] GlobalState: No changes found during synchronizing ui state.
2024-06-17 19:32:16.474 [info] Extensions: No changes found during synchronizing extensions.
2024-06-17 19:32:16.475 [info] Profiles: No changes found during synchronizing profiles.
2024-06-17 19:32:16.476 [info] Sync done. Took 196ms
2024-06-17 19:37:16.476 [info] Auto Sync: Triggered by Interval
2024-06-17 19:37:16.476 [info] Sync started.
2024-06-17 19:37:16.651 [info] Settings: No changes found during synchronizing settings.
2024-06-17 19:37:16.676 [info] Keybindings: No changes found during synchronizing keybindings.
2024-06-17 19:37:16.679 [info] Snippets: No changes found during synchronizing snippets.
2024-06-17 19:37:16.681 [info] Tasks: No changes found during synchronizing tasks.
2024-06-17 19:37:16.684 [info] GlobalState: No changes found during synchronizing ui state.
2024-06-17 19:37:16.734 [info] Extensions: No changes found during synchronizing extensions.
2024-06-17 19:37:16.735 [info] Profiles: No changes found during synchronizing profiles.
2024-06-17 19:37:16.736 [info] Sync done. Took 259ms
2024-06-17 19:41:43.491 [info] Auto Sync: Triggered by Activity
2024-06-17 19:41:43.491 [info] Sync started.
2024-06-17 19:41:43.686 [info] Settings: No changes found during synchronizing settings.
2024-06-17 19:41:43.690 [info] Keybindings: No changes found during synchronizing keybindings.
2024-06-17 19:41:43.693 [info] Snippets: No changes found during synchronizing snippets.
2024-06-17 19:41:43.694 [info] Tasks: No changes found during synchronizing tasks.
2024-06-17 19:41:43.696 [info] GlobalState: No changes found during synchronizing ui state.
2024-06-17 19:41:43.739 [info] Extensions: No changes found during synchronizing extensions.
2024-06-17 19:41:43.740 [info] Profiles: No changes found during synchronizing profiles.
2024-06-17 19:41:43.740 [info] Sync done. Took 249ms
2024-06-17 19:42:38.028 [info] Auto Sync: Triggered by Activity
2024-06-17 19:42:38.028 [info] Sync started.
2024-06-17 19:42:38.094 [info] Settings: No changes found during synchronizing settings.
2024-06-17 19:42:38.098 [info] Keybindings: No changes found during synchronizing keybindings.
2024-06-17 19:42:38.100 [info] Snippets: No changes found during synchronizing snippets.
2024-06-17 19:42:38.102 [info] Tasks: No changes found during synchronizing tasks.
2024-06-17 19:42:38.104 [info] GlobalState: No changes found during synchronizing ui state.
2024-06-17 19:42:38.144 [info] Extensions: No changes found during synchronizing extensions.
2024-06-17 19:42:38.147 [info] Profiles: No changes found during synchronizing profiles.
2024-06-17 19:42:38.148 [info] Sync done. Took 121ms
2024-06-17 19:43:47.571 [info] Auto Sync: Triggered by Activity
2024-06-17 19:43:47.571 [info] Sync started.
2024-06-17 19:43:47.685 [info] Settings: No changes found during synchronizing settings.
2024-06-17 19:43:47.688 [info] Keybindings: No changes found during synchronizing keybindings.
2024-06-17 19:43:47.690 [info] Snippets: No changes found during synchronizing snippets.
2024-06-17 19:43:47.691 [info] Tasks: No changes found during synchronizing tasks.
2024-06-17 19:43:47.693 [info] GlobalState: No changes found during synchronizing ui state.
2024-06-17 19:43:47.730 [info] Extensions: No changes found during synchronizing extensions.
2024-06-17 19:43:47.731 [info] Profiles: No changes found during synchronizing profiles.
2024-06-17 19:43:47.732 [info] Sync done. Took 161ms
2024-06-17 19:44:14.069 [info] Auto Sync: Triggered by Activity
2024-06-17 19:44:14.069 [info] Sync started.
2024-06-17 19:44:14.132 [info] Settings: No changes found during synchronizing settings.
2024-06-17 19:44:14.135 [info] Keybindings: No changes found during synchronizing keybindings.
2024-06-17 19:44:14.138 [info] Snippets: No changes found during synchronizing snippets.
2024-06-17 19:44:14.139 [info] Tasks: No changes found during synchronizing tasks.
2024-06-17 19:44:14.141 [info] GlobalState: No changes found during synchronizing ui state.
2024-06-17 19:44:14.182 [info] Extensions: No changes found during synchronizing extensions.
2024-06-17 19:44:14.185 [info] Profiles: No changes found during synchronizing profiles.
2024-06-17 19:44:14.186 [info] Sync done. Took 118ms
2024-06-17 19:47:20.983 [info] Auto Sync: Triggered by Activity
2024-06-17 19:47:20.983 [info] Sync started.
2024-06-17 19:47:21.128 [info] Settings: No changes found during synchronizing settings.
2024-06-17 19:47:21.132 [info] Keybindings: No changes found during synchronizing keybindings.
2024-06-17 19:47:21.135 [info] Snippets: No changes found during synchronizing snippets.
2024-06-17 19:47:21.137 [info] Tasks: No changes found during synchronizing tasks.
2024-06-17 19:47:21.139 [info] GlobalState: No changes found during synchronizing ui state.
2024-06-17 19:47:21.183 [info] Extensions: No changes found during synchronizing extensions.
2024-06-17 19:47:21.184 [info] Profiles: No changes found during synchronizing profiles.
2024-06-17 19:47:21.184 [info] Sync done. Took 202ms
2024-06-17 19:49:33.989 [info] Auto Sync: Triggered by Activity
2024-06-17 19:49:33.989 [info] Sync started.
2024-06-17 19:49:34.130 [info] Settings: No changes found during synchronizing settings.
2024-06-17 19:49:34.133 [info] Keybindings: No changes found during synchronizing keybindings.
2024-06-17 19:49:34.135 [info] Snippets: No changes found during synchronizing snippets.
2024-06-17 19:49:34.137 [info] Tasks: No changes found during synchronizing tasks.
2024-06-17 19:49:34.138 [info] GlobalState: No changes found during synchronizing ui state.
2024-06-17 19:49:34.182 [info] Extensions: No changes found during synchronizing extensions.
2024-06-17 19:49:34.183 [info] Profiles: No changes found during synchronizing profiles.
2024-06-17 19:49:34.184 [info] Sync done. Took 195ms
2024-06-17 19:52:14.424 [info] Auto Sync: Triggered by Activity
2024-06-17 19:52:14.424 [info] Sync started.
2024-06-17 19:52:14.613 [info] Settings: No changes found during synchronizing settings.
2024-06-17 19:52:14.639 [info] Keybindings: No changes found during synchronizing keybindings.
2024-06-17 19:52:14.642 [info] Snippets: No changes found during synchronizing snippets.
2024-06-17 19:52:14.643 [info] Tasks: No changes found during synchronizing tasks.
2024-06-17 19:52:14.645 [info] GlobalState: No changes found during synchronizing ui state.
2024-06-17 19:52:14.692 [info] Extensions: No changes found during synchronizing extensions.
2024-06-17 19:52:14.693 [info] Profiles: No changes found during synchronizing profiles.
2024-06-17 19:52:14.693 [info] Sync done. Took 269ms
2024-06-17 19:54:38.958 [info] Auto Sync: Triggered by Activity
2024-06-17 19:54:38.958 [info] Sync started.
2024-06-17 19:54:39.101 [info] Settings: No changes found during synchronizing settings.
2024-06-17 19:54:39.105 [info] Keybindings: No changes found during synchronizing keybindings.
2024-06-17 19:54:39.106 [info] Snippets: No changes found during synchronizing snippets.
2024-06-17 19:54:39.108 [info] Tasks: No changes found during synchronizing tasks.
2024-06-17 19:54:39.110 [info] GlobalState: No changes found during synchronizing ui state.
2024-06-17 19:54:39.154 [info] Extensions: No changes found during synchronizing extensions.
2024-06-17 19:54:39.154 [info] Profiles: No changes found during synchronizing profiles.
2024-06-17 19:54:39.155 [info] Sync done. Took 197ms
2024-06-17 19:55:49.687 [info] Auto Sync: Triggered by Activity
2024-06-17 19:55:49.687 [info] Sync started.
2024-06-17 19:55:49.732 [info] Settings: No changes found during synchronizing settings.
2024-06-17 19:55:49.736 [info] Keybindings: No changes found during synchronizing keybindings.
2024-06-17 19:55:49.738 [info] Snippets: No changes found during synchronizing snippets.
2024-06-17 19:55:49.739 [info] Tasks: No changes found during synchronizing tasks.
2024-06-17 19:55:49.741 [info] GlobalState: No changes found during synchronizing ui state.
2024-06-17 19:55:49.786 [info] Extensions: No changes found during synchronizing extensions.
2024-06-17 19:55:49.788 [info] Profiles: No changes found during synchronizing profiles.
2024-06-17 19:55:49.789 [info] Sync done. Took 102ms
2024-06-17 20:00:27.597 [info] Auto Sync: Triggered by Activity
2024-06-17 20:00:27.597 [info] Sync started.
2024-06-17 20:00:27.749 [info] Settings: No changes found during synchronizing settings.
2024-06-17 20:00:27.753 [info] Keybindings: No changes found during synchronizing keybindings.
2024-06-17 20:00:27.755 [info] Snippets: No changes found during synchronizing snippets.
2024-06-17 20:00:27.756 [info] Tasks: No changes found during synchronizing tasks.
2024-06-17 20:00:27.758 [info] GlobalState: No changes found during synchronizing ui state.
2024-06-17 20:00:27.805 [info] Extensions: No changes found during synchronizing extensions.
2024-06-17 20:00:27.806 [info] Profiles: No changes found during synchronizing profiles.
2024-06-17 20:00:27.807 [info] Sync done. Took 209ms
2024-06-17 20:01:19.620 [info] Auto Sync: Triggered by Activity
2024-06-17 20:01:19.620 [info] Sync started.
2024-06-17 20:01:19.661 [info] Settings: No changes found during synchronizing settings.
2024-06-17 20:01:19.683 [info] Keybindings: No changes found during synchronizing keybindings.
2024-06-17 20:01:19.686 [info] Snippets: No changes found during synchronizing snippets.
2024-06-17 20:01:19.687 [info] Tasks: No changes found during synchronizing tasks.
2024-06-17 20:01:19.689 [info] GlobalState: No changes found during synchronizing ui state.
2024-06-17 20:01:19.727 [info] Extensions: No changes found during synchronizing extensions.
2024-06-17 20:01:19.728 [info] Profiles: No changes found during synchronizing profiles.
2024-06-17 20:01:19.729 [info] Sync done. Took 110ms
2024-06-17 20:03:54.019 [info] Auto Sync: Triggered by Activity
2024-06-17 20:03:54.019 [info] Sync started.
2024-06-17 20:03:54.184 [info] Settings: No changes found during synchronizing settings.
2024-06-17 20:03:54.187 [info] Keybindings: No changes found during synchronizing keybindings.
2024-06-17 20:03:54.189 [info] Snippets: No changes found during synchronizing snippets.
2024-06-17 20:03:54.190 [info] Tasks: No changes found during synchronizing tasks.
2024-06-17 20:03:54.192 [info] GlobalState: No changes found during synchronizing ui state.
2024-06-17 20:03:54.233 [info] Extensions: No changes found during synchronizing extensions.
2024-06-17 20:03:54.234 [info] Profiles: No changes found during synchronizing profiles.
2024-06-17 20:03:54.235 [info] Sync done. Took 215ms
2024-06-17 20:05:52.155 [info] Auto Sync: Triggered by Activity
2024-06-17 20:05:52.155 [info] Sync started.
2024-06-17 20:05:52.195 [info] Settings: No changes found during synchronizing settings.
2024-06-17 20:05:52.198 [info] Keybindings: No changes found during synchronizing keybindings.
2024-06-17 20:05:52.199 [info] Snippets: No changes found during synchronizing snippets.
2024-06-17 20:05:52.200 [info] Tasks: No changes found during synchronizing tasks.
2024-06-17 20:05:52.202 [info] GlobalState: No changes found during synchronizing ui state.
2024-06-17 20:05:52.246 [info] Extensions: No changes found during synchronizing extensions.
2024-06-17 20:05:52.247 [info] Profiles: No changes found during synchronizing profiles.
2024-06-17 20:05:52.247 [info] Sync done. Took 92ms
2024-06-17 20:07:17.051 [info] Auto Sync: Triggered by Activity
2024-06-17 20:07:17.051 [info] Sync started.
2024-06-17 20:07:17.101 [info] Settings: No changes found during synchronizing settings.
2024-06-17 20:07:17.104 [info] Keybindings: No changes found during synchronizing keybindings.
2024-06-17 20:07:17.106 [info] Snippets: No changes found during synchronizing snippets.
2024-06-17 20:07:17.107 [info] Tasks: No changes found during synchronizing tasks.
2024-06-17 20:07:17.110 [info] GlobalState: No changes found during synchronizing ui state.
2024-06-17 20:07:17.153 [info] Extensions: No changes found during synchronizing extensions.
2024-06-17 20:07:17.153 [info] Profiles: No changes found during synchronizing profiles.
2024-06-17 20:07:17.154 [info] Sync done. Took 103ms
2024-06-17 20:08:26.860 [info] Auto Sync: Triggered by Activity
2024-06-17 20:08:26.860 [info] Sync started.
2024-06-17 20:08:26.920 [info] Settings: No changes found during synchronizing settings.
2024-06-17 20:08:26.923 [info] Keybindings: No changes found during synchronizing keybindings.
2024-06-17 20:08:26.925 [info] Snippets: No changes found during synchronizing snippets.
2024-06-17 20:08:26.926 [info] Tasks: No changes found during synchronizing tasks.
2024-06-17 20:08:26.928 [info] GlobalState: No changes found during synchronizing ui state.
2024-06-17 20:08:26.965 [info] Extensions: No changes found during synchronizing extensions.
2024-06-17 20:08:26.966 [info] Profiles: No changes found during synchronizing profiles.
2024-06-17 20:08:26.966 [info] Sync done. Took 106ms
2024-06-17 20:13:26.968 [info] Auto Sync: Triggered by Interval
2024-06-17 20:13:26.968 [info] Sync started.
2024-06-17 20:13:27.112 [info] Settings: No changes found during synchronizing settings.
2024-06-17 20:13:27.117 [info] Keybindings: No changes found during synchronizing keybindings.
2024-06-17 20:13:27.120 [info] Snippets: No changes found during synchronizing snippets.
2024-06-17 20:13:27.122 [info] Tasks: No changes found during synchronizing tasks.
2024-06-17 20:13:27.125 [info] GlobalState: No changes found during synchronizing ui state.
2024-06-17 20:13:27.171 [info] Extensions: No changes found during synchronizing extensions.
2024-06-17 20:13:27.171 [info] Profiles: No changes found during synchronizing profiles.
2024-06-17 20:13:27.172 [info] Sync done. Took 204ms
2024-06-17 20:18:27.173 [info] Auto Sync: Triggered by Interval
2024-06-17 20:18:27.174 [info] Sync started.
2024-06-17 20:18:27.316 [info] Settings: No changes found during synchronizing settings.
2024-06-17 20:18:27.320 [info] Keybindings: No changes found during synchronizing keybindings.
2024-06-17 20:18:27.322 [info] Snippets: No changes found during synchronizing snippets.
2024-06-17 20:18:27.324 [info] Tasks: No changes found during synchronizing tasks.
2024-06-17 20:18:27.326 [info] GlobalState: No changes found during synchronizing ui state.
2024-06-17 20:18:27.369 [info] Extensions: No changes found during synchronizing extensions.
2024-06-17 20:18:27.370 [info] Profiles: No changes found during synchronizing profiles.
2024-06-17 20:18:27.370 [info] Sync done. Took 197ms
2024-06-17 20:20:45.666 [info] Auto Sync: Triggered by Activity
2024-06-17 20:20:45.666 [info] Sync started.
2024-06-17 20:20:45.817 [info] Settings: No changes found during synchronizing settings.
2024-06-17 20:20:45.821 [info] Keybindings: No changes found during synchronizing keybindings.
2024-06-17 20:20:45.823 [info] Snippets: No changes found during synchronizing snippets.
2024-06-17 20:20:45.824 [info] Tasks: No changes found during synchronizing tasks.
2024-06-17 20:20:45.827 [info] GlobalState: No changes found during synchronizing ui state.
2024-06-17 20:20:45.874 [info] Extensions: No changes found during synchronizing extensions.
2024-06-17 20:20:45.875 [info] Profiles: No changes found during synchronizing profiles.
2024-06-17 20:20:45.875 [info] Sync done. Took 210ms
2024-06-17 20:22:01.699 [info] Auto Sync: Triggered by Activity
2024-06-17 20:22:01.700 [info] Sync started.
2024-06-17 20:22:01.745 [info] Settings: No changes found during synchronizing settings.
2024-06-17 20:22:01.750 [info] Keybindings: No changes found during synchronizing keybindings.
2024-06-17 20:22:01.752 [info] Snippets: No changes found during synchronizing snippets.
2024-06-17 20:22:01.753 [info] Tasks: No changes found during synchronizing tasks.
2024-06-17 20:22:01.755 [info] GlobalState: No changes found during synchronizing ui state.
2024-06-17 20:22:01.795 [info] Extensions: No changes found during synchronizing extensions.
2024-06-17 20:22:01.796 [info] Profiles: No changes found during synchronizing profiles.
2024-06-17 20:22:01.797 [info] Sync done. Took 97ms
2024-06-17 20:27:01.820 [info] Auto Sync: Triggered by Interval
2024-06-17 20:27:01.820 [info] Sync started.
2024-06-17 20:27:01.982 [info] Settings: No changes found during synchronizing settings.
2024-06-17 20:27:01.987 [info] Keybindings: No changes found during synchronizing keybindings.
2024-06-17 20:27:01.990 [info] Snippets: No changes found during synchronizing snippets.
2024-06-17 20:27:01.991 [info] Tasks: No changes found during synchronizing tasks.
2024-06-17 20:27:01.993 [info] GlobalState: No changes found during synchronizing ui state.
2024-06-17 20:27:02.036 [info] Extensions: No changes found during synchronizing extensions.
2024-06-17 20:27:02.037 [info] Profiles: No changes found during synchronizing profiles.
2024-06-17 20:27:02.037 [info] Sync done. Took 218ms
2024-06-17 20:28:05.003 [info] Auto Sync: Triggered by Activity
2024-06-17 20:28:05.003 [info] Sync started.
2024-06-17 20:28:05.061 [info] Settings: No changes found during synchronizing settings.
2024-06-17 20:28:05.065 [info] Keybindings: No changes found during synchronizing keybindings.
2024-06-17 20:28:05.067 [info] Snippets: No changes found during synchronizing snippets.
2024-06-17 20:28:05.068 [info] Tasks: No changes found during synchronizing tasks.
2024-06-17 20:28:05.070 [info] GlobalState: No changes found during synchronizing ui state.
2024-06-17 20:28:05.102 [info] Extensions: No changes found during synchronizing extensions.
2024-06-17 20:28:05.103 [info] Profiles: No changes found during synchronizing profiles.
2024-06-17 20:28:05.104 [info] Sync done. Took 101ms
2024-06-17 20:33:05.112 [info] Auto Sync: Triggered by Interval
2024-06-17 20:33:05.112 [info] Sync started.
2024-06-17 20:33:05.295 [info] Settings: No changes found during synchronizing settings.
2024-06-17 20:33:05.299 [info] Keybindings: No changes found during synchronizing keybindings.
2024-06-17 20:33:05.301 [info] Snippets: No changes found during synchronizing snippets.
2024-06-17 20:33:05.302 [info] Tasks: No changes found during synchronizing tasks.
2024-06-17 20:33:05.303 [info] GlobalState: No changes found during synchronizing ui state.
2024-06-17 20:33:05.349 [info] Extensions: No changes found during synchronizing extensions.
2024-06-17 20:33:05.350 [info] Profiles: No changes found during synchronizing profiles.
2024-06-17 20:33:05.351 [info] Sync done. Took 239ms
2024-06-17 20:33:22.736 [info] Auto Sync: Triggered by Activity
2024-06-17 20:33:22.736 [info] Sync started.
2024-06-17 20:33:22.781 [info] Settings: No changes found during synchronizing settings.
2024-06-17 20:33:22.786 [info] Keybindings: No changes found during synchronizing keybindings.
2024-06-17 20:33:22.787 [info] Snippets: No changes found during synchronizing snippets.
2024-06-17 20:33:22.788 [info] Tasks: No changes found during synchronizing tasks.
2024-06-17 20:33:22.790 [info] GlobalState: No changes found during synchronizing ui state.
2024-06-17 20:33:22.835 [info] Extensions: No changes found during synchronizing extensions.
2024-06-17 20:33:22.836 [info] Profiles: No changes found during synchronizing profiles.
2024-06-17 20:33:22.836 [info] Sync done. Took 100ms
2024-06-17 20:38:22.839 [info] Auto Sync: Triggered by Interval
2024-06-17 20:38:22.839 [info] Sync started.
2024-06-17 20:38:22.984 [info] Settings: No changes found during synchronizing settings.
2024-06-17 20:38:22.989 [info] Keybindings: No changes found during synchronizing keybindings.
2024-06-17 20:38:22.992 [info] Snippets: No changes found during synchronizing snippets.
2024-06-17 20:38:22.995 [info] Tasks: No changes found during synchronizing tasks.
2024-06-17 20:38:22.997 [info] GlobalState: No changes found during synchronizing ui state.
2024-06-17 20:38:23.044 [info] Extensions: No changes found during synchronizing extensions.
2024-06-17 20:38:23.045 [info] Profiles: No changes found during synchronizing profiles.
2024-06-17 20:38:23.046 [info] Sync done. Took 207ms
2024-06-17 20:38:39.373 [info] Auto Sync: Triggered by Activity
2024-06-17 20:38:39.373 [info] Sync started.
2024-06-17 20:38:39.417 [info] Settings: No changes found during synchronizing settings.
2024-06-17 20:38:39.420 [info] Keybindings: No changes found during synchronizing keybindings.
2024-06-17 20:38:39.421 [info] Snippets: No changes found during synchronizing snippets.
2024-06-17 20:38:39.422 [info] Tasks: No changes found during synchronizing tasks.
2024-06-17 20:38:39.424 [info] GlobalState: No changes found during synchronizing ui state.
2024-06-17 20:38:39.463 [info] Extensions: No changes found during synchronizing extensions.
2024-06-17 20:38:39.464 [info] Profiles: No changes found during synchronizing profiles.
2024-06-17 20:38:39.464 [info] Sync done. Took 91ms
2024-06-17 20:43:39.475 [info] Auto Sync: Triggered by Interval
2024-06-17 20:43:39.475 [info] Sync started.
2024-06-17 20:43:39.618 [info] Settings: No changes found during synchronizing settings.
2024-06-17 20:43:39.623 [info] Keybindings: No changes found during synchronizing keybindings.
2024-06-17 20:43:39.625 [info] Snippets: No changes found during synchronizing snippets.
2024-06-17 20:43:39.627 [info] Tasks: No changes found during synchronizing tasks.
2024-06-17 20:43:39.629 [info] GlobalState: No changes found during synchronizing ui state.
2024-06-17 20:43:39.676 [info] Extensions: No changes found during synchronizing extensions.
2024-06-17 20:43:39.677 [info] Profiles: No changes found during synchronizing profiles.
2024-06-17 20:43:39.677 [info] Sync done. Took 202ms
2024-06-17 20:43:52.176 [info] Auto Sync: Triggered by Activity
2024-06-17 20:43:52.176 [info] Sync started.
2024-06-17 20:43:52.218 [info] Settings: No changes found during synchronizing settings.
2024-06-17 20:43:52.221 [info] Keybindings: No changes found during synchronizing keybindings.
2024-06-17 20:43:52.223 [info] Snippets: No changes found during synchronizing snippets.
2024-06-17 20:43:52.224 [info] Tasks: No changes found during synchronizing tasks.
2024-06-17 20:43:52.226 [info] GlobalState: No changes found during synchronizing ui state.
2024-06-17 20:43:52.267 [info] Extensions: No changes found during synchronizing extensions.
2024-06-17 20:43:52.269 [info] Profiles: No changes found during synchronizing profiles.
2024-06-17 20:43:52.269 [info] Sync done. Took 94ms
2024-06-17 20:44:17.862 [info] Auto Sync: Triggered by Activity
2024-06-17 20:44:17.862 [info] Sync started.
2024-06-17 20:44:18.313 [info] Settings: Updated remote settings
2024-06-17 20:44:18.319 [info] Settings: Updated last synchronized settings
2024-06-17 20:44:18.323 [info] Keybindings: No changes found during synchronizing keybindings.
2024-06-17 20:44:18.325 [info] Snippets: No changes found during synchronizing snippets.
2024-06-17 20:44:18.326 [info] Tasks: No changes found during synchronizing tasks.
2024-06-17 20:44:18.327 [info] GlobalState: No changes found during synchronizing ui state.
2024-06-17 20:44:18.366 [info] Extensions: No changes found during synchronizing extensions.
2024-06-17 20:44:18.367 [info] Profiles: No changes found during synchronizing profiles.
2024-06-17 20:44:18.368 [info] Sync done. Took 505ms
2024-06-17 20:44:27.647 [info] Auto Sync: Triggered by Activity
2024-06-17 20:44:27.647 [info] Sync started.
2024-06-17 20:44:28.021 [info] Settings: Updated remote settings
2024-06-17 20:44:28.027 [info] Settings: Updated last synchronized settings
2024-06-17 20:44:28.031 [info] Keybindings: No changes found during synchronizing keybindings.
2024-06-17 20:44:28.032 [info] Snippets: No changes found during synchronizing snippets.
2024-06-17 20:44:28.034 [info] Tasks: No changes found during synchronizing tasks.
2024-06-17 20:44:28.035 [info] GlobalState: No changes found during synchronizing ui state.
2024-06-17 20:44:28.075 [info] Extensions: No changes found during synchronizing extensions.
2024-06-17 20:44:28.076 [info] Profiles: No changes found during synchronizing profiles.
2024-06-17 20:44:28.077 [info] Sync done. Took 430ms
2024-06-17 20:47:47.641 [info] Auto Sync: Triggered by Activity
2024-06-17 20:47:47.642 [info] Sync started.
2024-06-17 20:47:47.805 [info] Settings: No changes found during synchronizing settings.
2024-06-17 20:47:47.809 [info] Keybindings: No changes found during synchronizing keybindings.
2024-06-17 20:47:47.811 [info] Snippets: No changes found during synchronizing snippets.
2024-06-17 20:47:47.813 [info] Tasks: No changes found during synchronizing tasks.
2024-06-17 20:47:47.814 [info] GlobalState: No changes found during synchronizing ui state.
2024-06-17 20:47:47.852 [info] Extensions: No changes found during synchronizing extensions.
2024-06-17 20:47:47.853 [info] Profiles: No changes found during synchronizing profiles.
2024-06-17 20:47:47.854 [info] Sync done. Took 213ms
2024-06-17 20:48:03.555 [info] Auto Sync: Triggered by Activity
2024-06-17 20:48:03.555 [info] Sync started.
2024-06-17 20:48:03.596 [info] Settings: No changes found during synchronizing settings.
2024-06-17 20:48:03.599 [info] Keybindings: No changes found during synchronizing keybindings.
2024-06-17 20:48:03.601 [info] Snippets: No changes found during synchronizing snippets.
2024-06-17 20:48:03.602 [info] Tasks: No changes found during synchronizing tasks.
2024-06-17 20:48:03.604 [info] GlobalState: No changes found during synchronizing ui state.
2024-06-17 20:48:03.640 [info] Extensions: No changes found during synchronizing extensions.
2024-06-17 20:48:03.642 [info] Profiles: No changes found during synchronizing profiles.
2024-06-17 20:48:03.643 [info] Sync done. Took 89ms
2024-06-17 20:48:34.316 [info] Auto Sync: Triggered by Activity
2024-06-17 20:48:34.317 [info] Sync started.
2024-06-17 20:48:34.365 [info] Settings: No changes found during synchronizing settings.
2024-06-17 20:48:34.370 [info] Keybindings: No changes found during synchronizing keybindings.
2024-06-17 20:48:34.372 [info] Snippets: No changes found during synchronizing snippets.
2024-06-17 20:48:34.374 [info] Tasks: No changes found during synchronizing tasks.
2024-06-17 20:48:34.376 [info] GlobalState: No changes found during synchronizing ui state.
2024-06-17 20:48:34.414 [info] Extensions: No changes found during synchronizing extensions.
2024-06-17 20:48:34.415 [info] Profiles: No changes found during synchronizing profiles.
2024-06-17 20:48:34.415 [info] Sync done. Took 99ms
2024-06-17 20:49:01.364 [info] Auto Sync: Triggered by Activity
2024-06-17 20:49:01.364 [info] Sync started.
2024-06-17 20:49:01.413 [info] Settings: No changes found during synchronizing settings.
2024-06-17 20:49:01.417 [info] Keybindings: No changes found during synchronizing keybindings.
2024-06-17 20:49:01.419 [info] Snippets: No changes found during synchronizing snippets.
2024-06-17 20:49:01.420 [info] Tasks: No changes found during synchronizing tasks.
2024-06-17 20:49:01.422 [info] GlobalState: No changes found during synchronizing ui state.
2024-06-17 20:49:01.462 [info] Extensions: No changes found during synchronizing extensions.
2024-06-17 20:49:01.463 [info] Profiles: No changes found during synchronizing profiles.
2024-06-17 20:49:01.464 [info] Sync done. Took 100ms
2024-06-17 20:49:46.539 [info] Auto Sync: Triggered by Activity
2024-06-17 20:49:46.539 [info] Sync started.
2024-06-17 20:49:47.023 [info] Settings: Updated remote settings
2024-06-17 20:49:47.028 [info] Settings: Updated last synchronized settings
2024-06-17 20:49:47.032 [info] Keybindings: No changes found during synchronizing keybindings.
2024-06-17 20:49:47.034 [info] Snippets: No changes found during synchronizing snippets.
2024-06-17 20:49:47.035 [info] Tasks: No changes found during synchronizing tasks.
2024-06-17 20:49:47.037 [info] GlobalState: No changes found during synchronizing ui state.
2024-06-17 20:49:47.075 [info] Extensions: No changes found during synchronizing extensions.
2024-06-17 20:49:47.076 [info] Profiles: No changes found during synchronizing profiles.
2024-06-17 20:49:47.077 [info] Sync done. Took 538ms
2024-06-17 20:49:48.873 [info] Auto Sync: Triggered by Activity
2024-06-17 20:49:48.873 [info] Sync started.
2024-06-17 20:49:48.926 [info] Settings: No changes found during synchronizing settings.
2024-06-17 20:49:48.930 [info] Keybindings: No changes found during synchronizing keybindings.
2024-06-17 20:49:48.931 [info] Snippets: No changes found during synchronizing snippets.
2024-06-17 20:49:48.933 [info] Tasks: No changes found during synchronizing tasks.
2024-06-17 20:49:48.934 [info] GlobalState: No changes found during synchronizing ui state.
2024-06-17 20:49:48.970 [info] Extensions: No changes found during synchronizing extensions.
2024-06-17 20:49:48.971 [info] Profiles: No changes found during synchronizing profiles.
2024-06-17 20:49:48.971 [info] Sync done. Took 98ms
2024-06-17 20:50:24.719 [info] Auto Sync: Triggered by Activity
2024-06-17 20:50:24.719 [info] Sync started.
2024-06-17 20:50:24.761 [info] Settings: No changes found during synchronizing settings.
2024-06-17 20:50:24.764 [info] Keybindings: No changes found during synchronizing keybindings.
2024-06-17 20:50:24.766 [info] Snippets: No changes found during synchronizing snippets.
2024-06-17 20:50:24.768 [info] Tasks: No changes found during synchronizing tasks.
2024-06-17 20:50:24.769 [info] GlobalState: No changes found during synchronizing ui state.
2024-06-17 20:50:24.808 [info] Extensions: No changes found during synchronizing extensions.
2024-06-17 20:50:24.810 [info] Profiles: No changes found during synchronizing profiles.
2024-06-17 20:50:24.811 [info] Sync done. Took 92ms
2024-06-17 20:55:24.867 [info] Auto Sync: Triggered by Interval
2024-06-17 20:55:24.867 [info] Sync started.
2024-06-17 20:55:25.031 [info] Settings: No changes found during synchronizing settings.
2024-06-17 20:55:25.035 [info] Keybindings: No changes found during synchronizing keybindings.
2024-06-17 20:55:25.037 [info] Snippets: No changes found during synchronizing snippets.
2024-06-17 20:55:25.039 [info] Tasks: No changes found during synchronizing tasks.
2024-06-17 20:55:25.041 [info] GlobalState: No changes found during synchronizing ui state.
2024-06-17 20:55:25.083 [info] Extensions: No changes found during synchronizing extensions.
2024-06-17 20:55:25.085 [info] Profiles: No changes found during synchronizing profiles.
2024-06-17 20:55:25.086 [info] Sync done. Took 220ms
2024-06-17 20:56:10.814 [info] Auto Sync: Triggered by Activity
2024-06-17 20:56:10.814 [info] Sync started.
2024-06-17 20:56:10.858 [info] Settings: No changes found during synchronizing settings.
2024-06-17 20:56:10.879 [info] Keybindings: No changes found during synchronizing keybindings.
2024-06-17 20:56:10.883 [info] Snippets: No changes found during synchronizing snippets.
2024-06-17 20:56:10.885 [info] Tasks: No changes found during synchronizing tasks.
2024-06-17 20:56:10.887 [info] GlobalState: No changes found during synchronizing ui state.
2024-06-17 20:56:10.925 [info] Extensions: No changes found during synchronizing extensions.
2024-06-17 20:56:10.925 [info] Profiles: No changes found during synchronizing profiles.
2024-06-17 20:56:10.926 [info] Sync done. Took 113ms
2024-06-17 21:01:10.957 [info] Auto Sync: Triggered by Interval
2024-06-17 21:01:10.957 [info] Sync started.
2024-06-17 21:01:11.095 [info] Settings: No changes found during synchronizing settings.
2024-06-17 21:01:11.100 [info] Keybindings: No changes found during synchronizing keybindings.
2024-06-17 21:01:11.102 [info] Snippets: No changes found during synchronizing snippets.
2024-06-17 21:01:11.104 [info] Tasks: No changes found during synchronizing tasks.
2024-06-17 21:01:11.106 [info] GlobalState: No changes found during synchronizing ui state.
2024-06-17 21:01:11.152 [info] Extensions: No changes found during synchronizing extensions.
2024-06-17 21:01:11.155 [info] Profiles: No changes found during synchronizing profiles.
2024-06-17 21:01:11.156 [info] Sync done. Took 199ms
2024-06-17 21:06:11.182 [info] Auto Sync: Triggered by Interval
2024-06-17 21:06:11.183 [info] Sync started.
2024-06-17 21:06:11.354 [info] Settings: No changes found during synchronizing settings.
2024-06-17 21:06:11.380 [info] Keybindings: No changes found during synchronizing keybindings.
2024-06-17 21:06:11.382 [info] Snippets: No changes found during synchronizing snippets.
2024-06-17 21:06:11.383 [info] Tasks: No changes found during synchronizing tasks.
2024-06-17 21:06:11.385 [info] GlobalState: No changes found during synchronizing ui state.
2024-06-17 21:06:11.430 [info] Extensions: No changes found during synchronizing extensions.
2024-06-17 21:06:11.431 [info] Profiles: No changes found during synchronizing profiles.
2024-06-17 21:06:11.432 [info] Sync done. Took 250ms
2024-06-17 21:10:28.372 [info] Auto Sync: Triggered by Activity
2024-06-17 21:10:28.372 [info] Sync started.
2024-06-17 21:10:28.529 [info] Settings: No changes found during synchronizing settings.
2024-06-17 21:10:28.532 [info] Keybindings: No changes found during synchronizing keybindings.
2024-06-17 21:10:28.535 [info] Snippets: No changes found during synchronizing snippets.
2024-06-17 21:10:28.536 [info] Tasks: No changes found during synchronizing tasks.
2024-06-17 21:10:28.538 [info] GlobalState: No changes found during synchronizing ui state.
2024-06-17 21:10:28.579 [info] Extensions: No changes found during synchronizing extensions.
2024-06-17 21:10:28.579 [info] Profiles: No changes found during synchronizing profiles.
2024-06-17 21:10:28.588 [info] Sync done. Took 209ms
2024-06-17 21:10:44.005 [info] Auto Sync: Triggered by Activity
2024-06-17 21:10:44.005 [info] Sync started.
2024-06-17 21:10:44.057 [info] Settings: No changes found during synchronizing settings.
2024-06-17 21:10:44.428 [info] Keybindings: Updated remote keybindings
2024-06-17 21:10:44.434 [info] Keybindings: Updated last synchronized keybindings
2024-06-17 21:10:44.436 [info] Snippets: No changes found during synchronizing snippets.
2024-06-17 21:10:44.437 [info] Tasks: No changes found during synchronizing tasks.
2024-06-17 21:10:44.439 [info] GlobalState: No changes found during synchronizing ui state.
2024-06-17 21:10:44.484 [info] Extensions: No changes found during synchronizing extensions.
2024-06-17 21:10:44.485 [info] Profiles: No changes found during synchronizing profiles.
2024-06-17 21:10:44.486 [info] Sync done. Took 481ms
2024-06-17 21:12:27.438 [info] Auto Sync: Triggered by Activity
2024-06-17 21:12:27.438 [info] Sync started.
2024-06-17 21:12:27.481 [info] Settings: No changes found during synchronizing settings.
2024-06-17 21:12:27.485 [info] Keybindings: No changes found during synchronizing keybindings.
2024-06-17 21:12:27.487 [info] Snippets: No changes found during synchronizing snippets.
2024-06-17 21:12:27.488 [info] Tasks: No changes found during synchronizing tasks.
2024-06-17 21:12:27.490 [info] GlobalState: No changes found during synchronizing ui state.
2024-06-17 21:12:27.550 [info] Extensions: No changes found during synchronizing extensions.
2024-06-17 21:12:27.551 [info] Profiles: No changes found during synchronizing profiles.
2024-06-17 21:12:27.551 [info] Sync done. Took 114ms
2024-06-17 21:12:43.543 [info] Auto Sync: Triggered by Activity
2024-06-17 21:12:43.543 [info] Sync started.
2024-06-17 21:12:43.582 [error] LocalInvalidContent (UserDataSyncError) syncResource:settings operationId:unknown: Unable to sync settings as there are errors/warning in settings file.
    at E.Qb (/usr/share/code/resources/app/out/vs/code/node/sharedProcess/sharedProcessMain.js:113:57612)
    at E.qb (/usr/share/code/resources/app/out/vs/code/node/sharedProcess/sharedProcessMain.js:113:53458)
    at async E.eb (/usr/share/code/resources/app/out/vs/code/node/sharedProcess/sharedProcessMain.js:113:16999)
2024-06-17 21:12:43.582 [error] settings: Unable to sync settings as there are errors/warning in settings file.
2024-06-17 21:12:43.585 [info] Keybindings: No changes found during synchronizing keybindings.
2024-06-17 21:12:43.587 [info] Snippets: No changes found during synchronizing snippets.
2024-06-17 21:12:43.588 [info] Tasks: No changes found during synchronizing tasks.
2024-06-17 21:12:43.590 [info] GlobalState: No changes found during synchronizing ui state.
2024-06-17 21:12:43.631 [info] Extensions: No changes found during synchronizing extensions.
2024-06-17 21:12:43.631 [info] Profiles: No changes found during synchronizing profiles.
2024-06-17 21:12:43.632 [info] Sync done. Took 89ms
2024-06-17 21:12:51.634 [info] Auto Sync: Triggered by Activity
2024-06-17 21:12:51.634 [info] Sync started.
2024-06-17 21:12:52.096 [info] Settings: Updated remote settings
2024-06-17 21:12:52.102 [info] Settings: Updated last synchronized settings
2024-06-17 21:12:52.105 [info] Keybindings: No changes found during synchronizing keybindings.
2024-06-17 21:12:52.106 [info] Snippets: No changes found during synchronizing snippets.
2024-06-17 21:12:52.107 [info] Tasks: No changes found during synchronizing tasks.
2024-06-17 21:12:52.109 [info] GlobalState: No changes found during synchronizing ui state.
2024-06-17 21:12:52.145 [info] Extensions: No changes found during synchronizing extensions.
2024-06-17 21:12:52.146 [info] Profiles: No changes found during synchronizing profiles.
2024-06-17 21:12:52.147 [info] Sync done. Took 512ms
2024-06-17 21:13:31.362 [info] Auto Sync: Triggered by Activity
2024-06-17 21:13:31.362 [info] Sync started.
2024-06-17 21:13:31.402 [info] Settings: No changes found during synchronizing settings.
2024-06-17 21:13:31.405 [info] Keybindings: No changes found during synchronizing keybindings.
2024-06-17 21:13:31.408 [info] Snippets: No changes found during synchronizing snippets.
2024-06-17 21:13:31.410 [info] Tasks: No changes found during synchronizing tasks.
2024-06-17 21:13:31.412 [info] GlobalState: No changes found during synchronizing ui state.
2024-06-17 21:13:31.457 [info] Extensions: No changes found during synchronizing extensions.
2024-06-17 21:13:31.458 [info] Profiles: No changes found during synchronizing profiles.
2024-06-17 21:13:31.458 [info] Sync done. Took 97ms
2024-06-17 21:14:04.211 [info] Auto Sync: Triggered by Activity
2024-06-17 21:14:04.211 [info] Sync started.
2024-06-17 21:14:04.254 [info] Settings: No changes found during synchronizing settings.
2024-06-17 21:14:04.258 [info] Keybindings: No changes found during synchronizing keybindings.
2024-06-17 21:14:04.260 [info] Snippets: No changes found during synchronizing snippets.
2024-06-17 21:14:04.262 [info] Tasks: No changes found during synchronizing tasks.
2024-06-17 21:14:04.264 [info] GlobalState: No changes found during synchronizing ui state.
2024-06-17 21:14:04.300 [info] Extensions: No changes found during synchronizing extensions.
2024-06-17 21:14:04.301 [info] Profiles: No changes found during synchronizing profiles.
2024-06-17 21:14:04.302 [info] Sync done. Took 91ms
2024-06-17 21:15:30.516 [info] Auto Sync: Triggered by Activity
2024-06-17 21:15:30.516 [info] Sync started.
2024-06-17 21:15:30.586 [info] Settings: No changes found during synchronizing settings.
2024-06-17 21:15:30.977 [info] Keybindings: Updated remote keybindings
2024-06-17 21:15:30.982 [info] Keybindings: Updated last synchronized keybindings
2024-06-17 21:15:30.985 [info] Snippets: No changes found during synchronizing snippets.
2024-06-17 21:15:30.986 [info] Tasks: No changes found during synchronizing tasks.
2024-06-17 21:15:30.987 [info] GlobalState: No changes found during synchronizing ui state.
2024-06-17 21:15:31.029 [info] Extensions: No changes found during synchronizing extensions.
2024-06-17 21:15:31.030 [info] Profiles: No changes found during synchronizing profiles.
2024-06-17 21:15:31.031 [info] Sync done. Took 516ms
2024-06-17 21:15:54.811 [info] Auto Sync: Triggered by Activity
2024-06-17 21:15:54.811 [info] Sync started.
2024-06-17 21:15:54.852 [info] Settings: No changes found during synchronizing settings.
2024-06-17 21:15:54.855 [info] Keybindings: No changes found during synchronizing keybindings.
2024-06-17 21:15:54.857 [info] Snippets: No changes found during synchronizing snippets.
2024-06-17 21:15:54.858 [info] Tasks: No changes found during synchronizing tasks.
2024-06-17 21:15:54.860 [info] GlobalState: No changes found during synchronizing ui state.
2024-06-17 21:15:54.906 [info] Extensions: No changes found during synchronizing extensions.
2024-06-17 21:15:54.907 [info] Profiles: No changes found during synchronizing profiles.
2024-06-17 21:15:54.908 [info] Sync done. Took 97ms
2024-06-17 21:16:27.840 [info] Auto Sync: Triggered by Activity
2024-06-17 21:16:27.840 [info] Sync started.
2024-06-17 21:16:27.885 [info] Settings: No changes found during synchronizing settings.
2024-06-17 21:16:27.888 [info] Keybindings: No changes found during synchronizing keybindings.
2024-06-17 21:16:27.890 [info] Snippets: No changes found during synchronizing snippets.
2024-06-17 21:16:27.891 [info] Tasks: No changes found during synchronizing tasks.
2024-06-17 21:16:27.893 [info] GlobalState: No changes found during synchronizing ui state.
2024-06-17 21:16:27.929 [info] Extensions: No changes found during synchronizing extensions.
2024-06-17 21:16:27.931 [info] Profiles: No changes found during synchronizing profiles.
2024-06-17 21:16:27.932 [info] Sync done. Took 91ms
2024-06-17 21:16:49.554 [info] Auto Sync: Triggered by Activity
2024-06-17 21:16:49.555 [info] Sync started.
2024-06-17 21:16:49.598 [info] Settings: No changes found during synchronizing settings.
2024-06-17 21:16:49.602 [info] Keybindings: No changes found during synchronizing keybindings.
2024-06-17 21:16:49.604 [info] Snippets: No changes found during synchronizing snippets.
2024-06-17 21:16:49.605 [info] Tasks: No changes found during synchronizing tasks.
2024-06-17 21:16:49.607 [info] GlobalState: No changes found during synchronizing ui state.
2024-06-17 21:16:49.644 [info] Extensions: No changes found during synchronizing extensions.
2024-06-17 21:16:49.644 [info] Profiles: No changes found during synchronizing profiles.
2024-06-17 21:16:49.645 [info] Sync done. Took 91ms
2024-06-17 21:17:32.254 [info] Auto Sync: Triggered by Activity
2024-06-17 21:17:32.254 [info] Sync started.
2024-06-17 21:17:32.325 [info] Settings: No changes found during synchronizing settings.
2024-06-17 21:17:32.330 [info] Keybindings: No changes found during synchronizing keybindings.
2024-06-17 21:17:32.332 [info] Snippets: No changes found during synchronizing snippets.
2024-06-17 21:17:32.334 [info] Tasks: No changes found during synchronizing tasks.
2024-06-17 21:17:32.335 [info] GlobalState: No changes found during synchronizing ui state.
2024-06-17 21:17:32.374 [info] Extensions: No changes found during synchronizing extensions.
2024-06-17 21:17:32.374 [info] Profiles: No changes found during synchronizing profiles.
2024-06-17 21:17:32.375 [info] Sync done. Took 121ms
2024-06-17 21:17:41.824 [info] Auto Sync: Triggered by Activity
2024-06-17 21:17:41.824 [info] Sync started.
2024-06-17 21:17:41.870 [info] Settings: No changes found during synchronizing settings.
2024-06-17 21:17:42.333 [info] Keybindings: Updated remote keybindings
2024-06-17 21:17:42.339 [info] Keybindings: Updated last synchronized keybindings
2024-06-17 21:17:42.341 [info] Snippets: No changes found during synchronizing snippets.
2024-06-17 21:17:42.343 [info] Tasks: No changes found during synchronizing tasks.
2024-06-17 21:17:42.344 [info] GlobalState: No changes found during synchronizing ui state.
2024-06-17 21:17:42.381 [info] Extensions: No changes found during synchronizing extensions.
2024-06-17 21:17:42.381 [info] Profiles: No changes found during synchronizing profiles.
2024-06-17 21:17:42.382 [info] Sync done. Took 559ms
