2024-06-21 08:47:51.499 [info] Log level: Info
2024-06-21 08:47:51.499 [info] Validating found git in: "git"
2024-06-21 08:47:51.499 [info] Using git "2.43.0" from "git"
2024-06-21 08:47:51.499 [info] > git rev-parse --show-toplevel [1ms]
2024-06-21 08:47:51.499 [info] > git rev-parse --git-dir --git-common-dir [0ms]
2024-06-21 08:47:51.499 [info] Open repository: /home/albertofots/Vault/dev/learn_vim
2024-06-21 08:47:51.499 [info] > git rev-parse --show-toplevel [21ms]
2024-06-21 08:47:51.499 [info] > git config --get commit.template [24ms]
2024-06-21 08:47:51.499 [info] No remotes found in the git config file.
2024-06-21 08:47:51.499 [info] > git for-each-ref --format=%(refname)%00%(upstream:short)%00%(objectname)%00%(upstream:track)%00%(upstream:remotename)%00%(upstream:remoteref) refs/heads/master refs/remotes/master [4ms]
2024-06-21 08:47:51.499 [info] > git status -z -uall [9ms]
2024-06-21 08:47:51.503 [info] > git config --get commit.template [1ms]
2024-06-21 08:47:51.507 [info] No remotes found in the git config file.
2024-06-21 08:47:51.512 [info] > git for-each-ref --format=%(refname)%00%(upstream:short)%00%(objectname)%00%(upstream:track)%00%(upstream:remotename)%00%(upstream:remoteref) refs/heads/master refs/remotes/master [5ms]
2024-06-21 08:47:51.516 [info] > git status -z -uall [1ms]
2024-06-21 08:47:51.980 [info] > git check-ignore -v -z --stdin [4ms]
2024-06-21 08:47:53.355 [info] No remotes found in the git config file.
2024-06-21 08:47:53.355 [info] > git config --get commit.template [3ms]
2024-06-21 08:47:53.355 [info] > git for-each-ref --format=%(refname)%00%(upstream:short)%00%(objectname)%00%(upstream:track)%00%(upstream:remotename)%00%(upstream:remoteref) refs/heads/master refs/remotes/master [0ms]
2024-06-21 08:47:53.359 [info] > git status -z -uall [1ms]
