2024-06-21 09:04:46.754 [info] Log level: Info
2024-06-21 09:04:46.754 [info] Validating found git in: "git"
2024-06-21 09:04:46.754 [info] Using git "2.43.0" from "git"
2024-06-21 09:04:46.754 [info] > git rev-parse --show-toplevel [1ms]
2024-06-21 09:04:46.754 [info] > git rev-parse --git-dir --git-common-dir [5ms]
2024-06-21 09:04:46.754 [info] Open repository: /home/albertofots/Vault/dev/learn_vim
2024-06-21 09:04:46.764 [info] > git rev-parse --show-toplevel [5ms]
2024-06-21 09:04:46.765 [info] > git config --get commit.template [9ms]
2024-06-21 09:04:46.771 [info] No remotes found in the git config file.
2024-06-21 09:04:46.771 [info] > git for-each-ref --format=%(refname)%00%(upstream:short)%00%(objectname)%00%(upstream:track)%00%(upstream:remotename)%00%(upstream:remoteref) refs/heads/master refs/remotes/master [1ms]
2024-06-21 09:04:46.788 [info] > git status -z -uall [14ms]
2024-06-21 09:04:46.805 [info] > git config --get commit.template [2ms]
2024-06-21 09:04:46.805 [info] No remotes found in the git config file.
2024-06-21 09:04:46.811 [info] > git for-each-ref --format=%(refname)%00%(upstream:short)%00%(objectname)%00%(upstream:track)%00%(upstream:remotename)%00%(upstream:remoteref) refs/heads/master refs/remotes/master [4ms]
2024-06-21 09:04:46.818 [info] > git status -z -uall [5ms]
2024-06-21 10:06:37.959 [info] No remotes found in the git config file.
2024-06-21 10:06:37.959 [info] > git config --get commit.template [3ms]
2024-06-21 10:06:37.960 [info] > git for-each-ref --format=%(refname)%00%(upstream:short)%00%(objectname)%00%(upstream:track)%00%(upstream:remotename)%00%(upstream:remoteref) refs/heads/master refs/remotes/master [0ms]
2024-06-21 10:06:37.964 [info] > git status -z -uall [1ms]
2024-06-21 16:06:51.741 [info] > git check-ignore -v -z --stdin [1ms]
2024-06-21 17:44:44.276 [info] > git check-ignore -v -z --stdin [1ms]
