2024-06-17 19:21:27.555 [info] Reading sessions from keychain...
2024-06-17 19:21:27.555 [info] Got stored sessions!
2024-06-17 19:21:27.555 [info] Got 1 verified sessions.
2024-06-17 19:21:27.555 [info] Getting sessions for user:email...
2024-06-17 19:21:27.555 [info] Got 1 sessions for user:email...
2024-06-17 19:21:27.555 [info] Getting sessions for read:user,repo,user:email,workflow...
2024-06-17 19:21:27.555 [info] Got 0 sessions for read:user,repo,user:email,workflow...
2024-06-17 19:21:27.555 [info] Getting sessions for read:user,repo,user:email,workflow...
2024-06-17 19:21:27.555 [info] Got 0 sessions for read:user,repo,user:email,workflow...
2024-06-17 19:21:27.555 [info] Getting sessions for read:user...
2024-06-17 19:21:27.555 [info] Got 0 sessions for read:user...
2024-06-17 19:21:27.555 [info] Getting sessions for user:email...
2024-06-17 19:21:27.555 [info] Got 1 sessions for user:email...
2024-06-17 19:21:27.555 [info] Getting sessions for read:user...
2024-06-17 19:21:27.555 [info] Got 0 sessions for read:user...
2024-06-17 19:21:27.598 [info] Getting sessions for user:email...
2024-06-17 19:21:27.598 [info] Got 1 sessions for user:email...
2024-06-17 19:21:27.911 [info] Getting sessions for read:user,repo,user:email,workflow...
2024-06-17 19:21:27.911 [info] Got 0 sessions for read:user,repo,user:email,workflow...
2024-06-17 19:21:27.911 [info] Getting sessions for read:user...
2024-06-17 19:21:27.911 [info] Got 0 sessions for read:user...
2024-06-17 19:21:27.911 [info] Getting sessions for user:email...
2024-06-17 19:21:27.911 [info] Got 1 sessions for user:email...
2024-06-17 19:21:27.921 [info] Getting sessions for read:user,repo,user:email,workflow...
2024-06-17 19:21:27.921 [info] Got 0 sessions for read:user,repo,user:email,workflow...
2024-06-17 19:21:27.921 [info] Getting sessions for read:user...
2024-06-17 19:21:27.921 [info] Got 0 sessions for read:user...
2024-06-17 19:21:27.921 [info] Getting sessions for user:email...
2024-06-17 19:21:27.921 [info] Got 1 sessions for user:email...
2024-06-17 19:21:37.465 [info] Reading sessions from keychain...
2024-06-17 19:21:37.465 [info] Getting sessions for user:email...
2024-06-17 19:21:37.465 [info] Got stored sessions!
2024-06-17 19:21:37.465 [info] Got 1 verified sessions.
2024-06-17 19:21:37.465 [info] Got 1 sessions for user:email...
2024-06-17 19:21:37.511 [info] Getting sessions for read:user,repo,user:email,workflow...
2024-06-17 19:21:37.511 [info] Got 0 sessions for read:user,repo,user:email,workflow...
2024-06-17 19:21:37.512 [info] Getting sessions for read:user,repo,user:email,workflow...
2024-06-17 19:21:37.512 [info] Got 0 sessions for read:user,repo,user:email,workflow...
2024-06-17 19:21:37.512 [info] Getting sessions for read:user...
2024-06-17 19:21:37.512 [info] Got 0 sessions for read:user...
2024-06-17 19:21:37.512 [info] Getting sessions for user:email...
2024-06-17 19:21:37.512 [info] Got 1 sessions for user:email...
2024-06-17 19:21:37.527 [info] Getting sessions for read:user...
2024-06-17 19:21:37.527 [info] Got 0 sessions for read:user...
2024-06-17 19:21:37.573 [info] Getting sessions for user:email...
2024-06-17 19:21:37.573 [info] Got 1 sessions for user:email...
2024-06-17 19:21:37.892 [info] Getting sessions for read:user,repo,user:email,workflow...
2024-06-17 19:21:37.892 [info] Got 0 sessions for read:user,repo,user:email,workflow...
2024-06-17 19:21:37.892 [info] Getting sessions for read:user...
2024-06-17 19:21:37.892 [info] Got 0 sessions for read:user...
2024-06-17 19:21:37.893 [info] Getting sessions for user:email...
2024-06-17 19:21:37.893 [info] Got 1 sessions for user:email...
2024-06-17 19:21:37.942 [info] Getting sessions for read:user,repo,user:email,workflow...
2024-06-17 19:21:37.942 [info] Got 0 sessions for read:user,repo,user:email,workflow...
2024-06-17 19:21:37.942 [info] Getting sessions for read:user...
2024-06-17 19:21:37.942 [info] Got 0 sessions for read:user...
2024-06-17 19:21:37.942 [info] Getting sessions for user:email...
2024-06-17 19:21:37.942 [info] Got 1 sessions for user:email...
