2024-06-21 09:04:46.467 [info] Using settings sync service https://vscode-sync.trafficmanager.net/
2024-06-21 09:04:46.467 [info] Auto Sync is enabled.
2024-06-21 09:04:46.467 [info] Auto Sync: Suspended until auth token is available.
2024-06-21 09:04:46.901 [info] Deleting non existing profile from backup /home/albertofots/.config/Code/User/sync/extensions
2024-06-21 09:04:46.989 [info] Deleting non existing profile from backup /home/albertofots/.config/Code/User/sync/globalState
2024-06-21 09:04:47.033 [info] Deleting non existing profile from backup /home/albertofots/.config/Code/User/sync/keybindings
2024-06-21 09:04:47.034 [info] Deleting non existing profile from backup /home/albertofots/.config/Code/User/sync/profiles
2024-06-21 09:04:47.035 [info] Deleting non existing profile from backup /home/albertofots/.config/Code/User/sync/settings
2024-06-21 09:04:47.036 [info] Deleting non existing profile from backup /home/albertofots/.config/Code/User/sync/snippets
2024-06-21 09:04:47.036 [info] Deleting non existing profile from backup /home/albertofots/.config/Code/User/sync/tasks
2024-06-21 09:04:47.160 [info] Auto Sync: Triggered by Interval
2024-06-21 09:04:47.160 [info] Sync started.
2024-06-21 09:04:47.397 [info] Settings: Last sync resource does not exist locally.
2024-06-21 09:04:47.478 [info] Settings: No changes found during synchronizing settings.
2024-06-21 09:04:47.480 [info] Keybindings: Last sync resource does not exist locally.
2024-06-21 09:04:47.562 [info] Keybindings: No changes found during synchronizing keybindings.
2024-06-21 09:04:47.562 [info] Snippets: Last sync resource does not exist locally.
2024-06-21 09:04:47.615 [info] Snippets: No changes found during synchronizing snippets.
2024-06-21 09:04:47.616 [info] Tasks: Last sync resource does not exist locally.
2024-06-21 09:04:47.667 [info] Tasks: No changes found during synchronizing tasks.
2024-06-21 09:04:47.667 [info] GlobalState: Last sync resource does not exist locally.
2024-06-21 09:04:47.758 [info] GlobalState: No changes found during synchronizing ui state.
2024-06-21 09:04:47.759 [info] Extensions: Last sync resource does not exist locally.
2024-06-21 09:04:47.870 [info] Extensions: No changes found during synchronizing extensions.
2024-06-21 09:04:47.870 [info] Profiles: Last sync resource does not exist locally.
2024-06-21 09:04:47.919 [info] Profiles: No changes found during synchronizing profiles.
2024-06-21 09:04:47.920 [info] Sync done. Took 760ms
2024-06-21 09:09:47.921 [info] Auto Sync: Triggered by Interval
2024-06-21 09:09:47.921 [info] Sync started.
2024-06-21 09:09:48.085 [info] Settings: No changes found during synchronizing settings.
2024-06-21 09:09:48.110 [info] Keybindings: No changes found during synchronizing keybindings.
2024-06-21 09:09:48.114 [info] Snippets: No changes found during synchronizing snippets.
2024-06-21 09:09:48.116 [info] Tasks: No changes found during synchronizing tasks.
2024-06-21 09:09:48.118 [info] GlobalState: No changes found during synchronizing ui state.
2024-06-21 09:09:48.166 [info] Extensions: No changes found during synchronizing extensions.
2024-06-21 09:09:48.167 [info] Profiles: No changes found during synchronizing profiles.
2024-06-21 09:09:48.168 [info] Sync done. Took 247ms
2024-06-21 09:14:48.170 [info] Auto Sync: Triggered by Interval
2024-06-21 09:14:48.170 [info] Sync started.
2024-06-21 09:14:48.444 [info] Settings: No changes found during synchronizing settings.
2024-06-21 09:14:48.450 [info] Keybindings: No changes found during synchronizing keybindings.
2024-06-21 09:14:48.453 [info] Snippets: No changes found during synchronizing snippets.
2024-06-21 09:14:48.455 [info] Tasks: No changes found during synchronizing tasks.
2024-06-21 09:14:48.458 [info] GlobalState: No changes found during synchronizing ui state.
2024-06-21 09:14:48.501 [info] Extensions: No changes found during synchronizing extensions.
2024-06-21 09:14:48.501 [info] Profiles: No changes found during synchronizing profiles.
2024-06-21 09:14:48.502 [info] Sync done. Took 331ms
2024-06-21 09:19:48.503 [info] Auto Sync: Triggered by Interval
2024-06-21 09:19:48.503 [info] Sync started.
2024-06-21 09:19:48.733 [info] Settings: No changes found during synchronizing settings.
2024-06-21 09:19:48.738 [info] Keybindings: No changes found during synchronizing keybindings.
2024-06-21 09:19:48.741 [info] Snippets: No changes found during synchronizing snippets.
2024-06-21 09:19:48.742 [info] Tasks: No changes found during synchronizing tasks.
2024-06-21 09:19:48.744 [info] GlobalState: No changes found during synchronizing ui state.
2024-06-21 09:19:48.791 [info] Extensions: No changes found during synchronizing extensions.
2024-06-21 09:19:48.793 [info] Profiles: No changes found during synchronizing profiles.
2024-06-21 09:19:48.794 [info] Sync done. Took 291ms
2024-06-21 09:24:48.796 [info] Auto Sync: Triggered by Interval
2024-06-21 09:24:48.797 [info] Sync started.
2024-06-21 09:24:49.049 [info] Settings: No changes found during synchronizing settings.
2024-06-21 09:24:49.054 [info] Keybindings: No changes found during synchronizing keybindings.
2024-06-21 09:24:49.056 [info] Snippets: No changes found during synchronizing snippets.
2024-06-21 09:24:49.057 [info] Tasks: No changes found during synchronizing tasks.
2024-06-21 09:24:49.060 [info] GlobalState: No changes found during synchronizing ui state.
2024-06-21 09:24:49.099 [info] Extensions: No changes found during synchronizing extensions.
2024-06-21 09:24:49.102 [info] Profiles: No changes found during synchronizing profiles.
2024-06-21 09:24:49.103 [info] Sync done. Took 307ms
2024-06-21 09:29:49.105 [info] Auto Sync: Triggered by Interval
2024-06-21 09:29:49.105 [info] Sync started.
2024-06-21 09:29:49.490 [info] Settings: No changes found during synchronizing settings.
2024-06-21 09:29:49.494 [info] Keybindings: No changes found during synchronizing keybindings.
2024-06-21 09:29:49.496 [info] Snippets: No changes found during synchronizing snippets.
2024-06-21 09:29:49.498 [info] Tasks: No changes found during synchronizing tasks.
2024-06-21 09:29:49.500 [info] GlobalState: No changes found during synchronizing ui state.
2024-06-21 09:29:49.537 [info] Extensions: No changes found during synchronizing extensions.
2024-06-21 09:29:49.538 [info] Profiles: No changes found during synchronizing profiles.
2024-06-21 09:29:49.538 [info] Sync done. Took 434ms
2024-06-21 09:34:49.540 [info] Auto Sync: Triggered by Interval
2024-06-21 09:34:49.540 [info] Sync started.
2024-06-21 09:34:49.732 [info] Settings: No changes found during synchronizing settings.
2024-06-21 09:34:49.737 [info] Keybindings: No changes found during synchronizing keybindings.
2024-06-21 09:34:49.739 [info] Snippets: No changes found during synchronizing snippets.
2024-06-21 09:34:49.740 [info] Tasks: No changes found during synchronizing tasks.
2024-06-21 09:34:49.742 [info] GlobalState: No changes found during synchronizing ui state.
2024-06-21 09:34:49.792 [info] Extensions: No changes found during synchronizing extensions.
2024-06-21 09:34:49.793 [info] Profiles: No changes found during synchronizing profiles.
2024-06-21 09:34:49.794 [info] Sync done. Took 254ms
2024-06-21 09:39:49.796 [info] Auto Sync: Triggered by Interval
2024-06-21 09:39:49.796 [info] Sync started.
2024-06-21 09:39:49.954 [info] Settings: No changes found during synchronizing settings.
2024-06-21 09:39:49.958 [info] Keybindings: No changes found during synchronizing keybindings.
2024-06-21 09:39:49.960 [info] Snippets: No changes found during synchronizing snippets.
2024-06-21 09:39:49.961 [info] Tasks: No changes found during synchronizing tasks.
2024-06-21 09:39:49.963 [info] GlobalState: No changes found during synchronizing ui state.
2024-06-21 09:39:50.003 [info] Extensions: No changes found during synchronizing extensions.
2024-06-21 09:39:50.003 [info] Profiles: No changes found during synchronizing profiles.
2024-06-21 09:39:50.004 [info] Sync done. Took 208ms
2024-06-21 09:44:50.005 [info] Auto Sync: Triggered by Interval
2024-06-21 09:44:50.005 [info] Sync started.
2024-06-21 09:44:50.171 [info] Settings: No changes found during synchronizing settings.
2024-06-21 09:44:50.174 [info] Keybindings: No changes found during synchronizing keybindings.
2024-06-21 09:44:50.176 [info] Snippets: No changes found during synchronizing snippets.
2024-06-21 09:44:50.177 [info] Tasks: No changes found during synchronizing tasks.
2024-06-21 09:44:50.179 [info] GlobalState: No changes found during synchronizing ui state.
2024-06-21 09:44:50.216 [info] Extensions: No changes found during synchronizing extensions.
2024-06-21 09:44:50.217 [info] Profiles: No changes found during synchronizing profiles.
2024-06-21 09:44:50.218 [info] Sync done. Took 214ms
2024-06-21 09:49:50.220 [info] Auto Sync: Triggered by Interval
2024-06-21 09:49:50.221 [info] Sync started.
2024-06-21 09:49:50.384 [info] Settings: No changes found during synchronizing settings.
2024-06-21 09:49:50.388 [info] Keybindings: No changes found during synchronizing keybindings.
2024-06-21 09:49:50.390 [info] Snippets: No changes found during synchronizing snippets.
2024-06-21 09:49:50.391 [info] Tasks: No changes found during synchronizing tasks.
2024-06-21 09:49:50.392 [info] GlobalState: No changes found during synchronizing ui state.
2024-06-21 09:49:50.430 [info] Extensions: No changes found during synchronizing extensions.
2024-06-21 09:49:50.430 [info] Profiles: No changes found during synchronizing profiles.
2024-06-21 09:49:50.431 [info] Sync done. Took 211ms
2024-06-21 09:54:50.433 [info] Auto Sync: Triggered by Interval
2024-06-21 09:54:50.433 [info] Sync started.
2024-06-21 09:54:50.606 [info] Settings: No changes found during synchronizing settings.
2024-06-21 09:54:50.609 [info] Keybindings: No changes found during synchronizing keybindings.
2024-06-21 09:54:50.611 [info] Snippets: No changes found during synchronizing snippets.
2024-06-21 09:54:50.612 [info] Tasks: No changes found during synchronizing tasks.
2024-06-21 09:54:50.614 [info] GlobalState: No changes found during synchronizing ui state.
2024-06-21 09:54:50.650 [info] Extensions: No changes found during synchronizing extensions.
2024-06-21 09:54:50.651 [info] Profiles: No changes found during synchronizing profiles.
2024-06-21 09:54:50.652 [info] Sync done. Took 219ms
2024-06-21 09:59:50.654 [info] Auto Sync: Triggered by Interval
2024-06-21 09:59:50.654 [info] Sync started.
2024-06-21 09:59:50.845 [info] Settings: No changes found during synchronizing settings.
2024-06-21 09:59:50.848 [info] Keybindings: No changes found during synchronizing keybindings.
2024-06-21 09:59:50.850 [info] Snippets: No changes found during synchronizing snippets.
2024-06-21 09:59:50.852 [info] Tasks: No changes found during synchronizing tasks.
2024-06-21 09:59:50.854 [info] GlobalState: No changes found during synchronizing ui state.
2024-06-21 09:59:50.893 [info] Extensions: No changes found during synchronizing extensions.
2024-06-21 09:59:50.893 [info] Profiles: No changes found during synchronizing profiles.
2024-06-21 09:59:50.894 [info] Sync done. Took 240ms
2024-06-21 10:04:50.896 [info] Auto Sync: Triggered by Interval
2024-06-21 10:04:50.896 [info] Sync started.
2024-06-21 10:04:51.072 [info] Settings: No changes found during synchronizing settings.
2024-06-21 10:04:51.075 [info] Keybindings: No changes found during synchronizing keybindings.
2024-06-21 10:04:51.077 [info] Snippets: No changes found during synchronizing snippets.
2024-06-21 10:04:51.078 [info] Tasks: No changes found during synchronizing tasks.
2024-06-21 10:04:51.080 [info] GlobalState: No changes found during synchronizing ui state.
2024-06-21 10:04:51.122 [info] Extensions: No changes found during synchronizing extensions.
2024-06-21 10:04:51.123 [info] Profiles: No changes found during synchronizing profiles.
2024-06-21 10:04:51.123 [info] Sync done. Took 228ms
2024-06-21 10:06:40.927 [info] Auto Sync: Triggered by Activity
2024-06-21 10:06:40.927 [info] Sync started.
2024-06-21 10:06:40.989 [info] Settings: No changes found during synchronizing settings.
2024-06-21 10:06:40.992 [info] Keybindings: No changes found during synchronizing keybindings.
2024-06-21 10:06:40.994 [info] Snippets: No changes found during synchronizing snippets.
2024-06-21 10:06:40.996 [info] Tasks: No changes found during synchronizing tasks.
2024-06-21 10:06:40.998 [info] GlobalState: No changes found during synchronizing ui state.
2024-06-21 10:06:41.033 [info] Extensions: No changes found during synchronizing extensions.
2024-06-21 10:06:41.035 [info] Profiles: No changes found during synchronizing profiles.
2024-06-21 10:06:41.036 [info] Sync done. Took 108ms
2024-06-21 10:06:54.440 [info] Auto Sync: Triggered by Activity
2024-06-21 10:06:54.440 [info] Sync started.
2024-06-21 10:06:54.494 [info] Settings: No changes found during synchronizing settings.
2024-06-21 10:06:54.498 [info] Keybindings: No changes found during synchronizing keybindings.
2024-06-21 10:06:54.499 [info] Snippets: No changes found during synchronizing snippets.
2024-06-21 10:06:54.501 [info] Tasks: No changes found during synchronizing tasks.
2024-06-21 10:06:54.502 [info] GlobalState: No changes found during synchronizing ui state.
2024-06-21 10:06:54.542 [info] Extensions: No changes found during synchronizing extensions.
2024-06-21 10:06:54.543 [info] Profiles: No changes found during synchronizing profiles.
2024-06-21 10:06:54.544 [info] Sync done. Took 104ms
2024-06-21 10:11:54.550 [info] Auto Sync: Triggered by Interval
2024-06-21 10:11:54.550 [info] Sync started.
2024-06-21 10:11:54.733 [info] Settings: No changes found during synchronizing settings.
2024-06-21 10:11:54.737 [info] Keybindings: No changes found during synchronizing keybindings.
2024-06-21 10:11:54.739 [info] Snippets: No changes found during synchronizing snippets.
2024-06-21 10:11:54.740 [info] Tasks: No changes found during synchronizing tasks.
2024-06-21 10:11:54.742 [info] GlobalState: No changes found during synchronizing ui state.
2024-06-21 10:11:54.780 [info] Extensions: No changes found during synchronizing extensions.
2024-06-21 10:11:54.781 [info] Profiles: No changes found during synchronizing profiles.
2024-06-21 10:11:54.782 [info] Sync done. Took 232ms
2024-06-21 10:16:54.787 [info] Auto Sync: Triggered by Interval
2024-06-21 10:16:54.788 [info] Sync started.
2024-06-21 10:16:54.976 [info] Settings: No changes found during synchronizing settings.
2024-06-21 10:16:54.980 [info] Keybindings: No changes found during synchronizing keybindings.
2024-06-21 10:16:54.982 [info] Snippets: No changes found during synchronizing snippets.
2024-06-21 10:16:54.983 [info] Tasks: No changes found during synchronizing tasks.
2024-06-21 10:16:54.985 [info] GlobalState: No changes found during synchronizing ui state.
2024-06-21 10:16:55.027 [info] Extensions: No changes found during synchronizing extensions.
2024-06-21 10:16:55.028 [info] Profiles: No changes found during synchronizing profiles.
2024-06-21 10:16:55.028 [info] Sync done. Took 241ms
2024-06-21 10:21:55.035 [info] Auto Sync: Triggered by Interval
2024-06-21 10:21:55.035 [info] Sync started.
2024-06-21 10:21:55.223 [info] Settings: No changes found during synchronizing settings.
2024-06-21 10:21:55.227 [info] Keybindings: No changes found during synchronizing keybindings.
2024-06-21 10:21:55.228 [info] Snippets: No changes found during synchronizing snippets.
2024-06-21 10:21:55.230 [info] Tasks: No changes found during synchronizing tasks.
2024-06-21 10:21:55.231 [info] GlobalState: No changes found during synchronizing ui state.
2024-06-21 10:21:55.277 [info] Extensions: No changes found during synchronizing extensions.
2024-06-21 10:21:55.278 [info] Profiles: No changes found during synchronizing profiles.
2024-06-21 10:21:55.279 [info] Sync done. Took 245ms
2024-06-21 10:26:55.284 [info] Auto Sync: Triggered by Interval
2024-06-21 10:26:55.284 [info] Sync started.
2024-06-21 10:26:55.458 [info] Settings: No changes found during synchronizing settings.
2024-06-21 10:26:55.461 [info] Keybindings: No changes found during synchronizing keybindings.
2024-06-21 10:26:55.463 [info] Snippets: No changes found during synchronizing snippets.
2024-06-21 10:26:55.465 [info] Tasks: No changes found during synchronizing tasks.
2024-06-21 10:26:55.466 [info] GlobalState: No changes found during synchronizing ui state.
2024-06-21 10:26:55.510 [info] Extensions: No changes found during synchronizing extensions.
2024-06-21 10:26:55.511 [info] Profiles: No changes found during synchronizing profiles.
2024-06-21 10:26:55.512 [info] Sync done. Took 227ms
2024-06-21 10:31:55.518 [info] Auto Sync: Triggered by Interval
2024-06-21 10:31:55.518 [info] Sync started.
2024-06-21 10:31:55.808 [info] Settings: No changes found during synchronizing settings.
2024-06-21 10:31:55.811 [info] Keybindings: No changes found during synchronizing keybindings.
2024-06-21 10:31:55.814 [info] Snippets: No changes found during synchronizing snippets.
2024-06-21 10:31:55.815 [info] Tasks: No changes found during synchronizing tasks.
2024-06-21 10:31:55.819 [info] GlobalState: No changes found during synchronizing ui state.
2024-06-21 10:31:55.864 [info] Extensions: No changes found during synchronizing extensions.
2024-06-21 10:31:55.865 [info] Profiles: No changes found during synchronizing profiles.
2024-06-21 10:31:55.866 [info] Sync done. Took 347ms
2024-06-21 10:36:55.872 [info] Auto Sync: Triggered by Interval
2024-06-21 10:36:55.872 [info] Sync started.
2024-06-21 10:36:56.501 [info] Settings: No changes found during synchronizing settings.
2024-06-21 10:36:56.505 [info] Keybindings: No changes found during synchronizing keybindings.
2024-06-21 10:36:56.506 [info] Snippets: No changes found during synchronizing snippets.
2024-06-21 10:36:56.507 [info] Tasks: No changes found during synchronizing tasks.
2024-06-21 10:36:56.509 [info] GlobalState: No changes found during synchronizing ui state.
2024-06-21 10:36:56.552 [info] Extensions: No changes found during synchronizing extensions.
2024-06-21 10:36:56.552 [info] Profiles: No changes found during synchronizing profiles.
2024-06-21 10:36:56.553 [info] Sync done. Took 682ms
2024-06-21 10:41:56.560 [info] Auto Sync: Triggered by Interval
2024-06-21 10:41:56.560 [info] Sync started.
2024-06-21 10:41:56.786 [info] Settings: No changes found during synchronizing settings.
2024-06-21 10:41:56.790 [info] Keybindings: No changes found during synchronizing keybindings.
2024-06-21 10:41:56.791 [info] Snippets: No changes found during synchronizing snippets.
2024-06-21 10:41:56.792 [info] Tasks: No changes found during synchronizing tasks.
2024-06-21 10:41:56.797 [info] GlobalState: No changes found during synchronizing ui state.
2024-06-21 10:41:56.841 [info] Extensions: No changes found during synchronizing extensions.
2024-06-21 10:41:56.842 [info] Profiles: No changes found during synchronizing profiles.
2024-06-21 10:41:56.842 [info] Sync done. Took 283ms
2024-06-21 10:46:56.847 [info] Auto Sync: Triggered by Interval
2024-06-21 10:46:56.847 [info] Sync started.
2024-06-21 10:46:57.326 [info] Settings: No changes found during synchronizing settings.
2024-06-21 10:46:57.329 [info] Keybindings: No changes found during synchronizing keybindings.
2024-06-21 10:46:57.331 [info] Snippets: No changes found during synchronizing snippets.
2024-06-21 10:46:57.332 [info] Tasks: No changes found during synchronizing tasks.
2024-06-21 10:46:57.334 [info] GlobalState: No changes found during synchronizing ui state.
2024-06-21 10:46:57.380 [info] Extensions: No changes found during synchronizing extensions.
2024-06-21 10:46:57.381 [info] Profiles: No changes found during synchronizing profiles.
2024-06-21 10:46:57.381 [info] Sync done. Took 535ms
2024-06-21 10:51:57.389 [info] Auto Sync: Triggered by Interval
2024-06-21 10:51:57.389 [info] Sync started.
2024-06-21 10:51:57.572 [info] Settings: No changes found during synchronizing settings.
2024-06-21 10:51:57.575 [info] Keybindings: No changes found during synchronizing keybindings.
2024-06-21 10:51:57.577 [info] Snippets: No changes found during synchronizing snippets.
2024-06-21 10:51:57.579 [info] Tasks: No changes found during synchronizing tasks.
2024-06-21 10:51:57.580 [info] GlobalState: No changes found during synchronizing ui state.
2024-06-21 10:51:57.626 [info] Extensions: No changes found during synchronizing extensions.
2024-06-21 10:51:57.627 [info] Profiles: No changes found during synchronizing profiles.
2024-06-21 10:51:57.627 [info] Sync done. Took 239ms
2024-06-21 10:56:57.636 [info] Auto Sync: Triggered by Interval
2024-06-21 10:56:57.636 [info] Sync started.
2024-06-21 10:56:57.868 [info] Settings: No changes found during synchronizing settings.
2024-06-21 10:56:57.872 [info] Keybindings: No changes found during synchronizing keybindings.
2024-06-21 10:56:57.874 [info] Snippets: No changes found during synchronizing snippets.
2024-06-21 10:56:57.875 [info] Tasks: No changes found during synchronizing tasks.
2024-06-21 10:56:57.878 [info] GlobalState: No changes found during synchronizing ui state.
2024-06-21 10:56:57.924 [info] Extensions: No changes found during synchronizing extensions.
2024-06-21 10:56:57.925 [info] Profiles: No changes found during synchronizing profiles.
2024-06-21 10:56:57.925 [info] Sync done. Took 290ms
2024-06-21 11:01:57.931 [info] Auto Sync: Triggered by Interval
2024-06-21 11:01:57.931 [info] Sync started.
2024-06-21 11:01:58.114 [info] Settings: No changes found during synchronizing settings.
2024-06-21 11:01:58.119 [info] Keybindings: No changes found during synchronizing keybindings.
2024-06-21 11:01:58.121 [info] Snippets: No changes found during synchronizing snippets.
2024-06-21 11:01:58.122 [info] Tasks: No changes found during synchronizing tasks.
2024-06-21 11:01:58.124 [info] GlobalState: No changes found during synchronizing ui state.
2024-06-21 11:01:58.169 [info] Extensions: No changes found during synchronizing extensions.
2024-06-21 11:01:58.170 [info] Profiles: No changes found during synchronizing profiles.
2024-06-21 11:01:58.170 [info] Sync done. Took 239ms
2024-06-21 11:06:58.179 [info] Auto Sync: Triggered by Interval
2024-06-21 11:06:58.179 [info] Sync started.
2024-06-21 11:06:58.561 [info] Settings: No changes found during synchronizing settings.
2024-06-21 11:06:58.565 [info] Keybindings: No changes found during synchronizing keybindings.
2024-06-21 11:06:58.566 [info] Snippets: No changes found during synchronizing snippets.
2024-06-21 11:06:58.567 [info] Tasks: No changes found during synchronizing tasks.
2024-06-21 11:06:58.569 [info] GlobalState: No changes found during synchronizing ui state.
2024-06-21 11:06:58.617 [info] Extensions: No changes found during synchronizing extensions.
2024-06-21 11:06:58.618 [info] Profiles: No changes found during synchronizing profiles.
2024-06-21 11:06:58.618 [info] Sync done. Took 440ms
2024-06-21 11:11:58.626 [info] Auto Sync: Triggered by Interval
2024-06-21 11:11:58.626 [info] Sync started.
2024-06-21 11:11:58.790 [info] Settings: No changes found during synchronizing settings.
2024-06-21 11:11:58.794 [info] Keybindings: No changes found during synchronizing keybindings.
2024-06-21 11:11:58.797 [info] Snippets: No changes found during synchronizing snippets.
2024-06-21 11:11:58.798 [info] Tasks: No changes found during synchronizing tasks.
2024-06-21 11:11:58.800 [info] GlobalState: No changes found during synchronizing ui state.
2024-06-21 11:11:58.847 [info] Extensions: No changes found during synchronizing extensions.
2024-06-21 11:11:58.847 [info] Profiles: No changes found during synchronizing profiles.
2024-06-21 11:11:58.848 [info] Sync done. Took 221ms
2024-06-21 11:16:58.856 [info] Auto Sync: Triggered by Interval
2024-06-21 11:16:58.856 [info] Sync started.
2024-06-21 11:16:59.059 [info] Settings: No changes found during synchronizing settings.
2024-06-21 11:16:59.063 [info] Keybindings: No changes found during synchronizing keybindings.
2024-06-21 11:16:59.065 [info] Snippets: No changes found during synchronizing snippets.
2024-06-21 11:16:59.066 [info] Tasks: No changes found during synchronizing tasks.
2024-06-21 11:16:59.068 [info] GlobalState: No changes found during synchronizing ui state.
2024-06-21 11:16:59.114 [info] Extensions: No changes found during synchronizing extensions.
2024-06-21 11:16:59.115 [info] Profiles: No changes found during synchronizing profiles.
2024-06-21 11:16:59.115 [info] Sync done. Took 260ms
2024-06-21 11:21:59.124 [info] Auto Sync: Triggered by Interval
2024-06-21 11:21:59.124 [info] Sync started.
2024-06-21 11:21:59.305 [info] Settings: No changes found during synchronizing settings.
2024-06-21 11:21:59.310 [info] Keybindings: No changes found during synchronizing keybindings.
2024-06-21 11:21:59.312 [info] Snippets: No changes found during synchronizing snippets.
2024-06-21 11:21:59.313 [info] Tasks: No changes found during synchronizing tasks.
2024-06-21 11:21:59.315 [info] GlobalState: No changes found during synchronizing ui state.
2024-06-21 11:21:59.364 [info] Extensions: No changes found during synchronizing extensions.
2024-06-21 11:21:59.364 [info] Profiles: No changes found during synchronizing profiles.
2024-06-21 11:21:59.365 [info] Sync done. Took 242ms
2024-06-21 11:26:59.372 [info] Auto Sync: Triggered by Interval
2024-06-21 11:26:59.372 [info] Sync started.
2024-06-21 11:26:59.634 [info] Settings: No changes found during synchronizing settings.
2024-06-21 11:26:59.637 [info] Keybindings: No changes found during synchronizing keybindings.
2024-06-21 11:26:59.639 [info] Snippets: No changes found during synchronizing snippets.
2024-06-21 11:26:59.640 [info] Tasks: No changes found during synchronizing tasks.
2024-06-21 11:26:59.642 [info] GlobalState: No changes found during synchronizing ui state.
2024-06-21 11:26:59.681 [info] Extensions: No changes found during synchronizing extensions.
2024-06-21 11:26:59.682 [info] Profiles: No changes found during synchronizing profiles.
2024-06-21 11:26:59.683 [info] Sync done. Took 311ms
2024-06-21 11:31:59.691 [info] Auto Sync: Triggered by Interval
2024-06-21 11:31:59.691 [info] Sync started.
2024-06-21 11:31:59.962 [info] Settings: No changes found during synchronizing settings.
2024-06-21 11:31:59.965 [info] Keybindings: No changes found during synchronizing keybindings.
2024-06-21 11:31:59.967 [info] Snippets: No changes found during synchronizing snippets.
2024-06-21 11:31:59.968 [info] Tasks: No changes found during synchronizing tasks.
2024-06-21 11:31:59.969 [info] GlobalState: No changes found during synchronizing ui state.
2024-06-21 11:32:00.018 [info] Extensions: No changes found during synchronizing extensions.
2024-06-21 11:32:00.019 [info] Profiles: No changes found during synchronizing profiles.
2024-06-21 11:32:00.020 [info] Sync done. Took 329ms
2024-06-21 11:37:00.029 [info] Auto Sync: Triggered by Interval
2024-06-21 11:37:00.029 [info] Sync started.
2024-06-21 11:37:00.247 [info] Settings: No changes found during synchronizing settings.
2024-06-21 11:37:00.250 [info] Keybindings: No changes found during synchronizing keybindings.
2024-06-21 11:37:00.251 [info] Snippets: No changes found during synchronizing snippets.
2024-06-21 11:37:00.253 [info] Tasks: No changes found during synchronizing tasks.
2024-06-21 11:37:00.254 [info] GlobalState: No changes found during synchronizing ui state.
2024-06-21 11:37:00.304 [info] Extensions: No changes found during synchronizing extensions.
2024-06-21 11:37:00.304 [info] Profiles: No changes found during synchronizing profiles.
2024-06-21 11:37:00.305 [info] Sync done. Took 277ms
2024-06-21 11:42:00.313 [info] Auto Sync: Triggered by Interval
2024-06-21 11:42:00.313 [info] Sync started.
2024-06-21 11:42:00.650 [info] Settings: No changes found during synchronizing settings.
2024-06-21 11:42:00.654 [info] Keybindings: No changes found during synchronizing keybindings.
2024-06-21 11:42:00.656 [info] Snippets: No changes found during synchronizing snippets.
2024-06-21 11:42:00.657 [info] Tasks: No changes found during synchronizing tasks.
2024-06-21 11:42:00.658 [info] GlobalState: No changes found during synchronizing ui state.
2024-06-21 11:42:00.703 [info] Extensions: No changes found during synchronizing extensions.
2024-06-21 11:42:00.703 [info] Profiles: No changes found during synchronizing profiles.
2024-06-21 11:42:00.704 [info] Sync done. Took 392ms
2024-06-21 11:47:00.712 [info] Auto Sync: Triggered by Interval
2024-06-21 11:47:00.712 [info] Sync started.
2024-06-21 11:47:00.885 [info] Settings: No changes found during synchronizing settings.
2024-06-21 11:47:00.889 [info] Keybindings: No changes found during synchronizing keybindings.
2024-06-21 11:47:00.891 [info] Snippets: No changes found during synchronizing snippets.
2024-06-21 11:47:00.892 [info] Tasks: No changes found during synchronizing tasks.
2024-06-21 11:47:00.894 [info] GlobalState: No changes found during synchronizing ui state.
2024-06-21 11:47:00.937 [info] Extensions: No changes found during synchronizing extensions.
2024-06-21 11:47:00.938 [info] Profiles: No changes found during synchronizing profiles.
2024-06-21 11:47:00.938 [info] Sync done. Took 227ms
2024-06-21 11:52:00.940 [info] Auto Sync: Triggered by Interval
2024-06-21 11:52:00.940 [info] Sync started.
2024-06-21 11:52:01.126 [info] Settings: No changes found during synchronizing settings.
2024-06-21 11:52:01.130 [info] Keybindings: No changes found during synchronizing keybindings.
2024-06-21 11:52:01.133 [info] Snippets: No changes found during synchronizing snippets.
2024-06-21 11:52:01.135 [info] Tasks: No changes found during synchronizing tasks.
2024-06-21 11:52:01.137 [info] GlobalState: No changes found during synchronizing ui state.
2024-06-21 11:52:01.176 [info] Extensions: No changes found during synchronizing extensions.
2024-06-21 11:52:01.177 [info] Profiles: No changes found during synchronizing profiles.
2024-06-21 11:52:01.177 [info] Sync done. Took 238ms
2024-06-21 11:57:01.186 [info] Auto Sync: Triggered by Interval
2024-06-21 11:57:01.186 [info] Sync started.
2024-06-21 11:57:01.521 [info] Settings: No changes found during synchronizing settings.
2024-06-21 11:57:01.524 [info] Keybindings: No changes found during synchronizing keybindings.
2024-06-21 11:57:01.526 [info] Snippets: No changes found during synchronizing snippets.
2024-06-21 11:57:01.527 [info] Tasks: No changes found during synchronizing tasks.
2024-06-21 11:57:01.529 [info] GlobalState: No changes found during synchronizing ui state.
2024-06-21 11:57:01.570 [info] Extensions: No changes found during synchronizing extensions.
2024-06-21 11:57:01.571 [info] Profiles: No changes found during synchronizing profiles.
2024-06-21 11:57:01.572 [info] Sync done. Took 386ms
2024-06-21 12:02:01.573 [info] Auto Sync: Triggered by Interval
2024-06-21 12:02:01.573 [info] Sync started.
2024-06-21 12:02:01.768 [info] Settings: No changes found during synchronizing settings.
2024-06-21 12:02:01.772 [info] Keybindings: No changes found during synchronizing keybindings.
2024-06-21 12:02:01.773 [info] Snippets: No changes found during synchronizing snippets.
2024-06-21 12:02:01.774 [info] Tasks: No changes found during synchronizing tasks.
2024-06-21 12:02:01.776 [info] GlobalState: No changes found during synchronizing ui state.
2024-06-21 12:02:01.824 [info] Extensions: No changes found during synchronizing extensions.
2024-06-21 12:02:01.825 [info] Profiles: No changes found during synchronizing profiles.
2024-06-21 12:02:01.826 [info] Sync done. Took 254ms
2024-06-21 12:07:01.835 [info] Auto Sync: Triggered by Interval
2024-06-21 12:07:01.835 [info] Sync started.
2024-06-21 12:07:02.272 [info] Settings: No changes found during synchronizing settings.
2024-06-21 12:07:02.276 [info] Keybindings: No changes found during synchronizing keybindings.
2024-06-21 12:07:02.279 [info] Snippets: No changes found during synchronizing snippets.
2024-06-21 12:07:02.280 [info] Tasks: No changes found during synchronizing tasks.
2024-06-21 12:07:02.282 [info] GlobalState: No changes found during synchronizing ui state.
2024-06-21 12:07:02.331 [info] Extensions: No changes found during synchronizing extensions.
2024-06-21 12:07:02.332 [info] Profiles: No changes found during synchronizing profiles.
2024-06-21 12:07:02.332 [info] Sync done. Took 498ms
2024-06-21 12:12:02.340 [info] Auto Sync: Triggered by Interval
2024-06-21 12:12:02.340 [info] Sync started.
2024-06-21 12:12:02.503 [info] Settings: No changes found during synchronizing settings.
2024-06-21 12:12:02.506 [info] Keybindings: No changes found during synchronizing keybindings.
2024-06-21 12:12:02.508 [info] Snippets: No changes found during synchronizing snippets.
2024-06-21 12:12:02.509 [info] Tasks: No changes found during synchronizing tasks.
2024-06-21 12:12:02.511 [info] GlobalState: No changes found during synchronizing ui state.
2024-06-21 12:12:02.553 [info] Extensions: No changes found during synchronizing extensions.
2024-06-21 12:12:02.554 [info] Profiles: No changes found during synchronizing profiles.
2024-06-21 12:12:02.554 [info] Sync done. Took 215ms
2024-06-21 12:17:02.564 [info] Auto Sync: Triggered by Interval
2024-06-21 12:17:02.564 [info] Sync started.
2024-06-21 12:17:02.715 [info] Settings: No changes found during synchronizing settings.
2024-06-21 12:17:02.718 [info] Keybindings: No changes found during synchronizing keybindings.
2024-06-21 12:17:02.719 [info] Snippets: No changes found during synchronizing snippets.
2024-06-21 12:17:02.720 [info] Tasks: No changes found during synchronizing tasks.
2024-06-21 12:17:02.722 [info] GlobalState: No changes found during synchronizing ui state.
2024-06-21 12:17:02.763 [info] Extensions: No changes found during synchronizing extensions.
2024-06-21 12:17:02.764 [info] Profiles: No changes found during synchronizing profiles.
2024-06-21 12:17:02.765 [info] Sync done. Took 201ms
2024-06-21 12:22:02.773 [info] Auto Sync: Triggered by Interval
2024-06-21 12:22:02.773 [info] Sync started.
2024-06-21 12:22:02.956 [info] Settings: No changes found during synchronizing settings.
2024-06-21 12:22:02.959 [info] Keybindings: No changes found during synchronizing keybindings.
2024-06-21 12:22:02.961 [info] Snippets: No changes found during synchronizing snippets.
2024-06-21 12:22:02.962 [info] Tasks: No changes found during synchronizing tasks.
2024-06-21 12:22:02.964 [info] GlobalState: No changes found during synchronizing ui state.
2024-06-21 12:22:03.009 [info] Extensions: No changes found during synchronizing extensions.
2024-06-21 12:22:03.009 [info] Profiles: No changes found during synchronizing profiles.
2024-06-21 12:22:03.010 [info] Sync done. Took 237ms
2024-06-21 12:27:03.015 [info] Auto Sync: Triggered by Interval
2024-06-21 12:27:03.015 [info] Sync started.
2024-06-21 12:27:03.200 [info] Settings: No changes found during synchronizing settings.
2024-06-21 12:27:03.204 [info] Keybindings: No changes found during synchronizing keybindings.
2024-06-21 12:27:03.206 [info] Snippets: No changes found during synchronizing snippets.
2024-06-21 12:27:03.207 [info] Tasks: No changes found during synchronizing tasks.
2024-06-21 12:27:03.209 [info] GlobalState: No changes found during synchronizing ui state.
2024-06-21 12:27:03.249 [info] Extensions: No changes found during synchronizing extensions.
2024-06-21 12:27:03.249 [info] Profiles: No changes found during synchronizing profiles.
2024-06-21 12:27:03.250 [info] Sync done. Took 236ms
2024-06-21 12:32:03.260 [info] Auto Sync: Triggered by Interval
2024-06-21 12:32:03.260 [info] Sync started.
2024-06-21 12:32:03.410 [info] Settings: No changes found during synchronizing settings.
2024-06-21 12:32:03.414 [info] Keybindings: No changes found during synchronizing keybindings.
2024-06-21 12:32:03.416 [info] Snippets: No changes found during synchronizing snippets.
2024-06-21 12:32:03.417 [info] Tasks: No changes found during synchronizing tasks.
2024-06-21 12:32:03.419 [info] GlobalState: No changes found during synchronizing ui state.
2024-06-21 12:32:03.459 [info] Extensions: No changes found during synchronizing extensions.
2024-06-21 12:32:03.460 [info] Profiles: No changes found during synchronizing profiles.
2024-06-21 12:32:03.460 [info] Sync done. Took 201ms
2024-06-21 12:37:03.467 [info] Auto Sync: Triggered by Interval
2024-06-21 12:37:03.468 [info] Sync started.
2024-06-21 12:37:03.632 [info] Settings: No changes found during synchronizing settings.
2024-06-21 12:37:03.635 [info] Keybindings: No changes found during synchronizing keybindings.
2024-06-21 12:37:03.637 [info] Snippets: No changes found during synchronizing snippets.
2024-06-21 12:37:03.639 [info] Tasks: No changes found during synchronizing tasks.
2024-06-21 12:37:03.640 [info] GlobalState: No changes found during synchronizing ui state.
2024-06-21 12:37:03.682 [info] Extensions: No changes found during synchronizing extensions.
2024-06-21 12:37:03.683 [info] Profiles: No changes found during synchronizing profiles.
2024-06-21 12:37:03.683 [info] Sync done. Took 216ms
2024-06-21 12:42:03.694 [info] Auto Sync: Triggered by Interval
2024-06-21 12:42:03.694 [info] Sync started.
2024-06-21 12:42:03.843 [info] Settings: No changes found during synchronizing settings.
2024-06-21 12:42:03.847 [info] Keybindings: No changes found during synchronizing keybindings.
2024-06-21 12:42:03.848 [info] Snippets: No changes found during synchronizing snippets.
2024-06-21 12:42:03.850 [info] Tasks: No changes found during synchronizing tasks.
2024-06-21 12:42:03.851 [info] GlobalState: No changes found during synchronizing ui state.
2024-06-21 12:42:03.894 [info] Extensions: No changes found during synchronizing extensions.
2024-06-21 12:42:03.895 [info] Profiles: No changes found during synchronizing profiles.
2024-06-21 12:42:03.895 [info] Sync done. Took 202ms
2024-06-21 12:47:03.905 [info] Auto Sync: Triggered by Interval
2024-06-21 12:47:03.905 [info] Sync started.
2024-06-21 12:47:04.121 [info] Settings: No changes found during synchronizing settings.
2024-06-21 12:47:04.124 [info] Keybindings: No changes found during synchronizing keybindings.
2024-06-21 12:47:04.126 [info] Snippets: No changes found during synchronizing snippets.
2024-06-21 12:47:04.127 [info] Tasks: No changes found during synchronizing tasks.
2024-06-21 12:47:04.129 [info] GlobalState: No changes found during synchronizing ui state.
2024-06-21 12:47:04.170 [info] Extensions: No changes found during synchronizing extensions.
2024-06-21 12:47:04.171 [info] Profiles: No changes found during synchronizing profiles.
2024-06-21 12:47:04.172 [info] Sync done. Took 267ms
2024-06-21 12:52:04.181 [info] Auto Sync: Triggered by Interval
2024-06-21 12:52:04.181 [info] Sync started.
2024-06-21 12:52:04.352 [info] Settings: No changes found during synchronizing settings.
2024-06-21 12:52:04.356 [info] Keybindings: No changes found during synchronizing keybindings.
2024-06-21 12:52:04.358 [info] Snippets: No changes found during synchronizing snippets.
2024-06-21 12:52:04.359 [info] Tasks: No changes found during synchronizing tasks.
2024-06-21 12:52:04.361 [info] GlobalState: No changes found during synchronizing ui state.
2024-06-21 12:52:04.404 [info] Extensions: No changes found during synchronizing extensions.
2024-06-21 12:52:04.405 [info] Profiles: No changes found during synchronizing profiles.
2024-06-21 12:52:04.406 [info] Sync done. Took 224ms
2024-06-21 12:57:04.415 [info] Auto Sync: Triggered by Interval
2024-06-21 12:57:04.415 [info] Sync started.
2024-06-21 12:57:04.584 [info] Settings: No changes found during synchronizing settings.
2024-06-21 12:57:04.587 [info] Keybindings: No changes found during synchronizing keybindings.
2024-06-21 12:57:04.590 [info] Snippets: No changes found during synchronizing snippets.
2024-06-21 12:57:04.591 [info] Tasks: No changes found during synchronizing tasks.
2024-06-21 12:57:04.593 [info] GlobalState: No changes found during synchronizing ui state.
2024-06-21 12:57:04.634 [info] Extensions: No changes found during synchronizing extensions.
2024-06-21 12:57:04.635 [info] Profiles: No changes found during synchronizing profiles.
2024-06-21 12:57:04.636 [info] Sync done. Took 222ms
2024-06-21 13:02:04.645 [info] Auto Sync: Triggered by Interval
2024-06-21 13:02:04.646 [info] Sync started.
2024-06-21 13:02:04.827 [info] Settings: No changes found during synchronizing settings.
2024-06-21 13:02:04.830 [info] Keybindings: No changes found during synchronizing keybindings.
2024-06-21 13:02:04.832 [info] Snippets: No changes found during synchronizing snippets.
2024-06-21 13:02:04.834 [info] Tasks: No changes found during synchronizing tasks.
2024-06-21 13:02:04.836 [info] GlobalState: No changes found during synchronizing ui state.
2024-06-21 13:02:04.884 [info] Extensions: No changes found during synchronizing extensions.
2024-06-21 13:02:04.884 [info] Profiles: No changes found during synchronizing profiles.
2024-06-21 13:02:04.885 [info] Sync done. Took 239ms
2024-06-21 13:07:04.894 [info] Auto Sync: Triggered by Interval
2024-06-21 13:07:04.895 [info] Sync started.
2024-06-21 13:07:05.121 [info] Settings: No changes found during synchronizing settings.
2024-06-21 13:07:05.124 [info] Keybindings: No changes found during synchronizing keybindings.
2024-06-21 13:07:05.126 [info] Snippets: No changes found during synchronizing snippets.
2024-06-21 13:07:05.127 [info] Tasks: No changes found during synchronizing tasks.
2024-06-21 13:07:05.129 [info] GlobalState: No changes found during synchronizing ui state.
2024-06-21 13:07:05.170 [info] Extensions: No changes found during synchronizing extensions.
2024-06-21 13:07:05.172 [info] Profiles: No changes found during synchronizing profiles.
2024-06-21 13:07:05.173 [info] Sync done. Took 278ms
2024-06-21 13:12:05.175 [info] Auto Sync: Triggered by Interval
2024-06-21 13:12:05.175 [info] Sync started.
2024-06-21 13:12:05.476 [info] Settings: No changes found during synchronizing settings.
2024-06-21 13:12:05.480 [info] Keybindings: No changes found during synchronizing keybindings.
2024-06-21 13:12:05.481 [info] Snippets: No changes found during synchronizing snippets.
2024-06-21 13:12:05.482 [info] Tasks: No changes found during synchronizing tasks.
2024-06-21 13:12:05.484 [info] GlobalState: No changes found during synchronizing ui state.
2024-06-21 13:12:05.532 [info] Extensions: No changes found during synchronizing extensions.
2024-06-21 13:12:05.532 [info] Profiles: No changes found during synchronizing profiles.
2024-06-21 13:12:05.533 [info] Sync done. Took 359ms
2024-06-21 13:17:05.541 [info] Auto Sync: Triggered by Interval
2024-06-21 13:17:05.542 [info] Sync started.
2024-06-21 13:17:05.863 [info] Settings: No changes found during synchronizing settings.
2024-06-21 13:17:05.866 [info] Keybindings: No changes found during synchronizing keybindings.
2024-06-21 13:17:05.868 [info] Snippets: No changes found during synchronizing snippets.
2024-06-21 13:17:05.870 [info] Tasks: No changes found during synchronizing tasks.
2024-06-21 13:17:05.872 [info] GlobalState: No changes found during synchronizing ui state.
2024-06-21 13:17:05.914 [info] Extensions: No changes found during synchronizing extensions.
2024-06-21 13:17:05.914 [info] Profiles: No changes found during synchronizing profiles.
2024-06-21 13:17:05.915 [info] Sync done. Took 374ms
2024-06-21 13:22:05.925 [info] Auto Sync: Triggered by Interval
2024-06-21 13:22:05.925 [info] Sync started.
2024-06-21 13:22:06.118 [info] Settings: No changes found during synchronizing settings.
2024-06-21 13:22:06.121 [info] Keybindings: No changes found during synchronizing keybindings.
2024-06-21 13:22:06.123 [info] Snippets: No changes found during synchronizing snippets.
2024-06-21 13:22:06.124 [info] Tasks: No changes found during synchronizing tasks.
2024-06-21 13:22:06.126 [info] GlobalState: No changes found during synchronizing ui state.
2024-06-21 13:22:06.167 [info] Extensions: No changes found during synchronizing extensions.
2024-06-21 13:22:06.168 [info] Profiles: No changes found during synchronizing profiles.
2024-06-21 13:22:06.168 [info] Sync done. Took 244ms
2024-06-21 13:27:06.179 [info] Auto Sync: Triggered by Interval
2024-06-21 13:27:06.179 [info] Sync started.
2024-06-21 13:27:06.376 [info] Settings: No changes found during synchronizing settings.
2024-06-21 13:27:06.380 [info] Keybindings: No changes found during synchronizing keybindings.
2024-06-21 13:27:06.382 [info] Snippets: No changes found during synchronizing snippets.
2024-06-21 13:27:06.384 [info] Tasks: No changes found during synchronizing tasks.
2024-06-21 13:27:06.385 [info] GlobalState: No changes found during synchronizing ui state.
2024-06-21 13:27:06.427 [info] Extensions: No changes found during synchronizing extensions.
2024-06-21 13:27:06.428 [info] Profiles: No changes found during synchronizing profiles.
2024-06-21 13:27:06.428 [info] Sync done. Took 249ms
2024-06-21 13:32:06.439 [info] Auto Sync: Triggered by Interval
2024-06-21 13:32:06.439 [info] Sync started.
2024-06-21 13:32:06.607 [info] Settings: No changes found during synchronizing settings.
2024-06-21 13:32:06.611 [info] Keybindings: No changes found during synchronizing keybindings.
2024-06-21 13:32:06.612 [info] Snippets: No changes found during synchronizing snippets.
2024-06-21 13:32:06.613 [info] Tasks: No changes found during synchronizing tasks.
2024-06-21 13:32:06.615 [info] GlobalState: No changes found during synchronizing ui state.
2024-06-21 13:32:06.661 [info] Extensions: No changes found during synchronizing extensions.
2024-06-21 13:32:06.662 [info] Profiles: No changes found during synchronizing profiles.
2024-06-21 13:32:06.662 [info] Sync done. Took 224ms
2024-06-21 13:37:06.674 [info] Auto Sync: Triggered by Interval
2024-06-21 13:37:06.674 [info] Sync started.
2024-06-21 13:37:06.871 [info] Settings: No changes found during synchronizing settings.
2024-06-21 13:37:06.875 [info] Keybindings: No changes found during synchronizing keybindings.
2024-06-21 13:37:06.876 [info] Snippets: No changes found during synchronizing snippets.
2024-06-21 13:37:06.878 [info] Tasks: No changes found during synchronizing tasks.
2024-06-21 13:37:06.880 [info] GlobalState: No changes found during synchronizing ui state.
2024-06-21 13:37:06.920 [info] Extensions: No changes found during synchronizing extensions.
2024-06-21 13:37:06.921 [info] Profiles: No changes found during synchronizing profiles.
2024-06-21 13:37:06.921 [info] Sync done. Took 248ms
2024-06-21 13:42:06.932 [info] Auto Sync: Triggered by Interval
2024-06-21 13:42:06.932 [info] Sync started.
2024-06-21 13:42:07.098 [info] Settings: No changes found during synchronizing settings.
2024-06-21 13:42:07.102 [info] Keybindings: No changes found during synchronizing keybindings.
2024-06-21 13:42:07.103 [info] Snippets: No changes found during synchronizing snippets.
2024-06-21 13:42:07.105 [info] Tasks: No changes found during synchronizing tasks.
2024-06-21 13:42:07.106 [info] GlobalState: No changes found during synchronizing ui state.
2024-06-21 13:42:07.147 [info] Extensions: No changes found during synchronizing extensions.
2024-06-21 13:42:07.148 [info] Profiles: No changes found during synchronizing profiles.
2024-06-21 13:42:07.149 [info] Sync done. Took 217ms
2024-06-21 13:47:07.159 [info] Auto Sync: Triggered by Interval
2024-06-21 13:47:07.159 [info] Sync started.
2024-06-21 13:47:07.326 [info] Settings: No changes found during synchronizing settings.
2024-06-21 13:47:07.330 [info] Keybindings: No changes found during synchronizing keybindings.
2024-06-21 13:47:07.331 [info] Snippets: No changes found during synchronizing snippets.
2024-06-21 13:47:07.333 [info] Tasks: No changes found during synchronizing tasks.
2024-06-21 13:47:07.334 [info] GlobalState: No changes found during synchronizing ui state.
2024-06-21 13:47:07.376 [info] Extensions: No changes found during synchronizing extensions.
2024-06-21 13:47:07.377 [info] Profiles: No changes found during synchronizing profiles.
2024-06-21 13:47:07.378 [info] Sync done. Took 218ms
2024-06-21 13:52:07.388 [info] Auto Sync: Triggered by Interval
2024-06-21 13:52:07.389 [info] Sync started.
2024-06-21 13:52:07.549 [info] Settings: No changes found during synchronizing settings.
2024-06-21 13:52:07.553 [info] Keybindings: No changes found during synchronizing keybindings.
2024-06-21 13:52:07.554 [info] Snippets: No changes found during synchronizing snippets.
2024-06-21 13:52:07.555 [info] Tasks: No changes found during synchronizing tasks.
2024-06-21 13:52:07.557 [info] GlobalState: No changes found during synchronizing ui state.
2024-06-21 13:52:07.597 [info] Extensions: No changes found during synchronizing extensions.
2024-06-21 13:52:07.598 [info] Profiles: No changes found during synchronizing profiles.
2024-06-21 13:52:07.599 [info] Sync done. Took 210ms
2024-06-21 13:57:07.610 [info] Auto Sync: Triggered by Interval
2024-06-21 13:57:07.610 [info] Sync started.
2024-06-21 13:57:07.768 [info] Settings: No changes found during synchronizing settings.
2024-06-21 13:57:07.771 [info] Keybindings: No changes found during synchronizing keybindings.
2024-06-21 13:57:07.772 [info] Snippets: No changes found during synchronizing snippets.
2024-06-21 13:57:07.774 [info] Tasks: No changes found during synchronizing tasks.
2024-06-21 13:57:07.776 [info] GlobalState: No changes found during synchronizing ui state.
2024-06-21 13:57:07.818 [info] Extensions: No changes found during synchronizing extensions.
2024-06-21 13:57:07.819 [info] Profiles: No changes found during synchronizing profiles.
2024-06-21 13:57:07.819 [info] Sync done. Took 210ms
2024-06-21 14:02:07.830 [info] Auto Sync: Triggered by Interval
2024-06-21 14:02:07.830 [info] Sync started.
2024-06-21 14:02:07.983 [info] Settings: No changes found during synchronizing settings.
2024-06-21 14:02:07.987 [info] Keybindings: No changes found during synchronizing keybindings.
2024-06-21 14:02:07.989 [info] Snippets: No changes found during synchronizing snippets.
2024-06-21 14:02:07.991 [info] Tasks: No changes found during synchronizing tasks.
2024-06-21 14:02:07.992 [info] GlobalState: No changes found during synchronizing ui state.
2024-06-21 14:02:08.032 [info] Extensions: No changes found during synchronizing extensions.
2024-06-21 14:02:08.032 [info] Profiles: No changes found during synchronizing profiles.
2024-06-21 14:02:08.033 [info] Sync done. Took 204ms
2024-06-21 14:07:08.044 [info] Auto Sync: Triggered by Interval
2024-06-21 14:07:08.044 [info] Sync started.
2024-06-21 14:07:08.211 [info] Settings: No changes found during synchronizing settings.
2024-06-21 14:07:08.214 [info] Keybindings: No changes found during synchronizing keybindings.
2024-06-21 14:07:08.216 [info] Snippets: No changes found during synchronizing snippets.
2024-06-21 14:07:08.218 [info] Tasks: No changes found during synchronizing tasks.
2024-06-21 14:07:08.220 [info] GlobalState: No changes found during synchronizing ui state.
2024-06-21 14:07:08.262 [info] Extensions: No changes found during synchronizing extensions.
2024-06-21 14:07:08.263 [info] Profiles: No changes found during synchronizing profiles.
2024-06-21 14:07:08.263 [info] Sync done. Took 220ms
2024-06-21 14:12:08.275 [info] Auto Sync: Triggered by Interval
2024-06-21 14:12:08.275 [info] Sync started.
2024-06-21 14:12:08.434 [info] Settings: No changes found during synchronizing settings.
2024-06-21 14:12:08.438 [info] Keybindings: No changes found during synchronizing keybindings.
2024-06-21 14:12:08.441 [info] Snippets: No changes found during synchronizing snippets.
2024-06-21 14:12:08.442 [info] Tasks: No changes found during synchronizing tasks.
2024-06-21 14:12:08.444 [info] GlobalState: No changes found during synchronizing ui state.
2024-06-21 14:12:08.484 [info] Extensions: No changes found during synchronizing extensions.
2024-06-21 14:12:08.485 [info] Profiles: No changes found during synchronizing profiles.
2024-06-21 14:12:08.486 [info] Sync done. Took 212ms
2024-06-21 14:17:08.497 [info] Auto Sync: Triggered by Interval
2024-06-21 14:17:08.497 [info] Sync started.
2024-06-21 14:17:08.671 [info] Settings: No changes found during synchronizing settings.
2024-06-21 14:17:08.676 [info] Keybindings: No changes found during synchronizing keybindings.
2024-06-21 14:17:08.678 [info] Snippets: No changes found during synchronizing snippets.
2024-06-21 14:17:08.679 [info] Tasks: No changes found during synchronizing tasks.
2024-06-21 14:17:08.682 [info] GlobalState: No changes found during synchronizing ui state.
2024-06-21 14:17:08.724 [info] Extensions: No changes found during synchronizing extensions.
2024-06-21 14:17:08.725 [info] Profiles: No changes found during synchronizing profiles.
2024-06-21 14:17:08.725 [info] Sync done. Took 229ms
2024-06-21 14:22:08.737 [info] Auto Sync: Triggered by Interval
2024-06-21 14:22:08.737 [info] Sync started.
2024-06-21 14:22:08.922 [info] Settings: No changes found during synchronizing settings.
2024-06-21 14:22:08.926 [info] Keybindings: No changes found during synchronizing keybindings.
2024-06-21 14:22:08.928 [info] Snippets: No changes found during synchronizing snippets.
2024-06-21 14:22:08.929 [info] Tasks: No changes found during synchronizing tasks.
2024-06-21 14:22:08.930 [info] GlobalState: No changes found during synchronizing ui state.
2024-06-21 14:22:08.970 [info] Extensions: No changes found during synchronizing extensions.
2024-06-21 14:22:08.970 [info] Profiles: No changes found during synchronizing profiles.
2024-06-21 14:22:08.971 [info] Sync done. Took 234ms
2024-06-21 14:27:08.973 [info] Auto Sync: Triggered by Interval
2024-06-21 14:27:08.973 [info] Sync started.
2024-06-21 14:27:09.137 [info] Settings: No changes found during synchronizing settings.
2024-06-21 14:27:09.141 [info] Keybindings: No changes found during synchronizing keybindings.
2024-06-21 14:27:09.143 [info] Snippets: No changes found during synchronizing snippets.
2024-06-21 14:27:09.144 [info] Tasks: No changes found during synchronizing tasks.
2024-06-21 14:27:09.146 [info] GlobalState: No changes found during synchronizing ui state.
2024-06-21 14:27:09.187 [info] Extensions: No changes found during synchronizing extensions.
2024-06-21 14:27:09.188 [info] Profiles: No changes found during synchronizing profiles.
2024-06-21 14:27:09.188 [info] Sync done. Took 216ms
2024-06-21 14:32:09.200 [info] Auto Sync: Triggered by Interval
2024-06-21 14:32:09.200 [info] Sync started.
2024-06-21 14:32:09.429 [info] Settings: No changes found during synchronizing settings.
2024-06-21 14:32:09.432 [info] Keybindings: No changes found during synchronizing keybindings.
2024-06-21 14:32:09.434 [info] Snippets: No changes found during synchronizing snippets.
2024-06-21 14:32:09.435 [info] Tasks: No changes found during synchronizing tasks.
2024-06-21 14:32:09.437 [info] GlobalState: No changes found during synchronizing ui state.
2024-06-21 14:32:09.477 [info] Extensions: No changes found during synchronizing extensions.
2024-06-21 14:32:09.478 [info] Profiles: No changes found during synchronizing profiles.
2024-06-21 14:32:09.479 [info] Sync done. Took 280ms
2024-06-21 14:37:09.490 [info] Auto Sync: Triggered by Interval
2024-06-21 14:37:09.490 [info] Sync started.
2024-06-21 14:37:09.779 [info] Settings: No changes found during synchronizing settings.
2024-06-21 14:37:09.784 [info] Keybindings: No changes found during synchronizing keybindings.
2024-06-21 14:37:09.785 [info] Snippets: No changes found during synchronizing snippets.
2024-06-21 14:37:09.786 [info] Tasks: No changes found during synchronizing tasks.
2024-06-21 14:37:09.788 [info] GlobalState: No changes found during synchronizing ui state.
2024-06-21 14:37:09.832 [info] Extensions: No changes found during synchronizing extensions.
2024-06-21 14:37:09.832 [info] Profiles: No changes found during synchronizing profiles.
2024-06-21 14:37:09.833 [info] Sync done. Took 344ms
2024-06-21 14:42:09.843 [info] Auto Sync: Triggered by Interval
2024-06-21 14:42:09.843 [info] Sync started.
2024-06-21 14:42:10.047 [info] Settings: No changes found during synchronizing settings.
2024-06-21 14:42:10.051 [info] Keybindings: No changes found during synchronizing keybindings.
2024-06-21 14:42:10.053 [info] Snippets: No changes found during synchronizing snippets.
2024-06-21 14:42:10.054 [info] Tasks: No changes found during synchronizing tasks.
2024-06-21 14:42:10.055 [info] GlobalState: No changes found during synchronizing ui state.
2024-06-21 14:42:10.097 [info] Extensions: No changes found during synchronizing extensions.
2024-06-21 14:42:10.098 [info] Profiles: No changes found during synchronizing profiles.
2024-06-21 14:42:10.099 [info] Sync done. Took 256ms
2024-06-21 14:47:10.111 [info] Auto Sync: Triggered by Interval
2024-06-21 14:47:10.111 [info] Sync started.
2024-06-21 14:47:10.285 [info] Settings: No changes found during synchronizing settings.
2024-06-21 14:47:10.288 [info] Keybindings: No changes found during synchronizing keybindings.
2024-06-21 14:47:10.290 [info] Snippets: No changes found during synchronizing snippets.
2024-06-21 14:47:10.291 [info] Tasks: No changes found during synchronizing tasks.
2024-06-21 14:47:10.293 [info] GlobalState: No changes found during synchronizing ui state.
2024-06-21 14:47:10.334 [info] Extensions: No changes found during synchronizing extensions.
2024-06-21 14:47:10.335 [info] Profiles: No changes found during synchronizing profiles.
2024-06-21 14:47:10.335 [info] Sync done. Took 224ms
2024-06-21 14:52:10.346 [info] Auto Sync: Triggered by Interval
2024-06-21 14:52:10.346 [info] Sync started.
2024-06-21 14:52:10.524 [info] Settings: No changes found during synchronizing settings.
2024-06-21 14:52:10.528 [info] Keybindings: No changes found during synchronizing keybindings.
2024-06-21 14:52:10.531 [info] Snippets: No changes found during synchronizing snippets.
2024-06-21 14:52:10.533 [info] Tasks: No changes found during synchronizing tasks.
2024-06-21 14:52:10.535 [info] GlobalState: No changes found during synchronizing ui state.
2024-06-21 14:52:10.579 [info] Extensions: No changes found during synchronizing extensions.
2024-06-21 14:52:10.580 [info] Profiles: No changes found during synchronizing profiles.
2024-06-21 14:52:10.580 [info] Sync done. Took 235ms
2024-06-21 14:57:10.592 [info] Auto Sync: Triggered by Interval
2024-06-21 14:57:10.593 [info] Sync started.
2024-06-21 14:57:10.763 [info] Settings: No changes found during synchronizing settings.
2024-06-21 14:57:10.767 [info] Keybindings: No changes found during synchronizing keybindings.
2024-06-21 14:57:10.769 [info] Snippets: No changes found during synchronizing snippets.
2024-06-21 14:57:10.770 [info] Tasks: No changes found during synchronizing tasks.
2024-06-21 14:57:10.771 [info] GlobalState: No changes found during synchronizing ui state.
2024-06-21 14:57:10.811 [info] Extensions: No changes found during synchronizing extensions.
2024-06-21 14:57:10.812 [info] Profiles: No changes found during synchronizing profiles.
2024-06-21 14:57:10.813 [info] Sync done. Took 220ms
2024-06-21 15:02:10.825 [info] Auto Sync: Triggered by Interval
2024-06-21 15:02:10.825 [info] Sync started.
2024-06-21 15:02:11.009 [info] Settings: No changes found during synchronizing settings.
2024-06-21 15:02:11.012 [info] Keybindings: No changes found during synchronizing keybindings.
2024-06-21 15:02:11.013 [info] Snippets: No changes found during synchronizing snippets.
2024-06-21 15:02:11.015 [info] Tasks: No changes found during synchronizing tasks.
2024-06-21 15:02:11.017 [info] GlobalState: No changes found during synchronizing ui state.
2024-06-21 15:02:11.055 [info] Extensions: No changes found during synchronizing extensions.
2024-06-21 15:02:11.056 [info] Profiles: No changes found during synchronizing profiles.
2024-06-21 15:02:11.057 [info] Sync done. Took 232ms
2024-06-21 15:07:11.067 [info] Auto Sync: Triggered by Interval
2024-06-21 15:07:11.068 [info] Sync started.
2024-06-21 15:07:11.233 [info] Settings: No changes found during synchronizing settings.
2024-06-21 15:07:11.236 [info] Keybindings: No changes found during synchronizing keybindings.
2024-06-21 15:07:11.239 [info] Snippets: No changes found during synchronizing snippets.
2024-06-21 15:07:11.240 [info] Tasks: No changes found during synchronizing tasks.
2024-06-21 15:07:11.242 [info] GlobalState: No changes found during synchronizing ui state.
2024-06-21 15:07:11.286 [info] Extensions: No changes found during synchronizing extensions.
2024-06-21 15:07:11.286 [info] Profiles: No changes found during synchronizing profiles.
2024-06-21 15:07:11.287 [info] Sync done. Took 220ms
2024-06-21 15:12:11.298 [info] Auto Sync: Triggered by Interval
2024-06-21 15:12:11.298 [info] Sync started.
2024-06-21 15:12:11.651 [info] Settings: No changes found during synchronizing settings.
2024-06-21 15:12:11.655 [info] Keybindings: No changes found during synchronizing keybindings.
2024-06-21 15:12:11.658 [info] Snippets: No changes found during synchronizing snippets.
2024-06-21 15:12:11.659 [info] Tasks: No changes found during synchronizing tasks.
2024-06-21 15:12:11.661 [info] GlobalState: No changes found during synchronizing ui state.
2024-06-21 15:12:11.703 [info] Extensions: No changes found during synchronizing extensions.
2024-06-21 15:12:11.704 [info] Profiles: No changes found during synchronizing profiles.
2024-06-21 15:12:11.704 [info] Sync done. Took 406ms
2024-06-21 15:17:11.716 [info] Auto Sync: Triggered by Interval
2024-06-21 15:17:11.716 [info] Sync started.
2024-06-21 15:17:11.881 [info] Settings: No changes found during synchronizing settings.
2024-06-21 15:17:11.886 [info] Keybindings: No changes found during synchronizing keybindings.
2024-06-21 15:17:11.888 [info] Snippets: No changes found during synchronizing snippets.
2024-06-21 15:17:11.890 [info] Tasks: No changes found during synchronizing tasks.
2024-06-21 15:17:11.892 [info] GlobalState: No changes found during synchronizing ui state.
2024-06-21 15:17:11.933 [info] Extensions: No changes found during synchronizing extensions.
2024-06-21 15:17:11.934 [info] Profiles: No changes found during synchronizing profiles.
2024-06-21 15:17:11.935 [info] Sync done. Took 219ms
2024-06-21 15:22:11.945 [info] Auto Sync: Triggered by Interval
2024-06-21 15:22:11.945 [info] Sync started.
2024-06-21 15:22:12.122 [info] Settings: No changes found during synchronizing settings.
2024-06-21 15:22:12.125 [info] Keybindings: No changes found during synchronizing keybindings.
2024-06-21 15:22:12.127 [info] Snippets: No changes found during synchronizing snippets.
2024-06-21 15:22:12.128 [info] Tasks: No changes found during synchronizing tasks.
2024-06-21 15:22:12.131 [info] GlobalState: No changes found during synchronizing ui state.
2024-06-21 15:22:12.175 [info] Extensions: No changes found during synchronizing extensions.
2024-06-21 15:22:12.176 [info] Profiles: No changes found during synchronizing profiles.
2024-06-21 15:22:12.176 [info] Sync done. Took 232ms
2024-06-21 15:27:12.186 [info] Auto Sync: Triggered by Interval
2024-06-21 15:27:12.186 [info] Sync started.
2024-06-21 15:27:12.366 [info] Settings: No changes found during synchronizing settings.
2024-06-21 15:27:12.369 [info] Keybindings: No changes found during synchronizing keybindings.
2024-06-21 15:27:12.371 [info] Snippets: No changes found during synchronizing snippets.
2024-06-21 15:27:12.372 [info] Tasks: No changes found during synchronizing tasks.
2024-06-21 15:27:12.374 [info] GlobalState: No changes found during synchronizing ui state.
2024-06-21 15:27:12.416 [info] Extensions: No changes found during synchronizing extensions.
2024-06-21 15:27:12.416 [info] Profiles: No changes found during synchronizing profiles.
2024-06-21 15:27:12.417 [info] Sync done. Took 232ms
2024-06-21 15:32:12.428 [info] Auto Sync: Triggered by Interval
2024-06-21 15:32:12.428 [info] Sync started.
2024-06-21 15:32:12.593 [info] Settings: No changes found during synchronizing settings.
2024-06-21 15:32:12.597 [info] Keybindings: No changes found during synchronizing keybindings.
2024-06-21 15:32:12.598 [info] Snippets: No changes found during synchronizing snippets.
2024-06-21 15:32:12.599 [info] Tasks: No changes found during synchronizing tasks.
2024-06-21 15:32:12.602 [info] GlobalState: No changes found during synchronizing ui state.
2024-06-21 15:32:12.641 [info] Extensions: No changes found during synchronizing extensions.
2024-06-21 15:32:12.641 [info] Profiles: No changes found during synchronizing profiles.
2024-06-21 15:32:12.642 [info] Sync done. Took 214ms
2024-06-21 15:37:12.653 [info] Auto Sync: Triggered by Interval
2024-06-21 15:37:12.654 [info] Sync started.
2024-06-21 15:37:12.833 [info] Settings: No changes found during synchronizing settings.
2024-06-21 15:37:12.836 [info] Keybindings: No changes found during synchronizing keybindings.
2024-06-21 15:37:12.838 [info] Snippets: No changes found during synchronizing snippets.
2024-06-21 15:37:12.839 [info] Tasks: No changes found during synchronizing tasks.
2024-06-21 15:37:12.841 [info] GlobalState: No changes found during synchronizing ui state.
2024-06-21 15:37:12.881 [info] Extensions: No changes found during synchronizing extensions.
2024-06-21 15:37:12.882 [info] Profiles: No changes found during synchronizing profiles.
2024-06-21 15:37:12.883 [info] Sync done. Took 229ms
2024-06-21 15:42:12.894 [info] Auto Sync: Triggered by Interval
2024-06-21 15:42:12.895 [info] Sync started.
2024-06-21 15:42:13.046 [info] Settings: No changes found during synchronizing settings.
2024-06-21 15:42:13.049 [info] Keybindings: No changes found during synchronizing keybindings.
2024-06-21 15:42:13.051 [info] Snippets: No changes found during synchronizing snippets.
2024-06-21 15:42:13.052 [info] Tasks: No changes found during synchronizing tasks.
2024-06-21 15:42:13.054 [info] GlobalState: No changes found during synchronizing ui state.
2024-06-21 15:42:13.095 [info] Extensions: No changes found during synchronizing extensions.
2024-06-21 15:42:13.096 [info] Profiles: No changes found during synchronizing profiles.
2024-06-21 15:42:13.096 [info] Sync done. Took 202ms
2024-06-21 15:47:13.108 [info] Auto Sync: Triggered by Interval
2024-06-21 15:47:13.108 [info] Sync started.
2024-06-21 15:47:13.281 [info] Settings: No changes found during synchronizing settings.
2024-06-21 15:47:13.288 [info] Keybindings: No changes found during synchronizing keybindings.
2024-06-21 15:47:13.291 [info] Snippets: No changes found during synchronizing snippets.
2024-06-21 15:47:13.293 [info] Tasks: No changes found during synchronizing tasks.
2024-06-21 15:47:13.296 [info] GlobalState: No changes found during synchronizing ui state.
2024-06-21 15:47:13.357 [info] Extensions: No changes found during synchronizing extensions.
2024-06-21 15:47:13.359 [info] Profiles: No changes found during synchronizing profiles.
2024-06-21 15:47:13.361 [info] Sync done. Took 253ms
2024-06-21 15:52:13.373 [info] Auto Sync: Triggered by Interval
2024-06-21 15:52:13.373 [info] Sync started.
2024-06-21 15:52:13.536 [info] Settings: No changes found during synchronizing settings.
2024-06-21 15:52:13.543 [info] Keybindings: No changes found during synchronizing keybindings.
2024-06-21 15:52:13.547 [info] Snippets: No changes found during synchronizing snippets.
2024-06-21 15:52:13.550 [info] Tasks: No changes found during synchronizing tasks.
2024-06-21 15:52:13.554 [info] GlobalState: No changes found during synchronizing ui state.
2024-06-21 15:52:13.624 [info] Extensions: No changes found during synchronizing extensions.
2024-06-21 15:52:13.625 [info] Profiles: No changes found during synchronizing profiles.
2024-06-21 15:52:13.627 [info] Sync done. Took 255ms
2024-06-21 15:57:13.639 [info] Auto Sync: Triggered by Interval
2024-06-21 15:57:13.639 [info] Sync started.
2024-06-21 15:57:13.798 [info] Settings: No changes found during synchronizing settings.
2024-06-21 15:57:13.804 [info] Keybindings: No changes found during synchronizing keybindings.
2024-06-21 15:57:13.807 [info] Snippets: No changes found during synchronizing snippets.
2024-06-21 15:57:13.810 [info] Tasks: No changes found during synchronizing tasks.
2024-06-21 15:57:13.812 [info] GlobalState: No changes found during synchronizing ui state.
2024-06-21 15:57:13.875 [info] Extensions: No changes found during synchronizing extensions.
2024-06-21 15:57:13.876 [info] Profiles: No changes found during synchronizing profiles.
2024-06-21 15:57:13.878 [info] Sync done. Took 240ms
2024-06-21 16:06:51.211 [info] Auto Sync: Triggered by Activity
2024-06-21 16:06:51.212 [info] Sync started.
2024-06-21 16:06:51.569 [info] Settings: No changes found during synchronizing settings.
2024-06-21 16:06:51.576 [info] Keybindings: No changes found during synchronizing keybindings.
2024-06-21 16:06:51.580 [info] Snippets: No changes found during synchronizing snippets.
2024-06-21 16:06:51.583 [info] Tasks: No changes found during synchronizing tasks.
2024-06-21 16:06:51.586 [info] GlobalState: No changes found during synchronizing ui state.
2024-06-21 16:06:51.652 [info] Extensions: No changes found during synchronizing extensions.
2024-06-21 16:06:51.653 [info] Profiles: No changes found during synchronizing profiles.
2024-06-21 16:06:51.654 [info] Sync done. Took 442ms
2024-06-21 16:11:08.731 [info] Auto Sync: Triggered by Activity
2024-06-21 16:11:08.732 [info] Sync started.
2024-06-21 16:11:08.978 [info] Settings: No changes found during synchronizing settings.
2024-06-21 16:11:08.986 [info] Keybindings: No changes found during synchronizing keybindings.
2024-06-21 16:11:08.989 [info] Snippets: No changes found during synchronizing snippets.
2024-06-21 16:11:08.992 [info] Tasks: No changes found during synchronizing tasks.
2024-06-21 16:11:08.994 [info] GlobalState: No changes found during synchronizing ui state.
2024-06-21 16:11:09.053 [info] Extensions: No changes found during synchronizing extensions.
2024-06-21 16:11:09.055 [info] Profiles: No changes found during synchronizing profiles.
2024-06-21 16:11:09.056 [info] Sync done. Took 325ms
2024-06-21 16:16:09.059 [info] Auto Sync: Triggered by Interval
2024-06-21 16:16:09.059 [info] Sync started.
2024-06-21 16:16:09.237 [info] Settings: No changes found during synchronizing settings.
2024-06-21 16:16:09.244 [info] Keybindings: No changes found during synchronizing keybindings.
2024-06-21 16:16:09.249 [info] Snippets: No changes found during synchronizing snippets.
2024-06-21 16:16:09.252 [info] Tasks: No changes found during synchronizing tasks.
2024-06-21 16:16:09.258 [info] GlobalState: No changes found during synchronizing ui state.
2024-06-21 16:16:09.340 [info] Extensions: No changes found during synchronizing extensions.
2024-06-21 16:16:09.343 [info] Profiles: No changes found during synchronizing profiles.
2024-06-21 16:16:09.344 [info] Sync done. Took 286ms
2024-06-21 16:21:09.352 [info] Auto Sync: Triggered by Interval
2024-06-21 16:21:09.352 [info] Sync started.
2024-06-21 16:21:09.527 [info] Settings: No changes found during synchronizing settings.
2024-06-21 16:21:09.534 [info] Keybindings: No changes found during synchronizing keybindings.
2024-06-21 16:21:09.538 [info] Snippets: No changes found during synchronizing snippets.
2024-06-21 16:21:09.541 [info] Tasks: No changes found during synchronizing tasks.
2024-06-21 16:21:09.545 [info] GlobalState: No changes found during synchronizing ui state.
2024-06-21 16:21:09.615 [info] Extensions: No changes found during synchronizing extensions.
2024-06-21 16:21:09.617 [info] Profiles: No changes found during synchronizing profiles.
2024-06-21 16:21:09.618 [info] Sync done. Took 267ms
2024-06-21 16:23:40.338 [info] Auto Sync: Triggered by Activity
2024-06-21 16:23:40.338 [info] Sync started.
2024-06-21 16:23:40.514 [info] Settings: No changes found during synchronizing settings.
2024-06-21 16:23:40.522 [info] Keybindings: No changes found during synchronizing keybindings.
2024-06-21 16:23:40.525 [info] Snippets: No changes found during synchronizing snippets.
2024-06-21 16:23:40.527 [info] Tasks: No changes found during synchronizing tasks.
2024-06-21 16:23:40.530 [info] GlobalState: No changes found during synchronizing ui state.
2024-06-21 16:23:40.606 [info] Extensions: No changes found during synchronizing extensions.
2024-06-21 16:23:40.608 [info] Profiles: No changes found during synchronizing profiles.
2024-06-21 16:23:40.612 [info] Sync done. Took 274ms
2024-06-21 16:28:40.620 [info] Auto Sync: Triggered by Interval
2024-06-21 16:28:40.620 [info] Sync started.
2024-06-21 16:28:40.626 [info] Request failed https://vscode-sync.trafficmanager.net/v1/manifest
2024-06-21 16:28:40.626 [error] RequestFailed (UserDataSyncError) syncResource:unknown operationId:unknown: Connection refused for the request 'https://vscode-sync.trafficmanager.net/v1/manifest'.
    at P.D (/usr/share/code/resources/app/out/vs/code/node/sharedProcess/sharedProcessMain.js:113:136316)
    at async P.manifest (/usr/share/code/resources/app/out/vs/code/node/sharedProcess/sharedProcessMain.js:113:133637)
    at async r.createSyncTask (/usr/share/code/resources/app/out/vs/code/node/sharedProcess/sharedProcessMain.js:113:107504)
    at async s.I (/usr/share/code/resources/app/out/vs/code/node/sharedProcess/sharedProcessMain.js:113:96553)
    at async s.H (/usr/share/code/resources/app/out/vs/code/node/sharedProcess/sharedProcessMain.js:113:96171)
2024-06-21 16:28:40.626 [error] RequestFailed (UserDataSyncError) syncResource:unknown operationId:unknown: Connection refused for the request 'https://vscode-sync.trafficmanager.net/v1/manifest'.
    at P.D (/usr/share/code/resources/app/out/vs/code/node/sharedProcess/sharedProcessMain.js:113:136316)
    at async P.manifest (/usr/share/code/resources/app/out/vs/code/node/sharedProcess/sharedProcessMain.js:113:133637)
    at async r.createSyncTask (/usr/share/code/resources/app/out/vs/code/node/sharedProcess/sharedProcessMain.js:113:107504)
    at async s.I (/usr/share/code/resources/app/out/vs/code/node/sharedProcess/sharedProcessMain.js:113:96553)
    at async s.H (/usr/share/code/resources/app/out/vs/code/node/sharedProcess/sharedProcessMain.js:113:96171)
2024-06-21 16:33:40.656 [info] Auto Sync: Triggered by Interval
2024-06-21 16:33:40.656 [info] Sync started.
2024-06-21 16:33:40.893 [info] Settings: No changes found during synchronizing settings.
2024-06-21 16:33:40.899 [info] Keybindings: No changes found during synchronizing keybindings.
2024-06-21 16:33:40.902 [info] Snippets: No changes found during synchronizing snippets.
2024-06-21 16:33:40.905 [info] Tasks: No changes found during synchronizing tasks.
2024-06-21 16:33:40.908 [info] GlobalState: No changes found during synchronizing ui state.
2024-06-21 16:33:40.983 [info] Extensions: No changes found during synchronizing extensions.
2024-06-21 16:33:40.984 [info] Profiles: No changes found during synchronizing profiles.
2024-06-21 16:33:40.985 [info] Sync done. Took 329ms
2024-06-21 16:38:41.619 [info] Auto Sync: Triggered by Interval
2024-06-21 16:38:41.619 [info] Sync started.
2024-06-21 16:38:41.787 [info] Settings: No changes found during synchronizing settings.
2024-06-21 16:38:41.796 [info] Keybindings: No changes found during synchronizing keybindings.
2024-06-21 16:38:41.802 [info] Snippets: No changes found during synchronizing snippets.
2024-06-21 16:38:41.805 [info] Tasks: No changes found during synchronizing tasks.
2024-06-21 16:38:41.809 [info] GlobalState: No changes found during synchronizing ui state.
2024-06-21 16:38:41.870 [info] Extensions: No changes found during synchronizing extensions.
2024-06-21 16:38:41.871 [info] Profiles: No changes found during synchronizing profiles.
2024-06-21 16:38:41.871 [info] Sync done. Took 252ms
2024-06-21 16:43:41.895 [info] Auto Sync: Triggered by Interval
2024-06-21 16:43:41.895 [info] Sync started.
2024-06-21 16:43:42.108 [info] Settings: No changes found during synchronizing settings.
2024-06-21 16:43:42.115 [info] Keybindings: No changes found during synchronizing keybindings.
2024-06-21 16:43:42.119 [info] Snippets: No changes found during synchronizing snippets.
2024-06-21 16:43:42.121 [info] Tasks: No changes found during synchronizing tasks.
2024-06-21 16:43:42.124 [info] GlobalState: No changes found during synchronizing ui state.
2024-06-21 16:43:42.216 [info] Extensions: No changes found during synchronizing extensions.
2024-06-21 16:43:42.218 [info] Profiles: No changes found during synchronizing profiles.
2024-06-21 16:43:42.219 [info] Sync done. Took 325ms
2024-06-21 16:48:42.249 [info] Auto Sync: Triggered by Interval
2024-06-21 16:48:42.249 [info] Sync started.
2024-06-21 16:48:42.415 [info] Settings: No changes found during synchronizing settings.
2024-06-21 16:48:42.421 [info] Keybindings: No changes found during synchronizing keybindings.
2024-06-21 16:48:42.426 [info] Snippets: No changes found during synchronizing snippets.
2024-06-21 16:48:42.429 [info] Tasks: No changes found during synchronizing tasks.
2024-06-21 16:48:42.432 [info] GlobalState: No changes found during synchronizing ui state.
2024-06-21 16:48:42.498 [info] Extensions: No changes found during synchronizing extensions.
2024-06-21 16:48:42.499 [info] Profiles: No changes found during synchronizing profiles.
2024-06-21 16:48:42.500 [info] Sync done. Took 251ms
2024-06-21 16:53:42.531 [info] Auto Sync: Triggered by Interval
2024-06-21 16:53:42.531 [info] Sync started.
2024-06-21 16:53:42.775 [info] Settings: No changes found during synchronizing settings.
2024-06-21 16:53:42.781 [info] Keybindings: No changes found during synchronizing keybindings.
2024-06-21 16:53:42.785 [info] Snippets: No changes found during synchronizing snippets.
2024-06-21 16:53:42.788 [info] Tasks: No changes found during synchronizing tasks.
2024-06-21 16:53:42.791 [info] GlobalState: No changes found during synchronizing ui state.
2024-06-21 16:53:42.861 [info] Extensions: No changes found during synchronizing extensions.
2024-06-21 16:53:42.862 [info] Profiles: No changes found during synchronizing profiles.
2024-06-21 16:53:42.863 [info] Sync done. Took 332ms
2024-06-21 16:58:42.894 [info] Auto Sync: Triggered by Interval
2024-06-21 16:58:42.894 [info] Sync started.
2024-06-21 16:58:43.062 [info] Settings: No changes found during synchronizing settings.
2024-06-21 16:58:43.068 [info] Keybindings: No changes found during synchronizing keybindings.
2024-06-21 16:58:43.073 [info] Snippets: No changes found during synchronizing snippets.
2024-06-21 16:58:43.076 [info] Tasks: No changes found during synchronizing tasks.
2024-06-21 16:58:43.079 [info] GlobalState: No changes found during synchronizing ui state.
2024-06-21 16:58:43.149 [info] Extensions: No changes found during synchronizing extensions.
2024-06-21 16:58:43.150 [info] Profiles: No changes found during synchronizing profiles.
2024-06-21 16:58:43.151 [info] Sync done. Took 256ms
2024-06-21 17:03:43.182 [info] Auto Sync: Triggered by Interval
2024-06-21 17:03:43.182 [info] Sync started.
2024-06-21 17:03:43.363 [info] Settings: No changes found during synchronizing settings.
2024-06-21 17:03:43.369 [info] Keybindings: No changes found during synchronizing keybindings.
2024-06-21 17:03:43.371 [info] Snippets: No changes found during synchronizing snippets.
2024-06-21 17:03:43.374 [info] Tasks: No changes found during synchronizing tasks.
2024-06-21 17:03:43.377 [info] GlobalState: No changes found during synchronizing ui state.
2024-06-21 17:03:43.448 [info] Extensions: No changes found during synchronizing extensions.
2024-06-21 17:03:43.449 [info] Profiles: No changes found during synchronizing profiles.
2024-06-21 17:03:43.450 [info] Sync done. Took 268ms
2024-06-21 17:08:43.481 [info] Auto Sync: Triggered by Interval
2024-06-21 17:08:43.481 [info] Sync started.
2024-06-21 17:08:43.671 [info] Settings: No changes found during synchronizing settings.
2024-06-21 17:08:43.678 [info] Keybindings: No changes found during synchronizing keybindings.
2024-06-21 17:08:43.682 [info] Snippets: No changes found during synchronizing snippets.
2024-06-21 17:08:43.685 [info] Tasks: No changes found during synchronizing tasks.
2024-06-21 17:08:43.689 [info] GlobalState: No changes found during synchronizing ui state.
2024-06-21 17:08:43.754 [info] Extensions: No changes found during synchronizing extensions.
2024-06-21 17:08:43.755 [info] Profiles: No changes found during synchronizing profiles.
2024-06-21 17:08:43.757 [info] Sync done. Took 276ms
2024-06-21 17:13:43.789 [info] Auto Sync: Triggered by Interval
2024-06-21 17:13:43.789 [info] Sync started.
2024-06-21 17:13:44.018 [info] Settings: No changes found during synchronizing settings.
2024-06-21 17:13:44.024 [info] Keybindings: No changes found during synchronizing keybindings.
2024-06-21 17:13:44.029 [info] Snippets: No changes found during synchronizing snippets.
2024-06-21 17:13:44.033 [info] Tasks: No changes found during synchronizing tasks.
2024-06-21 17:13:44.036 [info] GlobalState: No changes found during synchronizing ui state.
2024-06-21 17:13:44.118 [info] Extensions: No changes found during synchronizing extensions.
2024-06-21 17:13:44.118 [info] Profiles: No changes found during synchronizing profiles.
2024-06-21 17:13:44.119 [info] Sync done. Took 331ms
2024-06-21 17:18:44.122 [info] Auto Sync: Triggered by Interval
2024-06-21 17:18:44.122 [info] Sync started.
2024-06-21 17:18:44.288 [info] Settings: No changes found during synchronizing settings.
2024-06-21 17:18:44.296 [info] Keybindings: No changes found during synchronizing keybindings.
2024-06-21 17:18:44.301 [info] Snippets: No changes found during synchronizing snippets.
2024-06-21 17:18:44.304 [info] Tasks: No changes found during synchronizing tasks.
2024-06-21 17:18:44.307 [info] GlobalState: No changes found during synchronizing ui state.
2024-06-21 17:18:44.396 [info] Extensions: No changes found during synchronizing extensions.
2024-06-21 17:18:44.398 [info] Profiles: No changes found during synchronizing profiles.
2024-06-21 17:18:44.400 [info] Sync done. Took 278ms
2024-06-21 17:23:44.431 [info] Auto Sync: Triggered by Interval
2024-06-21 17:23:44.431 [info] Sync started.
2024-06-21 17:23:44.627 [info] Settings: No changes found during synchronizing settings.
2024-06-21 17:23:44.633 [info] Keybindings: No changes found during synchronizing keybindings.
2024-06-21 17:23:44.637 [info] Snippets: No changes found during synchronizing snippets.
2024-06-21 17:23:44.641 [info] Tasks: No changes found during synchronizing tasks.
2024-06-21 17:23:44.645 [info] GlobalState: No changes found during synchronizing ui state.
2024-06-21 17:23:44.712 [info] Extensions: No changes found during synchronizing extensions.
2024-06-21 17:23:44.714 [info] Profiles: No changes found during synchronizing profiles.
2024-06-21 17:23:44.715 [info] Sync done. Took 284ms
2024-06-21 17:28:44.745 [info] Auto Sync: Triggered by Interval
2024-06-21 17:28:44.746 [info] Sync started.
2024-06-21 17:28:44.956 [info] Settings: No changes found during synchronizing settings.
2024-06-21 17:28:44.963 [info] Keybindings: No changes found during synchronizing keybindings.
2024-06-21 17:28:44.967 [info] Snippets: No changes found during synchronizing snippets.
2024-06-21 17:28:44.971 [info] Tasks: No changes found during synchronizing tasks.
2024-06-21 17:28:44.974 [info] GlobalState: No changes found during synchronizing ui state.
2024-06-21 17:28:45.055 [info] Extensions: No changes found during synchronizing extensions.
2024-06-21 17:28:45.056 [info] Profiles: No changes found during synchronizing profiles.
2024-06-21 17:28:45.057 [info] Sync done. Took 311ms
2024-06-21 17:33:45.061 [info] Auto Sync: Triggered by Interval
2024-06-21 17:33:45.061 [info] Sync started.
2024-06-21 17:33:45.229 [info] Settings: No changes found during synchronizing settings.
2024-06-21 17:33:45.236 [info] Keybindings: No changes found during synchronizing keybindings.
2024-06-21 17:33:45.239 [info] Snippets: No changes found during synchronizing snippets.
2024-06-21 17:33:45.241 [info] Tasks: No changes found during synchronizing tasks.
2024-06-21 17:33:45.244 [info] GlobalState: No changes found during synchronizing ui state.
2024-06-21 17:33:45.321 [info] Extensions: No changes found during synchronizing extensions.
2024-06-21 17:33:45.324 [info] Profiles: No changes found during synchronizing profiles.
2024-06-21 17:33:45.325 [info] Sync done. Took 263ms
2024-06-21 17:38:45.357 [info] Auto Sync: Triggered by Interval
2024-06-21 17:38:45.357 [info] Sync started.
2024-06-21 17:38:45.560 [info] Settings: No changes found during synchronizing settings.
2024-06-21 17:38:45.566 [info] Keybindings: No changes found during synchronizing keybindings.
2024-06-21 17:38:45.571 [info] Snippets: No changes found during synchronizing snippets.
2024-06-21 17:38:45.573 [info] Tasks: No changes found during synchronizing tasks.
2024-06-21 17:38:45.579 [info] GlobalState: No changes found during synchronizing ui state.
2024-06-21 17:38:45.651 [info] Extensions: No changes found during synchronizing extensions.
2024-06-21 17:38:45.655 [info] Profiles: No changes found during synchronizing profiles.
2024-06-21 17:38:45.656 [info] Sync done. Took 299ms
2024-06-21 17:43:45.672 [info] Auto Sync: Triggered by Interval
2024-06-21 17:43:45.672 [info] Sync started.
2024-06-21 17:43:45.816 [info] Settings: No changes found during synchronizing settings.
2024-06-21 17:43:45.822 [info] Keybindings: No changes found during synchronizing keybindings.
2024-06-21 17:43:45.826 [info] Snippets: No changes found during synchronizing snippets.
2024-06-21 17:43:45.829 [info] Tasks: No changes found during synchronizing tasks.
2024-06-21 17:43:45.832 [info] GlobalState: No changes found during synchronizing ui state.
2024-06-21 17:43:45.891 [info] Extensions: No changes found during synchronizing extensions.
2024-06-21 17:43:45.892 [info] Profiles: No changes found during synchronizing profiles.
2024-06-21 17:43:45.894 [info] Sync done. Took 222ms
2024-06-21 17:44:17.403 [info] Auto Sync: Triggered by Activity
2024-06-21 17:44:17.403 [info] Sync started.
2024-06-21 17:44:17.463 [info] Settings: No changes found during synchronizing settings.
2024-06-21 17:44:17.469 [info] Keybindings: No changes found during synchronizing keybindings.
2024-06-21 17:44:17.473 [info] Snippets: No changes found during synchronizing snippets.
2024-06-21 17:44:17.476 [info] Tasks: No changes found during synchronizing tasks.
2024-06-21 17:44:17.479 [info] GlobalState: No changes found during synchronizing ui state.
2024-06-21 17:44:17.533 [info] Extensions: No changes found during synchronizing extensions.
2024-06-21 17:44:17.537 [info] Profiles: No changes found during synchronizing profiles.
2024-06-21 17:44:17.539 [info] Sync done. Took 136ms
2024-06-21 17:45:23.229 [info] Auto Sync: Triggered by Activity
2024-06-21 17:45:23.229 [info] Sync started.
2024-06-21 17:45:23.292 [info] Settings: No changes found during synchronizing settings.
2024-06-21 17:45:23.299 [info] Keybindings: No changes found during synchronizing keybindings.
2024-06-21 17:45:23.303 [info] Snippets: No changes found during synchronizing snippets.
2024-06-21 17:45:23.304 [info] Tasks: No changes found during synchronizing tasks.
2024-06-21 17:45:23.307 [info] GlobalState: No changes found during synchronizing ui state.
2024-06-21 17:45:23.365 [info] Extensions: No changes found during synchronizing extensions.
2024-06-21 17:45:23.366 [info] Profiles: No changes found during synchronizing profiles.
2024-06-21 17:45:23.367 [info] Sync done. Took 138ms
2024-06-21 17:45:42.379 [info] Auto Sync: Triggered by Activity
2024-06-21 17:45:42.379 [info] Sync started.
2024-06-21 17:45:42.435 [info] Settings: No changes found during synchronizing settings.
2024-06-21 17:45:42.440 [info] Keybindings: No changes found during synchronizing keybindings.
2024-06-21 17:45:42.443 [info] Snippets: No changes found during synchronizing snippets.
2024-06-21 17:45:42.444 [info] Tasks: No changes found during synchronizing tasks.
2024-06-21 17:45:42.447 [info] GlobalState: No changes found during synchronizing ui state.
2024-06-21 17:45:42.502 [info] Extensions: No changes found during synchronizing extensions.
2024-06-21 17:45:42.504 [info] Profiles: No changes found during synchronizing profiles.
2024-06-21 17:45:42.508 [info] Sync done. Took 130ms
2024-06-21 17:46:14.008 [info] Auto Sync: Triggered by Activity
2024-06-21 17:46:14.008 [info] Sync started.
2024-06-21 17:46:14.071 [info] Settings: No changes found during synchronizing settings.
2024-06-21 17:46:14.078 [info] Keybindings: No changes found during synchronizing keybindings.
2024-06-21 17:46:14.082 [info] Snippets: No changes found during synchronizing snippets.
2024-06-21 17:46:14.086 [info] Tasks: No changes found during synchronizing tasks.
2024-06-21 17:46:14.089 [info] GlobalState: No changes found during synchronizing ui state.
2024-06-21 17:46:14.152 [info] Extensions: No changes found during synchronizing extensions.
2024-06-21 17:46:14.153 [info] Profiles: No changes found during synchronizing profiles.
2024-06-21 17:46:14.154 [info] Sync done. Took 146ms
2024-06-21 17:51:14.165 [info] Auto Sync: Triggered by Interval
2024-06-21 17:51:14.165 [info] Sync started.
2024-06-21 17:51:14.328 [info] Settings: No changes found during synchronizing settings.
2024-06-21 17:51:14.336 [info] Keybindings: No changes found during synchronizing keybindings.
2024-06-21 17:51:14.340 [info] Snippets: No changes found during synchronizing snippets.
2024-06-21 17:51:14.342 [info] Tasks: No changes found during synchronizing tasks.
2024-06-21 17:51:14.346 [info] GlobalState: No changes found during synchronizing ui state.
2024-06-21 17:51:14.433 [info] Extensions: No changes found during synchronizing extensions.
2024-06-21 17:51:14.434 [info] Profiles: No changes found during synchronizing profiles.
2024-06-21 17:51:14.436 [info] Sync done. Took 271ms
