2024-06-17 10:00:57.973 [error] electron #1: https://az764295.vo.msecnd.net/extensions/marketplace.json - error GET net::ERR_INTERNET_DISCONNECTED
2024-06-17 10:00:58.908 [error] electron #2: https://update.code.visualstudio.com/api/update/linux-x64/stable/611f9bfce64f25108829dd295f54a6894e87339d - error undefined net::ERR_INTERNET_DISCONNECTED
2024-06-17 10:00:59.354 [error] electron #3: https://vscode-sync.trafficmanager.net/v1/manifest - error GET net::ERR_INTERNET_DISCONNECTED
2024-06-17 10:00:59.985 [error] electron #4: https://mobile.events.data.microsoft.com/OneCollector/1.0?cors=true&content-type=application/x-json-stream - error POST net::ERR_INTERNET_DISCONNECTED
2024-06-17 10:01:00.207 [error] electron #5: https://update.code.visualstudio.com/api/update/linux-x64/stable/611f9bfce64f25108829dd295f54a6894e87339d - error undefined net::ERR_INTERNET_DISCONNECTED
2024-06-17 10:01:01.987 [error] electron #6: https://mobile.events.data.microsoft.com/OneCollector/1.0?cors=true&content-type=application/x-json-stream - error POST net::ERR_INTERNET_DISCONNECTED
2024-06-17 10:01:02.931 [error] electron #7: https://mobile.events.data.microsoft.com/OneCollector/1.0?cors=true&content-type=application/x-json-stream - error POST net::ERR_INTERNET_DISCONNECTED
2024-06-17 10:01:04.929 [error] electron #8: https://mobile.events.data.microsoft.com/OneCollector/1.0?cors=true&content-type=application/x-json-stream - error POST net::ERR_INTERNET_DISCONNECTED
2024-06-17 10:01:17.627 [error] electron #9: https://mobile.events.data.microsoft.com/OneCollector/1.0?cors=true&content-type=application/x-json-stream - error POST net::ERR_INTERNET_DISCONNECTED
2024-06-17 10:01:18.282 [error] electron #10: https://vscode-sync.trafficmanager.net/v1/manifest - error GET net::ERR_INTERNET_DISCONNECTED
2024-06-17 10:01:20.140 [error] electron #11: https://mobile.events.data.microsoft.com/OneCollector/1.0?cors=true&content-type=application/x-json-stream - error POST net::ERR_INTERNET_DISCONNECTED
2024-06-17 10:01:25.437 [error] electron #12: https://update.code.visualstudio.com/api/update/linux-x64/stable/611f9bfce64f25108829dd295f54a6894e87339d - error undefined net::ERR_INTERNET_DISCONNECTED
2024-06-17 10:01:46.563 [error] electron #13: https://update.code.visualstudio.com/api/update/linux-x64/stable/611f9bfce64f25108829dd295f54a6894e87339d - error undefined net::ERR_INTERNET_DISCONNECTED
2024-06-17 10:01:46.622 [error] electron #14: https://mobile.events.data.microsoft.com/OneCollector/1.0?cors=true&content-type=application/x-json-stream - error POST net::ERR_INTERNET_DISCONNECTED
2024-06-17 10:01:49.832 [error] electron #15: https://mobile.events.data.microsoft.com/OneCollector/1.0?cors=true&content-type=application/x-json-stream - error POST net::ERR_INTERNET_DISCONNECTED
2024-06-17 10:01:54.371 [error] electron #16: https://vscode-sync.trafficmanager.net/v1/manifest - error GET net::ERR_INTERNET_DISCONNECTED
2024-06-17 10:02:34.727 [error] electron #17: https://mobile.events.data.microsoft.com/OneCollector/1.0?cors=true&content-type=application/x-json-stream - error POST net::ERR_INTERNET_DISCONNECTED
2024-06-17 10:02:37.291 [error] electron #18: https://mobile.events.data.microsoft.com/OneCollector/1.0?cors=true&content-type=application/x-json-stream - error POST net::ERR_INTERNET_DISCONNECTED
2024-06-17 10:03:25.529 [error] electron #19: https://mobile.events.data.microsoft.com/OneCollector/1.0?cors=true&content-type=application/x-json-stream - error POST net::ERR_INTERNET_DISCONNECTED
2024-06-17 10:03:29.054 [error] electron #20: https://mobile.events.data.microsoft.com/OneCollector/1.0?cors=true&content-type=application/x-json-stream - error POST net::ERR_INTERNET_DISCONNECTED
2024-06-17 10:06:48.763 [error] electron #21: https://az764295.vo.msecnd.net/extensions/marketplace.json - error GET net::ERR_INTERNET_DISCONNECTED
2024-06-17 10:06:54.385 [error] electron #22: https://vscode-sync.trafficmanager.net/v1/manifest - error GET net::ERR_INTERNET_DISCONNECTED
2024-06-17 10:07:40.300 [error] electron #23: https://mobile.events.data.microsoft.com/OneCollector/1.0?cors=true&content-type=application/x-json-stream - error POST net::ERR_INTERNET_DISCONNECTED
2024-06-17 10:07:43.164 [error] electron #24: https://mobile.events.data.microsoft.com/OneCollector/1.0?cors=true&content-type=application/x-json-stream - error POST net::ERR_INTERNET_DISCONNECTED
2024-06-17 10:11:48.819 [error] electron #25: https://az764295.vo.msecnd.net/extensions/marketplace.json - error GET net::ERR_INTERNET_DISCONNECTED
2024-06-17 10:11:54.397 [error] electron #26: https://vscode-sync.trafficmanager.net/v1/manifest - error GET net::ERR_INTERNET_DISCONNECTED
2024-06-17 10:12:42.785 [error] electron #27: https://mobile.events.data.microsoft.com/OneCollector/1.0?cors=true&content-type=application/x-json-stream - error POST net::ERR_INTERNET_DISCONNECTED
2024-06-17 10:12:46.079 [error] electron #28: https://mobile.events.data.microsoft.com/OneCollector/1.0?cors=true&content-type=application/x-json-stream - error POST net::ERR_INTERNET_DISCONNECTED
2024-06-17 10:16:24.285 [error] electron #29: https://vscode-sync.trafficmanager.net/v1/manifest - error GET net::ERR_INTERNET_DISCONNECTED
2024-06-17 10:16:48.872 [error] electron #30: https://az764295.vo.msecnd.net/extensions/marketplace.json - error GET net::ERR_INTERNET_DISCONNECTED
2024-06-17 10:17:10.316 [error] electron #31: https://mobile.events.data.microsoft.com/OneCollector/1.0?cors=true&content-type=application/x-json-stream - error POST net::ERR_INTERNET_DISCONNECTED
2024-06-17 10:17:13.624 [error] electron #32: https://mobile.events.data.microsoft.com/OneCollector/1.0?cors=true&content-type=application/x-json-stream - error POST net::ERR_INTERNET_DISCONNECTED
2024-06-17 10:21:24.318 [error] electron #33: https://vscode-sync.trafficmanager.net/v1/manifest - error GET net::ERR_INTERNET_DISCONNECTED
2024-06-17 10:21:48.922 [error] electron #34: https://az764295.vo.msecnd.net/extensions/marketplace.json - error GET net::ERR_INTERNET_DISCONNECTED
2024-06-17 10:22:08.422 [error] electron #35: https://mobile.events.data.microsoft.com/OneCollector/1.0?cors=true&content-type=application/x-json-stream - error POST net::ERR_INTERNET_DISCONNECTED
2024-06-17 10:22:11.883 [error] electron #36: https://mobile.events.data.microsoft.com/OneCollector/1.0?cors=true&content-type=application/x-json-stream - error POST net::ERR_INTERNET_DISCONNECTED
2024-06-17 10:23:35.296 [error] electron #37: https://mobile.events.data.microsoft.com/OneCollector/1.0?cors=true&content-type=application/x-json-stream - error POST net::ERR_INTERNET_DISCONNECTED
2024-06-17 10:23:38.297 [error] electron #38: https://mobile.events.data.microsoft.com/OneCollector/1.0?cors=true&content-type=application/x-json-stream - error POST net::ERR_INTERNET_DISCONNECTED
2024-06-17 10:24:47.999 [error] electron #39: https://vscode-sync.trafficmanager.net/v1/manifest - error GET net::ERR_INTERNET_DISCONNECTED
2024-06-17 10:25:30.689 [error] electron #40: https://mobile.events.data.microsoft.com/OneCollector/1.0?cors=true&content-type=application/x-json-stream - error POST net::ERR_INTERNET_DISCONNECTED
2024-06-17 10:25:33.821 [error] electron #41: https://mobile.events.data.microsoft.com/OneCollector/1.0?cors=true&content-type=application/x-json-stream - error POST net::ERR_INTERNET_DISCONNECTED
2024-06-17 10:26:48.974 [error] electron #42: https://az764295.vo.msecnd.net/extensions/marketplace.json - error GET net::ERR_INTERNET_DISCONNECTED
2024-06-17 10:29:48.022 [error] electron #43: https://vscode-sync.trafficmanager.net/v1/manifest - error GET net::ERR_INTERNET_DISCONNECTED
2024-06-17 10:30:36.128 [error] electron #44: https://mobile.events.data.microsoft.com/OneCollector/1.0?cors=true&content-type=application/x-json-stream - error POST net::ERR_INTERNET_DISCONNECTED
2024-06-17 10:30:39.630 [error] electron #45: https://mobile.events.data.microsoft.com/OneCollector/1.0?cors=true&content-type=application/x-json-stream - error POST net::ERR_INTERNET_DISCONNECTED
2024-06-17 10:31:49.025 [error] electron #46: https://az764295.vo.msecnd.net/extensions/marketplace.json - error GET net::ERR_INTERNET_DISCONNECTED
2024-06-17 10:34:48.077 [error] electron #47: https://vscode-sync.trafficmanager.net/v1/manifest - error GET net::ERR_INTERNET_DISCONNECTED
2024-06-17 10:35:43.808 [error] electron #48: https://mobile.events.data.microsoft.com/OneCollector/1.0?cors=true&content-type=application/x-json-stream - error POST net::ERR_INTERNET_DISCONNECTED
2024-06-17 10:35:46.575 [error] electron #49: https://mobile.events.data.microsoft.com/OneCollector/1.0?cors=true&content-type=application/x-json-stream - error POST net::ERR_INTERNET_DISCONNECTED
2024-06-17 10:36:49.080 [error] electron #50: https://az764295.vo.msecnd.net/extensions/marketplace.json - error GET net::ERR_INTERNET_DISCONNECTED
2024-06-17 10:39:48.105 [error] electron #51: https://vscode-sync.trafficmanager.net/v1/manifest - error GET net::ERR_INTERNET_DISCONNECTED
2024-06-17 10:40:29.261 [error] electron #52: https://mobile.events.data.microsoft.com/OneCollector/1.0?cors=true&content-type=application/x-json-stream - error POST net::ERR_INTERNET_DISCONNECTED
2024-06-17 10:40:32.849 [error] electron #53: https://mobile.events.data.microsoft.com/OneCollector/1.0?cors=true&content-type=application/x-json-stream - error POST net::ERR_INTERNET_DISCONNECTED
2024-06-17 10:41:49.136 [error] electron #54: https://az764295.vo.msecnd.net/extensions/marketplace.json - error GET net::ERR_INTERNET_DISCONNECTED
2024-06-17 11:22:50.115 [error] electron #55: https://vscode-sync.trafficmanager.net/v1/manifest - error GET net::ERR_INTERNET_DISCONNECTED
2024-06-17 11:23:36.280 [error] electron #56: https://mobile.events.data.microsoft.com/OneCollector/1.0?cors=true&content-type=application/x-json-stream - error POST net::ERR_INTERNET_DISCONNECTED
2024-06-17 11:23:39.752 [error] electron #57: https://mobile.events.data.microsoft.com/OneCollector/1.0?cors=true&content-type=application/x-json-stream - error POST net::ERR_INTERNET_DISCONNECTED
2024-06-17 11:23:58.516 [error] electron #58: https://update.code.visualstudio.com/api/update/linux-x64/stable/611f9bfce64f25108829dd295f54a6894e87339d - error undefined net::ERR_INTERNET_DISCONNECTED
2024-06-17 11:23:58.789 [error] electron #59: https://az764295.vo.msecnd.net/extensions/marketplace.json - error GET net::ERR_INTERNET_DISCONNECTED
2024-06-17 11:24:44.993 [error] electron #60: https://mobile.events.data.microsoft.com/OneCollector/1.0?cors=true&content-type=application/x-json-stream - error POST net::ERR_INTERNET_DISCONNECTED
2024-06-17 11:24:48.154 [error] electron #61: https://mobile.events.data.microsoft.com/OneCollector/1.0?cors=true&content-type=application/x-json-stream - error POST net::ERR_INTERNET_DISCONNECTED
2024-06-17 11:25:43.838 [error] electron #62: https://mobile.events.data.microsoft.com/OneCollector/1.0?cors=true&content-type=application/x-json-stream - error POST net::ERR_INTERNET_DISCONNECTED
2024-06-17 11:25:43.838 [error] electron #63: https://mobile.events.data.microsoft.com/OneCollector/1.0?cors=true&content-type=application/x-json-stream - error POST net::ERR_INTERNET_DISCONNECTED
2024-06-17 11:25:46.759 [error] electron #64: https://mobile.events.data.microsoft.com/OneCollector/1.0?cors=true&content-type=application/x-json-stream - error POST net::ERR_INTERNET_DISCONNECTED
2024-06-17 11:25:47.420 [error] electron #65: https://mobile.events.data.microsoft.com/OneCollector/1.0?cors=true&content-type=application/x-json-stream - error POST net::ERR_INTERNET_DISCONNECTED
2024-06-17 11:26:22.826 [error] electron #66: https://vscode-sync.trafficmanager.net/v1/manifest - error GET net::ERR_INTERNET_DISCONNECTED
2024-06-17 11:27:13.277 [error] electron #67: https://mobile.events.data.microsoft.com/OneCollector/1.0?cors=true&content-type=application/x-json-stream - error POST net::ERR_INTERNET_DISCONNECTED
2024-06-17 11:27:13.278 [error] electron #68: https://mobile.events.data.microsoft.com/OneCollector/1.0?cors=true&content-type=application/x-json-stream - error POST net::ERR_INTERNET_DISCONNECTED
2024-06-17 11:27:16.030 [error] electron #69: https://mobile.events.data.microsoft.com/OneCollector/1.0?cors=true&content-type=application/x-json-stream - error POST net::ERR_INTERNET_DISCONNECTED
2024-06-17 11:27:16.665 [error] electron #70: https://mobile.events.data.microsoft.com/OneCollector/1.0?cors=true&content-type=application/x-json-stream - error POST net::ERR_INTERNET_DISCONNECTED
2024-06-17 11:29:01.329 [error] electron #71: https://az764295.vo.msecnd.net/extensions/marketplace.json - error GET net::ERR_INTERNET_DISCONNECTED
2024-06-17 11:31:22.885 [error] electron #72: https://vscode-sync.trafficmanager.net/v1/manifest - error GET net::ERR_INTERNET_DISCONNECTED
2024-06-17 11:32:10.484 [error] electron #73: https://mobile.events.data.microsoft.com/OneCollector/1.0?cors=true&content-type=application/x-json-stream - error POST net::ERR_INTERNET_DISCONNECTED
2024-06-17 11:32:13.047 [error] electron #74: https://mobile.events.data.microsoft.com/OneCollector/1.0?cors=true&content-type=application/x-json-stream - error POST net::ERR_INTERNET_DISCONNECTED
2024-06-17 11:34:01.390 [error] electron #75: https://az764295.vo.msecnd.net/extensions/marketplace.json - error GET net::ERR_INTERNET_DISCONNECTED
2024-06-17 11:36:22.944 [error] electron #76: https://vscode-sync.trafficmanager.net/v1/manifest - error GET net::ERR_INTERNET_DISCONNECTED
2024-06-17 11:37:01.658 [error] electron #77: https://mobile.events.data.microsoft.com/OneCollector/1.0?cors=true&content-type=application/x-json-stream - error POST net::ERR_INTERNET_DISCONNECTED
2024-06-17 11:37:04.362 [error] electron #78: https://mobile.events.data.microsoft.com/OneCollector/1.0?cors=true&content-type=application/x-json-stream - error POST net::ERR_INTERNET_DISCONNECTED
2024-06-17 11:37:55.266 [error] electron #79: https://mobile.events.data.microsoft.com/OneCollector/1.0?cors=true&content-type=application/x-json-stream - error POST net::ERR_INTERNET_DISCONNECTED
2024-06-17 11:37:58.441 [error] electron #80: https://mobile.events.data.microsoft.com/OneCollector/1.0?cors=true&content-type=application/x-json-stream - error POST net::ERR_INTERNET_DISCONNECTED
2024-06-17 11:39:01.440 [error] electron #81: https://az764295.vo.msecnd.net/extensions/marketplace.json - error GET net::ERR_INTERNET_DISCONNECTED
2024-06-17 11:39:55.102 [error] electron #82: https://update.code.visualstudio.com/api/update/linux-x64/stable/611f9bfce64f25108829dd295f54a6894e87339d - error undefined net::ERR_INTERNET_DISCONNECTED
2024-06-17 11:41:20.921 [error] electron #83: https://mobile.events.data.microsoft.com/OneCollector/1.0?cors=true&content-type=application/x-json-stream - error POST net::ERR_INTERNET_DISCONNECTED
2024-06-17 11:41:22.952 [error] electron #84: https://vscode-sync.trafficmanager.net/v1/manifest - error GET net::ERR_INTERNET_DISCONNECTED
2024-06-17 11:41:23.942 [error] electron #85: https://mobile.events.data.microsoft.com/OneCollector/1.0?cors=true&content-type=application/x-json-stream - error POST net::ERR_INTERNET_DISCONNECTED
2024-06-17 11:42:12.599 [error] electron #86: https://mobile.events.data.microsoft.com/OneCollector/1.0?cors=true&content-type=application/x-json-stream - error POST net::ERR_INTERNET_DISCONNECTED
2024-06-17 11:42:15.277 [error] electron #87: https://mobile.events.data.microsoft.com/OneCollector/1.0?cors=true&content-type=application/x-json-stream - error POST net::ERR_INTERNET_DISCONNECTED
2024-06-17 11:44:01.487 [error] electron #88: https://az764295.vo.msecnd.net/extensions/marketplace.json - error GET net::ERR_INTERNET_DISCONNECTED
2024-06-17 11:46:22.960 [error] electron #89: https://vscode-sync.trafficmanager.net/v1/manifest - error GET net::ERR_INTERNET_DISCONNECTED
2024-06-17 11:47:14.535 [error] electron #90: https://mobile.events.data.microsoft.com/OneCollector/1.0?cors=true&content-type=application/x-json-stream - error POST net::ERR_INTERNET_DISCONNECTED
2024-06-17 11:47:17.487 [error] electron #91: https://mobile.events.data.microsoft.com/OneCollector/1.0?cors=true&content-type=application/x-json-stream - error POST net::ERR_INTERNET_DISCONNECTED
2024-06-17 11:48:02.388 [error] electron #92: https://vscode-sync.trafficmanager.net/v1/manifest - error GET net::ERR_INTERNET_DISCONNECTED
2024-06-17 11:48:52.564 [error] electron #93: https://mobile.events.data.microsoft.com/OneCollector/1.0?cors=true&content-type=application/x-json-stream - error POST net::ERR_INTERNET_DISCONNECTED
2024-06-17 11:48:55.005 [error] electron #94: https://mobile.events.data.microsoft.com/OneCollector/1.0?cors=true&content-type=application/x-json-stream - error POST net::ERR_INTERNET_DISCONNECTED
2024-06-17 11:49:01.536 [error] electron #95: https://az764295.vo.msecnd.net/extensions/marketplace.json - error GET net::ERR_INTERNET_DISCONNECTED
2024-06-17 11:50:12.633 [error] electron #96: https://mobile.events.data.microsoft.com/OneCollector/1.0?cors=true&content-type=application/x-json-stream - error POST net::ERR_INTERNET_DISCONNECTED
2024-06-17 11:50:15.273 [error] electron #97: https://mobile.events.data.microsoft.com/OneCollector/1.0?cors=true&content-type=application/x-json-stream - error POST net::ERR_INTERNET_DISCONNECTED
2024-06-17 11:51:09.461 [error] electron #98: https://mobile.events.data.microsoft.com/OneCollector/1.0?cors=true&content-type=application/x-json-stream - error POST net::ERR_INTERNET_DISCONNECTED
2024-06-17 11:51:12.472 [error] electron #99: https://mobile.events.data.microsoft.com/OneCollector/1.0?cors=true&content-type=application/x-json-stream - error POST net::ERR_INTERNET_DISCONNECTED
2024-06-17 11:52:36.938 [error] electron #100: https://mobile.events.data.microsoft.com/OneCollector/1.0?cors=true&content-type=application/x-json-stream - error POST net::ERR_INTERNET_DISCONNECTED
2024-06-17 11:52:39.897 [error] electron #101: https://mobile.events.data.microsoft.com/OneCollector/1.0?cors=true&content-type=application/x-json-stream - error POST net::ERR_INTERNET_DISCONNECTED
2024-06-17 11:53:02.397 [error] electron #102: https://vscode-sync.trafficmanager.net/v1/manifest - error GET net::ERR_INTERNET_DISCONNECTED
2024-06-17 11:53:24.624 [error] electron #103: https://mobile.events.data.microsoft.com/OneCollector/1.0?cors=true&content-type=application/x-json-stream - error POST net::ERR_INTERNET_DISCONNECTED
2024-06-17 11:53:27.073 [error] electron #104: https://mobile.events.data.microsoft.com/OneCollector/1.0?cors=true&content-type=application/x-json-stream - error POST net::ERR_INTERNET_DISCONNECTED
2024-06-17 11:54:01.578 [error] electron #105: https://az764295.vo.msecnd.net/extensions/marketplace.json - error GET net::ERR_INTERNET_DISCONNECTED
2024-06-17 11:54:40.481 [error] electron #106: https://mobile.events.data.microsoft.com/OneCollector/1.0?cors=true&content-type=application/x-json-stream - error POST net::ERR_INTERNET_DISCONNECTED
2024-06-17 11:54:43.102 [error] electron #107: https://mobile.events.data.microsoft.com/OneCollector/1.0?cors=true&content-type=application/x-json-stream - error POST net::ERR_INTERNET_DISCONNECTED
2024-06-17 11:58:02.435 [error] electron #108: https://vscode-sync.trafficmanager.net/v1/manifest - error GET net::ERR_INTERNET_DISCONNECTED
2024-06-17 11:58:54.242 [error] electron #109: https://mobile.events.data.microsoft.com/OneCollector/1.0?cors=true&content-type=application/x-json-stream - error POST net::ERR_INTERNET_DISCONNECTED
2024-06-17 11:58:57.700 [error] electron #110: https://mobile.events.data.microsoft.com/OneCollector/1.0?cors=true&content-type=application/x-json-stream - error POST net::ERR_INTERNET_DISCONNECTED
2024-06-17 11:59:01.642 [error] electron #111: https://az764295.vo.msecnd.net/extensions/marketplace.json - error GET net::ERR_INTERNET_DISCONNECTED
2024-06-17 12:03:02.452 [error] electron #112: https://vscode-sync.trafficmanager.net/v1/manifest - error GET net::ERR_INTERNET_DISCONNECTED
2024-06-17 12:03:15.755 [error] electron #113: https://mobile.events.data.microsoft.com/OneCollector/1.0?cors=true&content-type=application/x-json-stream - error POST net::ERR_INTERNET_DISCONNECTED
2024-06-17 12:03:18.592 [error] electron #114: https://mobile.events.data.microsoft.com/OneCollector/1.0?cors=true&content-type=application/x-json-stream - error POST net::ERR_INTERNET_DISCONNECTED
2024-06-17 12:04:01.692 [error] electron #115: https://az764295.vo.msecnd.net/extensions/marketplace.json - error GET net::ERR_INTERNET_DISCONNECTED
2024-06-17 12:08:02.461 [error] electron #116: https://vscode-sync.trafficmanager.net/v1/manifest - error GET net::ERR_INTERNET_DISCONNECTED
2024-06-17 12:08:52.979 [error] electron #117: https://mobile.events.data.microsoft.com/OneCollector/1.0?cors=true&content-type=application/x-json-stream - error POST net::ERR_INTERNET_DISCONNECTED
2024-06-17 12:08:56.081 [error] electron #118: https://mobile.events.data.microsoft.com/OneCollector/1.0?cors=true&content-type=application/x-json-stream - error POST net::ERR_INTERNET_DISCONNECTED
2024-06-17 12:09:01.743 [error] electron #119: https://az764295.vo.msecnd.net/extensions/marketplace.json - error GET net::ERR_INTERNET_DISCONNECTED
2024-06-17 12:13:02.493 [error] electron #120: https://vscode-sync.trafficmanager.net/v1/manifest - error GET net::ERR_INTERNET_DISCONNECTED
2024-06-17 12:13:50.179 [error] electron #121: https://mobile.events.data.microsoft.com/OneCollector/1.0?cors=true&content-type=application/x-json-stream - error POST net::ERR_INTERNET_DISCONNECTED
2024-06-17 12:13:53.669 [error] electron #122: https://mobile.events.data.microsoft.com/OneCollector/1.0?cors=true&content-type=application/x-json-stream - error POST net::ERR_INTERNET_DISCONNECTED
2024-06-17 12:14:01.799 [error] electron #123: https://az764295.vo.msecnd.net/extensions/marketplace.json - error GET net::ERR_INTERNET_DISCONNECTED
2024-06-17 12:18:35.098 [error] electron #124: https://vscode-sync.trafficmanager.net/v1/manifest - error GET net::ERR_INTERNET_DISCONNECTED
2024-06-17 12:19:23.265 [error] electron #125: https://mobile.events.data.microsoft.com/OneCollector/1.0?cors=true&content-type=application/x-json-stream - error POST net::ERR_INTERNET_DISCONNECTED
2024-06-17 12:19:26.525 [error] electron #126: https://mobile.events.data.microsoft.com/OneCollector/1.0?cors=true&content-type=application/x-json-stream - error POST net::ERR_INTERNET_DISCONNECTED
2024-06-17 12:19:34.720 [error] electron #127: https://az764295.vo.msecnd.net/extensions/marketplace.json - error GET net::ERR_INTERNET_DISCONNECTED
2024-06-17 12:20:14.835 [error] electron #128: https://vscode-sync.trafficmanager.net/v1/manifest - error GET net::ERR_INTERNET_DISCONNECTED
2024-06-17 12:21:06.529 [error] electron #129: https://mobile.events.data.microsoft.com/OneCollector/1.0?cors=true&content-type=application/x-json-stream - error POST net::ERR_INTERNET_DISCONNECTED
2024-06-17 12:21:09.977 [error] electron #130: https://mobile.events.data.microsoft.com/OneCollector/1.0?cors=true&content-type=application/x-json-stream - error POST net::ERR_INTERNET_DISCONNECTED
2024-06-17 12:24:35.721 [error] electron #131: https://az764295.vo.msecnd.net/extensions/marketplace.json - error GET net::ERR_INTERNET_DISCONNECTED
2024-06-17 12:25:14.854 [error] electron #132: https://vscode-sync.trafficmanager.net/v1/manifest - error GET net::ERR_INTERNET_DISCONNECTED
2024-06-17 12:26:05.974 [error] electron #133: https://mobile.events.data.microsoft.com/OneCollector/1.0?cors=true&content-type=application/x-json-stream - error POST net::ERR_INTERNET_DISCONNECTED
2024-06-17 12:26:08.720 [error] electron #134: https://mobile.events.data.microsoft.com/OneCollector/1.0?cors=true&content-type=application/x-json-stream - error POST net::ERR_INTERNET_DISCONNECTED
2024-06-17 12:29:36.720 [error] electron #135: https://az764295.vo.msecnd.net/extensions/marketplace.json - error GET net::ERR_INTERNET_DISCONNECTED
2024-06-17 12:30:14.863 [error] electron #136: https://vscode-sync.trafficmanager.net/v1/manifest - error GET net::ERR_INTERNET_DISCONNECTED
2024-06-17 12:31:01.802 [error] electron #137: https://mobile.events.data.microsoft.com/OneCollector/1.0?cors=true&content-type=application/x-json-stream - error POST net::ERR_INTERNET_DISCONNECTED
2024-06-17 12:31:05.276 [error] electron #138: https://mobile.events.data.microsoft.com/OneCollector/1.0?cors=true&content-type=application/x-json-stream - error POST net::ERR_INTERNET_DISCONNECTED
2024-06-17 13:59:23.912 [error] electron #139: https://az764295.vo.msecnd.net/extensions/marketplace.json - error GET net::ERR_INTERNET_DISCONNECTED
2024-06-17 13:59:35.723 [error] electron #140: https://mobile.events.data.microsoft.com/OneCollector/1.0?cors=true&content-type=application/x-json-stream - error POST net::ERR_INTERNET_DISCONNECTED
2024-06-17 13:59:38.990 [error] electron #141: https://mobile.events.data.microsoft.com/OneCollector/1.0?cors=true&content-type=application/x-json-stream - error POST net::ERR_INTERNET_DISCONNECTED
2024-06-17 14:00:02.001 [error] electron #142: https://vscode-sync.trafficmanager.net/v1/manifest - error GET net::ERR_INTERNET_DISCONNECTED
2024-06-17 14:00:33.050 [error] electron #143: https://mobile.events.data.microsoft.com/OneCollector/1.0?cors=true&content-type=application/x-json-stream - error POST net::ERR_INTERNET_DISCONNECTED
2024-06-17 14:00:36.302 [error] electron #144: https://mobile.events.data.microsoft.com/OneCollector/1.0?cors=true&content-type=application/x-json-stream - error POST net::ERR_INTERNET_DISCONNECTED
2024-06-17 14:01:46.473 [error] electron #145: https://mobile.events.data.microsoft.com/OneCollector/1.0?cors=true&content-type=application/x-json-stream - error POST net::ERR_INTERNET_DISCONNECTED
2024-06-17 14:01:49.029 [error] electron #146: https://mobile.events.data.microsoft.com/OneCollector/1.0?cors=true&content-type=application/x-json-stream - error POST net::ERR_INTERNET_DISCONNECTED
2024-06-17 14:02:49.783 [error] electron #147: https://vscode-sync.trafficmanager.net/v1/manifest - error GET net::ERR_INTERNET_DISCONNECTED
2024-06-17 14:03:38.358 [error] electron #148: https://mobile.events.data.microsoft.com/OneCollector/1.0?cors=true&content-type=application/x-json-stream - error POST net::ERR_INTERNET_DISCONNECTED
2024-06-17 14:03:41.733 [error] electron #149: https://mobile.events.data.microsoft.com/OneCollector/1.0?cors=true&content-type=application/x-json-stream - error POST net::ERR_INTERNET_DISCONNECTED
2024-06-17 14:04:23.979 [error] electron #150: https://az764295.vo.msecnd.net/extensions/marketplace.json - error GET net::ERR_INTERNET_DISCONNECTED
2024-06-17 14:05:14.804 [error] electron #151: https://update.code.visualstudio.com/api/update/linux-x64/stable/611f9bfce64f25108829dd295f54a6894e87339d - error undefined net::ERR_INTERNET_DISCONNECTED
2024-06-17 14:05:37.273 [error] electron #152: https://mobile.events.data.microsoft.com/OneCollector/1.0?cors=true&content-type=application/x-json-stream - error POST net::ERR_INTERNET_DISCONNECTED
2024-06-17 14:05:40.526 [error] electron #153: https://mobile.events.data.microsoft.com/OneCollector/1.0?cors=true&content-type=application/x-json-stream - error POST net::ERR_INTERNET_DISCONNECTED
2024-06-17 14:07:00.578 [error] electron #154: https://mobile.events.data.microsoft.com/OneCollector/1.0?cors=true&content-type=application/x-json-stream - error POST net::ERR_INTERNET_DISCONNECTED
2024-06-17 14:07:03.422 [error] electron #155: https://mobile.events.data.microsoft.com/OneCollector/1.0?cors=true&content-type=application/x-json-stream - error POST net::ERR_INTERNET_DISCONNECTED
2024-06-17 14:07:49.845 [error] electron #156: https://vscode-sync.trafficmanager.net/v1/manifest - error GET net::ERR_INTERNET_DISCONNECTED
2024-06-17 14:08:11.056 [error] electron #157: https://vscode-sync.trafficmanager.net/v1/manifest - error GET net::ERR_INTERNET_DISCONNECTED
2024-06-17 14:08:40.840 [error] electron #158: https://mobile.events.data.microsoft.com/OneCollector/1.0?cors=true&content-type=application/x-json-stream - error POST net::ERR_INTERNET_DISCONNECTED
2024-06-17 14:08:44.384 [error] electron #159: https://mobile.events.data.microsoft.com/OneCollector/1.0?cors=true&content-type=application/x-json-stream - error POST net::ERR_INTERNET_DISCONNECTED
2024-06-17 14:09:24.059 [error] electron #160: https://az764295.vo.msecnd.net/extensions/marketplace.json - error GET net::ERR_INTERNET_DISCONNECTED
2024-06-17 14:13:11.091 [error] electron #161: https://vscode-sync.trafficmanager.net/v1/manifest - error GET net::ERR_INTERNET_DISCONNECTED
2024-06-17 14:14:01.964 [error] electron #162: https://mobile.events.data.microsoft.com/OneCollector/1.0?cors=true&content-type=application/x-json-stream - error POST net::ERR_INTERNET_DISCONNECTED
2024-06-17 14:14:05.182 [error] electron #163: https://mobile.events.data.microsoft.com/OneCollector/1.0?cors=true&content-type=application/x-json-stream - error POST net::ERR_INTERNET_DISCONNECTED
2024-06-17 14:14:24.127 [error] electron #164: https://az764295.vo.msecnd.net/extensions/marketplace.json - error GET net::ERR_INTERNET_DISCONNECTED
2024-06-17 14:18:11.119 [error] electron #165: https://vscode-sync.trafficmanager.net/v1/manifest - error GET net::ERR_INTERNET_DISCONNECTED
2024-06-17 14:18:51.198 [error] electron #166: https://mobile.events.data.microsoft.com/OneCollector/1.0?cors=true&content-type=application/x-json-stream - error POST net::ERR_INTERNET_DISCONNECTED
2024-06-17 14:18:53.915 [error] electron #167: https://mobile.events.data.microsoft.com/OneCollector/1.0?cors=true&content-type=application/x-json-stream - error POST net::ERR_INTERNET_DISCONNECTED
2024-06-17 14:19:24.194 [error] electron #168: https://az764295.vo.msecnd.net/extensions/marketplace.json - error GET net::ERR_INTERNET_DISCONNECTED
2024-06-17 14:19:53.178 [error] electron #169: https://vscode-sync.trafficmanager.net/v1/manifest - error GET net::ERR_INTERNET_DISCONNECTED
2024-06-17 14:20:34.264 [error] electron #170: https://mobile.events.data.microsoft.com/OneCollector/1.0?cors=true&content-type=application/x-json-stream - error POST net::ERR_INTERNET_DISCONNECTED
2024-06-17 14:20:37.848 [error] electron #171: https://mobile.events.data.microsoft.com/OneCollector/1.0?cors=true&content-type=application/x-json-stream - error POST net::ERR_INTERNET_DISCONNECTED
2024-06-17 14:22:49.650 [error] electron #172: https://mobile.events.data.microsoft.com/OneCollector/1.0?cors=true&content-type=application/x-json-stream - error POST net::ERR_INTERNET_DISCONNECTED
2024-06-17 14:22:52.145 [error] electron #173: https://mobile.events.data.microsoft.com/OneCollector/1.0?cors=true&content-type=application/x-json-stream - error POST net::ERR_INTERNET_DISCONNECTED
2024-06-17 14:23:42.401 [error] electron #174: https://mobile.events.data.microsoft.com/OneCollector/1.0?cors=true&content-type=application/x-json-stream - error POST net::ERR_INTERNET_DISCONNECTED
2024-06-17 14:23:45.744 [error] electron #175: https://mobile.events.data.microsoft.com/OneCollector/1.0?cors=true&content-type=application/x-json-stream - error POST net::ERR_INTERNET_DISCONNECTED
2024-06-17 14:24:24.248 [error] electron #176: https://az764295.vo.msecnd.net/extensions/marketplace.json - error GET net::ERR_INTERNET_DISCONNECTED
2024-06-17 14:24:53.194 [error] electron #177: https://vscode-sync.trafficmanager.net/v1/manifest - error GET net::ERR_INTERNET_DISCONNECTED
2024-06-17 14:25:00.463 [error] electron #178: https://vscode-sync.trafficmanager.net/v1/manifest - error GET net::ERR_INTERNET_DISCONNECTED
2024-06-17 14:25:38.959 [error] electron #179: https://mobile.events.data.microsoft.com/OneCollector/1.0?cors=true&content-type=application/x-json-stream - error POST net::ERR_INTERNET_DISCONNECTED
2024-06-17 14:25:42.147 [error] electron #180: https://mobile.events.data.microsoft.com/OneCollector/1.0?cors=true&content-type=application/x-json-stream - error POST net::ERR_INTERNET_DISCONNECTED
2024-06-17 14:29:24.306 [error] electron #181: https://az764295.vo.msecnd.net/extensions/marketplace.json - error GET net::ERR_INTERNET_DISCONNECTED
2024-06-17 14:30:00.485 [error] electron #182: https://vscode-sync.trafficmanager.net/v1/manifest - error GET net::ERR_INTERNET_DISCONNECTED
2024-06-17 14:30:45.605 [error] electron #183: https://mobile.events.data.microsoft.com/OneCollector/1.0?cors=true&content-type=application/x-json-stream - error POST net::ERR_INTERNET_DISCONNECTED
2024-06-17 14:30:48.141 [error] electron #184: https://mobile.events.data.microsoft.com/OneCollector/1.0?cors=true&content-type=application/x-json-stream - error POST net::ERR_INTERNET_DISCONNECTED
2024-06-17 14:34:24.371 [error] electron #185: https://az764295.vo.msecnd.net/extensions/marketplace.json - error GET net::ERR_INTERNET_DISCONNECTED
2024-06-17 14:35:00.508 [error] electron #186: https://vscode-sync.trafficmanager.net/v1/manifest - error GET net::ERR_INTERNET_DISCONNECTED
2024-06-17 14:35:48.479 [error] electron #187: https://mobile.events.data.microsoft.com/OneCollector/1.0?cors=true&content-type=application/x-json-stream - error POST net::ERR_INTERNET_DISCONNECTED
2024-06-17 14:35:51.148 [error] electron #188: https://mobile.events.data.microsoft.com/OneCollector/1.0?cors=true&content-type=application/x-json-stream - error POST net::ERR_INTERNET_DISCONNECTED
2024-06-17 14:39:24.457 [error] electron #189: https://az764295.vo.msecnd.net/extensions/marketplace.json - error GET net::ERR_INTERNET_DISCONNECTED
2024-06-17 14:40:00.538 [error] electron #190: https://vscode-sync.trafficmanager.net/v1/manifest - error GET net::ERR_INTERNET_DISCONNECTED
2024-06-17 14:40:45.661 [error] electron #191: https://mobile.events.data.microsoft.com/OneCollector/1.0?cors=true&content-type=application/x-json-stream - error POST net::ERR_INTERNET_DISCONNECTED
2024-06-17 14:40:49.264 [error] electron #192: https://mobile.events.data.microsoft.com/OneCollector/1.0?cors=true&content-type=application/x-json-stream - error POST net::ERR_INTERNET_DISCONNECTED
2024-06-17 14:44:24.531 [error] electron #193: https://az764295.vo.msecnd.net/extensions/marketplace.json - error GET net::ERR_INTERNET_DISCONNECTED
2024-06-17 14:45:00.563 [error] electron #194: https://vscode-sync.trafficmanager.net/v1/manifest - error GET net::ERR_INTERNET_DISCONNECTED
2024-06-17 14:45:52.938 [error] electron #195: https://mobile.events.data.microsoft.com/OneCollector/1.0?cors=true&content-type=application/x-json-stream - error POST net::ERR_INTERNET_DISCONNECTED
2024-06-17 14:45:55.972 [error] electron #196: https://mobile.events.data.microsoft.com/OneCollector/1.0?cors=true&content-type=application/x-json-stream - error POST net::ERR_INTERNET_DISCONNECTED
2024-06-17 14:48:32.486 [error] electron #197: https://vscode-sync.trafficmanager.net/v1/manifest - error GET net::ERR_INTERNET_DISCONNECTED
2024-06-17 14:49:21.476 [error] electron #198: https://mobile.events.data.microsoft.com/OneCollector/1.0?cors=true&content-type=application/x-json-stream - error POST net::ERR_INTERNET_DISCONNECTED
2024-06-17 14:49:24.606 [error] electron #199: https://az764295.vo.msecnd.net/extensions/marketplace.json - error GET net::ERR_INTERNET_DISCONNECTED
2024-06-17 14:49:24.632 [error] electron #200: https://mobile.events.data.microsoft.com/OneCollector/1.0?cors=true&content-type=application/x-json-stream - error POST net::ERR_INTERNET_DISCONNECTED
2024-06-17 14:51:44.302 [error] electron #201: https://mobile.events.data.microsoft.com/OneCollector/1.0?cors=true&content-type=application/x-json-stream - error POST net::ERR_INTERNET_DISCONNECTED
2024-06-17 14:51:46.921 [error] electron #202: https://mobile.events.data.microsoft.com/OneCollector/1.0?cors=true&content-type=application/x-json-stream - error POST net::ERR_INTERNET_DISCONNECTED
2024-06-17 14:52:43.632 [error] electron #203: https://mobile.events.data.microsoft.com/OneCollector/1.0?cors=true&content-type=application/x-json-stream - error POST net::ERR_INTERNET_DISCONNECTED
2024-06-17 14:52:47.072 [error] electron #204: https://mobile.events.data.microsoft.com/OneCollector/1.0?cors=true&content-type=application/x-json-stream - error POST net::ERR_INTERNET_DISCONNECTED
2024-06-17 14:53:32.502 [error] electron #205: https://vscode-sync.trafficmanager.net/v1/manifest - error GET net::ERR_INTERNET_DISCONNECTED
2024-06-17 14:54:20.201 [error] electron #206: https://mobile.events.data.microsoft.com/OneCollector/1.0?cors=true&content-type=application/x-json-stream - error POST net::ERR_INTERNET_DISCONNECTED
2024-06-17 14:54:23.630 [error] electron #207: https://mobile.events.data.microsoft.com/OneCollector/1.0?cors=true&content-type=application/x-json-stream - error POST net::ERR_INTERNET_DISCONNECTED
2024-06-17 14:54:24.680 [error] electron #208: https://az764295.vo.msecnd.net/extensions/marketplace.json - error GET net::ERR_INTERNET_DISCONNECTED
2024-06-17 14:56:09.925 [error] electron #209: https://mobile.events.data.microsoft.com/OneCollector/1.0?cors=true&content-type=application/x-json-stream - error POST net::ERR_INTERNET_DISCONNECTED
2024-06-17 14:56:13.101 [error] electron #210: https://mobile.events.data.microsoft.com/OneCollector/1.0?cors=true&content-type=application/x-json-stream - error POST net::ERR_INTERNET_DISCONNECTED
2024-06-17 14:57:17.888 [error] electron #211: https://vscode-sync.trafficmanager.net/v1/manifest - error GET net::ERR_INTERNET_DISCONNECTED
2024-06-17 14:58:10.651 [error] electron #212: https://mobile.events.data.microsoft.com/OneCollector/1.0?cors=true&content-type=application/x-json-stream - error POST net::ERR_INTERNET_DISCONNECTED
2024-06-17 14:58:14.248 [error] electron #213: https://mobile.events.data.microsoft.com/OneCollector/1.0?cors=true&content-type=application/x-json-stream - error POST net::ERR_INTERNET_DISCONNECTED
2024-06-17 14:59:24.755 [error] electron #214: https://az764295.vo.msecnd.net/extensions/marketplace.json - error GET net::ERR_INTERNET_DISCONNECTED
2024-06-17 14:59:43.727 [error] electron #215: https://mobile.events.data.microsoft.com/OneCollector/1.0?cors=true&content-type=application/x-json-stream - error POST net::ERR_INTERNET_DISCONNECTED
2024-06-17 14:59:46.933 [error] electron #216: https://mobile.events.data.microsoft.com/OneCollector/1.0?cors=true&content-type=application/x-json-stream - error POST net::ERR_INTERNET_DISCONNECTED
2024-06-17 15:01:30.304 [error] electron #217: https://vscode-sync.trafficmanager.net/v1/manifest - error GET net::ERR_INTERNET_DISCONNECTED
2024-06-17 15:02:20.099 [error] electron #218: https://mobile.events.data.microsoft.com/OneCollector/1.0?cors=true&content-type=application/x-json-stream - error POST net::ERR_INTERNET_DISCONNECTED
2024-06-17 15:02:23.626 [error] electron #219: https://mobile.events.data.microsoft.com/OneCollector/1.0?cors=true&content-type=application/x-json-stream - error POST net::ERR_INTERNET_DISCONNECTED
2024-06-17 15:04:24.819 [error] electron #220: https://az764295.vo.msecnd.net/extensions/marketplace.json - error GET net::ERR_INTERNET_DISCONNECTED
2024-06-17 15:05:14.806 [error] electron #221: https://update.code.visualstudio.com/api/update/linux-x64/stable/611f9bfce64f25108829dd295f54a6894e87339d - error undefined net::ERR_INTERNET_DISCONNECTED
2024-06-17 15:06:11.439 [error] electron #222: https://mobile.events.data.microsoft.com/OneCollector/1.0?cors=true&content-type=application/x-json-stream - error POST net::ERR_INTERNET_DISCONNECTED
2024-06-17 15:06:14.973 [error] electron #223: https://mobile.events.data.microsoft.com/OneCollector/1.0?cors=true&content-type=application/x-json-stream - error POST net::ERR_INTERNET_DISCONNECTED
2024-06-17 15:06:30.326 [error] electron #224: https://vscode-sync.trafficmanager.net/v1/manifest - error GET net::ERR_INTERNET_DISCONNECTED
2024-06-17 15:07:23.823 [error] electron #225: https://vscode-sync.trafficmanager.net/v1/manifest - error GET net::ERR_INTERNET_DISCONNECTED
2024-06-17 15:07:24.471 [error] electron #226: https://mobile.events.data.microsoft.com/OneCollector/1.0?cors=true&content-type=application/x-json-stream - error POST net::ERR_INTERNET_DISCONNECTED
2024-06-17 15:07:27.870 [error] electron #227: https://mobile.events.data.microsoft.com/OneCollector/1.0?cors=true&content-type=application/x-json-stream - error POST net::ERR_INTERNET_DISCONNECTED
2024-06-17 15:09:24.888 [error] electron #228: https://az764295.vo.msecnd.net/extensions/marketplace.json - error GET net::ERR_INTERNET_DISCONNECTED
2024-06-17 15:11:19.301 [error] electron #229: https://mobile.events.data.microsoft.com/OneCollector/1.0?cors=true&content-type=application/x-json-stream - error POST net::ERR_INTERNET_DISCONNECTED
2024-06-17 15:11:22.024 [error] electron #230: https://mobile.events.data.microsoft.com/OneCollector/1.0?cors=true&content-type=application/x-json-stream - error POST net::ERR_INTERNET_DISCONNECTED
2024-06-17 15:12:23.867 [error] electron #231: https://vscode-sync.trafficmanager.net/v1/manifest - error GET net::ERR_INTERNET_DISCONNECTED
2024-06-17 15:12:32.524 [error] electron #232: https://vscode-sync.trafficmanager.net/v1/manifest - error GET net::ERR_INTERNET_DISCONNECTED
2024-06-17 15:13:14.128 [error] electron #233: https://mobile.events.data.microsoft.com/OneCollector/1.0?cors=true&content-type=application/x-json-stream - error POST net::ERR_INTERNET_DISCONNECTED
2024-06-17 15:13:16.898 [error] electron #234: https://mobile.events.data.microsoft.com/OneCollector/1.0?cors=true&content-type=application/x-json-stream - error POST net::ERR_INTERNET_DISCONNECTED
2024-06-17 15:14:24.959 [error] electron #235: https://az764295.vo.msecnd.net/extensions/marketplace.json - error GET net::ERR_INTERNET_DISCONNECTED
2024-06-17 15:14:51.429 [error] electron #236: https://mobile.events.data.microsoft.com/OneCollector/1.0?cors=true&content-type=application/x-json-stream - error POST net::ERR_INTERNET_DISCONNECTED
2024-06-17 15:14:54.288 [error] electron #237: https://mobile.events.data.microsoft.com/OneCollector/1.0?cors=true&content-type=application/x-json-stream - error POST net::ERR_INTERNET_DISCONNECTED
2024-06-17 15:16:04.083 [error] electron #238: https://vscode-sync.trafficmanager.net/v1/manifest - error GET net::ERR_INTERNET_DISCONNECTED
2024-06-17 15:16:43.171 [error] electron #239: https://mobile.events.data.microsoft.com/OneCollector/1.0?cors=true&content-type=application/x-json-stream - error POST net::ERR_INTERNET_DISCONNECTED
2024-06-17 15:16:45.988 [error] electron #240: https://mobile.events.data.microsoft.com/OneCollector/1.0?cors=true&content-type=application/x-json-stream - error POST net::ERR_INTERNET_DISCONNECTED
2024-06-17 15:19:25.013 [error] electron #241: https://az764295.vo.msecnd.net/extensions/marketplace.json - error GET net::ERR_INTERNET_DISCONNECTED
2024-06-17 15:21:04.108 [error] electron #242: https://vscode-sync.trafficmanager.net/v1/manifest - error GET net::ERR_INTERNET_DISCONNECTED
2024-06-17 15:21:58.679 [error] electron #243: https://mobile.events.data.microsoft.com/OneCollector/1.0?cors=true&content-type=application/x-json-stream - error POST net::ERR_INTERNET_DISCONNECTED
2024-06-17 15:22:01.597 [error] electron #244: https://mobile.events.data.microsoft.com/OneCollector/1.0?cors=true&content-type=application/x-json-stream - error POST net::ERR_INTERNET_DISCONNECTED
2024-06-17 15:24:25.070 [error] electron #245: https://az764295.vo.msecnd.net/extensions/marketplace.json - error GET net::ERR_INTERNET_DISCONNECTED
2024-06-17 15:26:04.143 [error] electron #246: https://vscode-sync.trafficmanager.net/v1/manifest - error GET net::ERR_INTERNET_DISCONNECTED
2024-06-17 15:26:58.871 [error] electron #247: https://mobile.events.data.microsoft.com/OneCollector/1.0?cors=true&content-type=application/x-json-stream - error POST net::ERR_INTERNET_DISCONNECTED
2024-06-17 15:27:02.065 [error] electron #248: https://mobile.events.data.microsoft.com/OneCollector/1.0?cors=true&content-type=application/x-json-stream - error POST net::ERR_INTERNET_DISCONNECTED
2024-06-17 15:28:23.600 [error] electron #249: https://vscode-sync.trafficmanager.net/v1/manifest - error GET net::ERR_INTERNET_DISCONNECTED
2024-06-17 15:29:09.030 [error] electron #250: https://mobile.events.data.microsoft.com/OneCollector/1.0?cors=true&content-type=application/x-json-stream - error POST net::ERR_INTERNET_DISCONNECTED
2024-06-17 15:29:11.807 [error] electron #251: https://mobile.events.data.microsoft.com/OneCollector/1.0?cors=true&content-type=application/x-json-stream - error POST net::ERR_INTERNET_DISCONNECTED
2024-06-17 15:29:25.135 [error] electron #252: https://az764295.vo.msecnd.net/extensions/marketplace.json - error GET net::ERR_INTERNET_DISCONNECTED
2024-06-17 15:33:23.636 [error] electron #253: https://vscode-sync.trafficmanager.net/v1/manifest - error GET net::ERR_INTERNET_DISCONNECTED
2024-06-17 15:34:13.509 [error] electron #254: https://mobile.events.data.microsoft.com/OneCollector/1.0?cors=true&content-type=application/x-json-stream - error POST net::ERR_INTERNET_DISCONNECTED
2024-06-17 15:34:16.357 [error] electron #255: https://mobile.events.data.microsoft.com/OneCollector/1.0?cors=true&content-type=application/x-json-stream - error POST net::ERR_INTERNET_DISCONNECTED
2024-06-17 15:34:25.203 [error] electron #256: https://az764295.vo.msecnd.net/extensions/marketplace.json - error GET net::ERR_INTERNET_DISCONNECTED
2024-06-17 15:35:31.246 [error] electron #257: https://mobile.events.data.microsoft.com/OneCollector/1.0?cors=true&content-type=application/x-json-stream - error POST net::ERR_INTERNET_DISCONNECTED
2024-06-17 15:35:34.279 [error] electron #258: https://mobile.events.data.microsoft.com/OneCollector/1.0?cors=true&content-type=application/x-json-stream - error POST net::ERR_INTERNET_DISCONNECTED
2024-06-17 15:36:39.072 [error] electron #259: https://vscode-sync.trafficmanager.net/v1/manifest - error GET net::ERR_INTERNET_DISCONNECTED
2024-06-17 15:37:27.971 [error] electron #260: https://mobile.events.data.microsoft.com/OneCollector/1.0?cors=true&content-type=application/x-json-stream - error POST net::ERR_INTERNET_DISCONNECTED
2024-06-17 15:37:30.602 [error] electron #261: https://mobile.events.data.microsoft.com/OneCollector/1.0?cors=true&content-type=application/x-json-stream - error POST net::ERR_INTERNET_DISCONNECTED
2024-06-17 15:39:25.276 [error] electron #262: https://az764295.vo.msecnd.net/extensions/marketplace.json - error GET net::ERR_INTERNET_DISCONNECTED
2024-06-17 15:41:39.123 [error] electron #263: https://vscode-sync.trafficmanager.net/v1/manifest - error GET net::ERR_INTERNET_DISCONNECTED
2024-06-17 15:42:25.118 [error] electron #264: https://mobile.events.data.microsoft.com/OneCollector/1.0?cors=true&content-type=application/x-json-stream - error POST net::ERR_INTERNET_DISCONNECTED
2024-06-17 15:42:28.237 [error] electron #265: https://mobile.events.data.microsoft.com/OneCollector/1.0?cors=true&content-type=application/x-json-stream - error POST net::ERR_INTERNET_DISCONNECTED
2024-06-17 15:44:25.334 [error] electron #266: https://az764295.vo.msecnd.net/extensions/marketplace.json - error GET net::ERR_INTERNET_DISCONNECTED
2024-06-17 15:44:45.223 [error] electron #267: https://mobile.events.data.microsoft.com/OneCollector/1.0?cors=true&content-type=application/x-json-stream - error POST net::ERR_INTERNET_DISCONNECTED
2024-06-17 15:44:47.785 [error] electron #268: https://mobile.events.data.microsoft.com/OneCollector/1.0?cors=true&content-type=application/x-json-stream - error POST net::ERR_INTERNET_DISCONNECTED
2024-06-17 15:45:51.664 [error] electron #269: https://mobile.events.data.microsoft.com/OneCollector/1.0?cors=true&content-type=application/x-json-stream - error POST net::ERR_INTERNET_DISCONNECTED
2024-06-17 15:45:54.367 [error] electron #270: https://mobile.events.data.microsoft.com/OneCollector/1.0?cors=true&content-type=application/x-json-stream - error POST net::ERR_INTERNET_DISCONNECTED
2024-06-17 15:46:39.173 [error] electron #271: https://vscode-sync.trafficmanager.net/v1/manifest - error GET net::ERR_INTERNET_DISCONNECTED
2024-06-17 15:47:30.191 [error] electron #272: https://mobile.events.data.microsoft.com/OneCollector/1.0?cors=true&content-type=application/x-json-stream - error POST net::ERR_INTERNET_DISCONNECTED
2024-06-17 15:47:33.060 [error] electron #273: https://mobile.events.data.microsoft.com/OneCollector/1.0?cors=true&content-type=application/x-json-stream - error POST net::ERR_INTERNET_DISCONNECTED
2024-06-17 15:49:05.000 [error] electron #274: https://vscode-sync.trafficmanager.net/v1/manifest - error GET net::ERR_INTERNET_DISCONNECTED
2024-06-17 15:49:25.395 [error] electron #275: https://az764295.vo.msecnd.net/extensions/marketplace.json - error GET net::ERR_INTERNET_DISCONNECTED
2024-06-17 15:49:53.375 [error] electron #276: https://mobile.events.data.microsoft.com/OneCollector/1.0?cors=true&content-type=application/x-json-stream - error POST net::ERR_INTERNET_DISCONNECTED
2024-06-17 15:49:56.165 [error] electron #277: https://mobile.events.data.microsoft.com/OneCollector/1.0?cors=true&content-type=application/x-json-stream - error POST net::ERR_INTERNET_DISCONNECTED
2024-06-17 15:52:37.485 [error] electron #278: https://mobile.events.data.microsoft.com/OneCollector/1.0?cors=true&content-type=application/x-json-stream - error POST net::ERR_INTERNET_DISCONNECTED
2024-06-17 15:52:40.720 [error] electron #279: https://mobile.events.data.microsoft.com/OneCollector/1.0?cors=true&content-type=application/x-json-stream - error POST net::ERR_INTERNET_DISCONNECTED
2024-06-17 15:53:50.973 [error] electron #280: https://vscode-sync.trafficmanager.net/v1/manifest - error GET net::ERR_INTERNET_DISCONNECTED
2024-06-17 15:54:25.456 [error] electron #281: https://az764295.vo.msecnd.net/extensions/marketplace.json - error GET net::ERR_INTERNET_DISCONNECTED
2024-06-17 15:54:38.064 [error] electron #282: https://mobile.events.data.microsoft.com/OneCollector/1.0?cors=true&content-type=application/x-json-stream - error POST net::ERR_INTERNET_DISCONNECTED
2024-06-17 15:54:40.730 [error] electron #283: https://mobile.events.data.microsoft.com/OneCollector/1.0?cors=true&content-type=application/x-json-stream - error POST net::ERR_INTERNET_DISCONNECTED
2024-06-17 15:58:50.994 [error] electron #284: https://vscode-sync.trafficmanager.net/v1/manifest - error GET net::ERR_INTERNET_DISCONNECTED
2024-06-17 15:59:25.515 [error] electron #285: https://az764295.vo.msecnd.net/extensions/marketplace.json - error GET net::ERR_INTERNET_DISCONNECTED
2024-06-17 15:59:46.018 [error] electron #286: https://mobile.events.data.microsoft.com/OneCollector/1.0?cors=true&content-type=application/x-json-stream - error POST net::ERR_INTERNET_DISCONNECTED
2024-06-17 15:59:49.461 [error] electron #287: https://mobile.events.data.microsoft.com/OneCollector/1.0?cors=true&content-type=application/x-json-stream - error POST net::ERR_INTERNET_DISCONNECTED
2024-06-17 16:03:51.064 [error] electron #288: https://vscode-sync.trafficmanager.net/v1/manifest - error GET net::ERR_INTERNET_DISCONNECTED
2024-06-17 16:04:25.569 [error] electron #289: https://az764295.vo.msecnd.net/extensions/marketplace.json - error GET net::ERR_INTERNET_DISCONNECTED
2024-06-17 16:04:40.186 [error] electron #290: https://mobile.events.data.microsoft.com/OneCollector/1.0?cors=true&content-type=application/x-json-stream - error POST net::ERR_INTERNET_DISCONNECTED
2024-06-17 16:04:43.175 [error] electron #291: https://mobile.events.data.microsoft.com/OneCollector/1.0?cors=true&content-type=application/x-json-stream - error POST net::ERR_INTERNET_DISCONNECTED
2024-06-17 16:05:14.811 [error] electron #292: https://update.code.visualstudio.com/api/update/linux-x64/stable/611f9bfce64f25108829dd295f54a6894e87339d - error undefined net::ERR_INTERNET_DISCONNECTED
2024-06-17 16:08:51.142 [error] electron #293: https://vscode-sync.trafficmanager.net/v1/manifest - error GET net::ERR_INTERNET_DISCONNECTED
2024-06-17 16:09:25.648 [error] electron #294: https://az764295.vo.msecnd.net/extensions/marketplace.json - error GET net::ERR_INTERNET_DISCONNECTED
2024-06-17 16:09:41.432 [error] electron #295: https://mobile.events.data.microsoft.com/OneCollector/1.0?cors=true&content-type=application/x-json-stream - error POST net::ERR_INTERNET_DISCONNECTED
2024-06-17 16:09:44.941 [error] electron #296: https://mobile.events.data.microsoft.com/OneCollector/1.0?cors=true&content-type=application/x-json-stream - error POST net::ERR_INTERNET_DISCONNECTED
2024-06-17 16:13:51.182 [error] electron #297: https://vscode-sync.trafficmanager.net/v1/manifest - error GET net::ERR_INTERNET_DISCONNECTED
2024-06-17 16:14:25.711 [error] electron #298: https://az764295.vo.msecnd.net/extensions/marketplace.json - error GET net::ERR_INTERNET_DISCONNECTED
2024-06-17 16:14:38.553 [error] electron #299: https://mobile.events.data.microsoft.com/OneCollector/1.0?cors=true&content-type=application/x-json-stream - error POST net::ERR_INTERNET_DISCONNECTED
2024-06-17 16:14:41.389 [error] electron #300: https://mobile.events.data.microsoft.com/OneCollector/1.0?cors=true&content-type=application/x-json-stream - error POST net::ERR_INTERNET_DISCONNECTED
2024-06-17 16:18:51.265 [error] electron #301: https://vscode-sync.trafficmanager.net/v1/manifest - error GET net::ERR_INTERNET_DISCONNECTED
2024-06-17 16:19:25.761 [error] electron #302: https://az764295.vo.msecnd.net/extensions/marketplace.json - error GET net::ERR_INTERNET_DISCONNECTED
2024-06-17 16:19:35.504 [error] electron #303: https://mobile.events.data.microsoft.com/OneCollector/1.0?cors=true&content-type=application/x-json-stream - error POST net::ERR_INTERNET_DISCONNECTED
2024-06-17 16:19:38.791 [error] electron #304: https://mobile.events.data.microsoft.com/OneCollector/1.0?cors=true&content-type=application/x-json-stream - error POST net::ERR_INTERNET_DISCONNECTED
2024-06-17 16:23:51.280 [error] electron #305: https://vscode-sync.trafficmanager.net/v1/manifest - error GET net::ERR_INTERNET_DISCONNECTED
2024-06-17 16:24:25.817 [error] electron #306: https://az764295.vo.msecnd.net/extensions/marketplace.json - error GET net::ERR_INTERNET_DISCONNECTED
2024-06-17 16:24:44.015 [error] electron #307: https://mobile.events.data.microsoft.com/OneCollector/1.0?cors=true&content-type=application/x-json-stream - error POST net::ERR_INTERNET_DISCONNECTED
2024-06-17 16:24:46.875 [error] electron #308: https://mobile.events.data.microsoft.com/OneCollector/1.0?cors=true&content-type=application/x-json-stream - error POST net::ERR_INTERNET_DISCONNECTED
2024-06-17 16:28:51.313 [error] electron #309: https://vscode-sync.trafficmanager.net/v1/manifest - error GET net::ERR_INTERNET_DISCONNECTED
2024-06-17 16:29:25.870 [error] electron #310: https://az764295.vo.msecnd.net/extensions/marketplace.json - error GET net::ERR_INTERNET_DISCONNECTED
2024-06-17 16:29:35.012 [error] electron #311: https://mobile.events.data.microsoft.com/OneCollector/1.0?cors=true&content-type=application/x-json-stream - error POST net::ERR_INTERNET_DISCONNECTED
2024-06-17 16:29:37.980 [error] electron #312: https://mobile.events.data.microsoft.com/OneCollector/1.0?cors=true&content-type=application/x-json-stream - error POST net::ERR_INTERNET_DISCONNECTED
2024-06-17 16:33:51.369 [error] electron #313: https://vscode-sync.trafficmanager.net/v1/manifest - error GET net::ERR_INTERNET_DISCONNECTED
2024-06-17 16:34:25.930 [error] electron #314: https://az764295.vo.msecnd.net/extensions/marketplace.json - error GET net::ERR_INTERNET_DISCONNECTED
2024-06-17 16:34:34.030 [error] electron #315: https://mobile.events.data.microsoft.com/OneCollector/1.0?cors=true&content-type=application/x-json-stream - error POST net::ERR_INTERNET_DISCONNECTED
2024-06-17 16:34:36.538 [error] electron #316: https://mobile.events.data.microsoft.com/OneCollector/1.0?cors=true&content-type=application/x-json-stream - error POST net::ERR_INTERNET_DISCONNECTED
2024-06-17 16:38:51.436 [error] electron #317: https://vscode-sync.trafficmanager.net/v1/manifest - error GET net::ERR_INTERNET_DISCONNECTED
2024-06-17 16:39:25.995 [error] electron #318: https://az764295.vo.msecnd.net/extensions/marketplace.json - error GET net::ERR_INTERNET_DISCONNECTED
2024-06-17 16:39:39.325 [error] electron #319: https://mobile.events.data.microsoft.com/OneCollector/1.0?cors=true&content-type=application/x-json-stream - error POST net::ERR_INTERNET_DISCONNECTED
2024-06-17 16:39:42.658 [error] electron #320: https://mobile.events.data.microsoft.com/OneCollector/1.0?cors=true&content-type=application/x-json-stream - error POST net::ERR_INTERNET_DISCONNECTED
2024-06-17 16:43:51.487 [error] electron #321: https://vscode-sync.trafficmanager.net/v1/manifest - error GET net::ERR_INTERNET_DISCONNECTED
2024-06-17 16:44:26.047 [error] electron #322: https://az764295.vo.msecnd.net/extensions/marketplace.json - error GET net::ERR_INTERNET_DISCONNECTED
2024-06-17 16:44:31.857 [error] electron #323: https://mobile.events.data.microsoft.com/OneCollector/1.0?cors=true&content-type=application/x-json-stream - error POST net::ERR_INTERNET_DISCONNECTED
2024-06-17 16:44:34.351 [error] electron #324: https://mobile.events.data.microsoft.com/OneCollector/1.0?cors=true&content-type=application/x-json-stream - error POST net::ERR_INTERNET_DISCONNECTED
2024-06-17 16:48:51.564 [error] electron #325: https://vscode-sync.trafficmanager.net/v1/manifest - error GET net::ERR_INTERNET_DISCONNECTED
2024-06-17 16:49:26.112 [error] electron #326: https://az764295.vo.msecnd.net/extensions/marketplace.json - error GET net::ERR_INTERNET_DISCONNECTED
2024-06-17 16:49:37.074 [error] electron #327: https://mobile.events.data.microsoft.com/OneCollector/1.0?cors=true&content-type=application/x-json-stream - error POST net::ERR_INTERNET_DISCONNECTED
2024-06-17 16:49:39.851 [error] electron #328: https://mobile.events.data.microsoft.com/OneCollector/1.0?cors=true&content-type=application/x-json-stream - error POST net::ERR_INTERNET_DISCONNECTED
2024-06-17 16:53:51.632 [error] electron #329: https://vscode-sync.trafficmanager.net/v1/manifest - error GET net::ERR_INTERNET_DISCONNECTED
2024-06-17 16:54:26.173 [error] electron #330: https://az764295.vo.msecnd.net/extensions/marketplace.json - error GET net::ERR_INTERNET_DISCONNECTED
2024-06-17 16:54:48.110 [error] electron #331: https://mobile.events.data.microsoft.com/OneCollector/1.0?cors=true&content-type=application/x-json-stream - error POST net::ERR_INTERNET_DISCONNECTED
2024-06-17 16:54:50.880 [error] electron #332: https://mobile.events.data.microsoft.com/OneCollector/1.0?cors=true&content-type=application/x-json-stream - error POST net::ERR_INTERNET_DISCONNECTED
2024-06-17 16:58:51.704 [error] electron #333: https://vscode-sync.trafficmanager.net/v1/manifest - error GET net::ERR_INTERNET_DISCONNECTED
2024-06-17 16:59:26.239 [error] electron #334: https://az764295.vo.msecnd.net/extensions/marketplace.json - error GET net::ERR_INTERNET_DISCONNECTED
2024-06-17 16:59:39.735 [error] electron #335: https://mobile.events.data.microsoft.com/OneCollector/1.0?cors=true&content-type=application/x-json-stream - error POST net::ERR_INTERNET_DISCONNECTED
2024-06-17 16:59:42.807 [error] electron #336: https://mobile.events.data.microsoft.com/OneCollector/1.0?cors=true&content-type=application/x-json-stream - error POST net::ERR_INTERNET_DISCONNECTED
2024-06-17 17:03:51.773 [error] electron #337: https://vscode-sync.trafficmanager.net/v1/manifest - error GET net::ERR_INTERNET_DISCONNECTED
2024-06-17 17:04:26.316 [error] electron #338: https://az764295.vo.msecnd.net/extensions/marketplace.json - error GET net::ERR_INTERNET_DISCONNECTED
2024-06-17 17:04:41.772 [error] electron #339: https://mobile.events.data.microsoft.com/OneCollector/1.0?cors=true&content-type=application/x-json-stream - error POST net::ERR_INTERNET_DISCONNECTED
2024-06-17 17:04:45.016 [error] electron #340: https://mobile.events.data.microsoft.com/OneCollector/1.0?cors=true&content-type=application/x-json-stream - error POST net::ERR_INTERNET_DISCONNECTED
2024-06-17 17:05:14.816 [error] electron #341: https://update.code.visualstudio.com/api/update/linux-x64/stable/611f9bfce64f25108829dd295f54a6894e87339d - error undefined net::ERR_INTERNET_DISCONNECTED
