2024-06-17 10:01:00.349 [info] Configuration changed
2024-06-17 10:01:04.448 [info] extension-output-ms-vscode.cmake-tools-#1-CMake/Build closed
2024-06-17 10:01:48.601 [info] Configuration changed
2024-06-17 10:02:05.001 [info] Active editor: file:///home/albertofots/Vault/my_life/Personal/A%20-%20Career/work/borsa/MARS_GUIDED_ENTRY/dev2/SATELLITE/DHS/DHS_GE/GNC/Guidance/GE_Guidance.cpp
2024-06-17 10:02:06.102 [info] Active editor: file:///home/albertofots/Vault/my_life/Personal/A%20-%20Career/work/borsa/MARS_GUIDED_ENTRY/dev2/SATELLITE/DHS/DHS_GE/GNC/Guidance/GE_Guidance.hxx
2024-06-17 10:23:03.534 [info] Executing :vr
2024-06-17 10:23:06.512 [info] Executing :vs
2024-06-17 10:23:06.587 [info] Active editor: file:///home/albertofots/Vault/my_life/Personal/A%20-%20Career/work/borsa/MARS_GUIDED_ENTRY/dev2/SATELLITE/DHS/DHS_GE/GNC/Guidance/GE_Guidance.hxx
2024-06-17 11:24:01.102 [info] Configuration changed
2024-06-17 11:25:07.687 [info] Searching for sim3dof
2024-06-17 11:25:29.411 [info] /home/albertofots/Vault/my_life/Personal/A - Career/work/borsa/MARS_GUIDED_ENTRY/dev/PathPlanning/Modules/Grav/GE_Grav01.cpp closed
2024-06-17 11:25:30.106 [info] Active editor: file:///home/albertofots/Vault/my_life/Personal/A%20-%20Career/work/borsa/MARS_GUIDED_ENTRY/dev/PathPlanning/Modules/Grav/GE_Grav01.cpp
2024-06-17 11:40:52.307 [info] Active editor: file:///home/albertofots/Vault/my_life/Personal/A%20-%20Career/work/borsa/MARS_GUIDED_ENTRY/dev/PathPlanning/GE_Path_Planning.cpp
2024-06-17 11:46:20.337 [info] extension-output-ms-vscode.cmake-tools-#1-CMake/Build closed
2024-06-17 11:49:41.541 [info] /usr/include/c++/13/bits/stl_vector.h closed
2024-06-17 11:52:16.411 [info] Active editor: file:///home/albertofots/Vault/my_life/Personal/A%20-%20Career/work/borsa/MARS_GUIDED_ENTRY/dev/Config/EXM/PlanetGrav.json
2024-06-17 11:52:38.926 [info] Active editor: file:///home/albertofots/Vault/my_life/Personal/A%20-%20Career/work/borsa/MARS_GUIDED_ENTRY/dev/Config/EXM/TimeStepsNSF.json
2024-06-17 11:52:43.110 [info] Active editor: file:///home/albertofots/Vault/my_life/Personal/A%20-%20Career/work/borsa/MARS_GUIDED_ENTRY/dev/Config/EXM/PlanetGrav.json
2024-06-17 11:52:43.727 [info] Active editor: file:///home/albertofots/Vault/my_life/Personal/A%20-%20Career/work/borsa/MARS_GUIDED_ENTRY/dev/Config/EXM/NominalMissionNSF.json
2024-06-17 11:53:52.124 [info] Active editor: file:///home/albertofots/Vault/my_life/Personal/A%20-%20Career/work/borsa/MARS_GUIDED_ENTRY/dev/Config/EXM/mission.json
2024-06-17 11:53:53.342 [info] Active editor: file:///home/albertofots/Vault/my_life/Personal/A%20-%20Career/work/borsa/MARS_GUIDED_ENTRY/dev/Config/EXM/MCSimParsNSF.json
2024-06-17 11:53:56.567 [info] Active editor: file:///home/albertofots/Vault/my_life/Personal/A%20-%20Career/work/borsa/MARS_GUIDED_ENTRY/dev/Config/EXM/TimeStepsNSF.json
2024-06-17 11:53:59.286 [info] Active editor: file:///home/albertofots/Vault/my_life/Personal/A%20-%20Career/work/borsa/MARS_GUIDED_ENTRY/dev/Config/EXM/PlanetGrav.json
2024-06-17 11:54:01.897 [info] Active editor: file:///home/albertofots/Vault/my_life/Personal/A%20-%20Career/work/borsa/MARS_GUIDED_ENTRY/dev/Config/EXM/NominalMissionNSF.json
2024-06-17 12:02:33.129 [info] Active editor: file:///home/albertofots/Vault/my_life/Personal/A%20-%20Career/work/borsa/MARS_GUIDED_ENTRY/dev/Config/EXM/mission.json
2024-06-17 13:59:02.744 [info] Active editor: file:///home/albertofots/Vault/my_life/Personal/A%20-%20Career/work/borsa/MARS_GUIDED_ENTRY/dev/MissionScenario/MissionScenario.cpp
2024-06-17 13:59:47.712 [info] Active editor: file:///home/albertofots/Vault/my_life/Personal/A%20-%20Career/work/borsa/MARS_GUIDED_ENTRY/dev/PathPlanning/GE_Path_Planning.cpp
2024-06-17 13:59:54.119 [info] Searching for addMultip
2024-06-17 14:00:13.867 [info] extension-output-ms-vscode.cmake-tools-#1-CMake/Build closed
2024-06-17 14:06:13.335 [info] /home/albertofots/Vault/my_life/Personal/A - Career/work/borsa/MARS_GUIDED_ENTRY/dev/UtilsLib/Utils.cpp closed
2024-06-17 14:06:13.914 [info] Active editor: file:///home/albertofots/Vault/my_life/Personal/A%20-%20Career/work/borsa/MARS_GUIDED_ENTRY/dev/UtilsLib/Utils.cpp
2024-06-17 14:18:13.591 [info] Active editor: file:///home/albertofots/Vault/my_life/Personal/A%20-%20Career/work/borsa/MARS_GUIDED_ENTRY/dev/PathPlanning/GE_Path_Planning.hxx
2024-06-17 14:18:16.933 [info] Active editor: file:///home/albertofots/Vault/my_life/Personal/A%20-%20Career/work/borsa/MARS_GUIDED_ENTRY/dev/PathPlanning/GE_Path_Planning.cpp
2024-06-17 14:22:25.482 [info] Executing :w
2024-06-17 14:22:35.245 [info] extension-output-ms-vscode.cmake-tools-#1-CMake/Build closed
2024-06-17 14:49:16.558 [info] Active editor: file:///home/albertofots/Vault/my_life/Personal/A%20-%20Career/work/borsa/MARS_GUIDED_ENTRY/dev/Config/EXM/MCSimParsNSF.json
2024-06-17 14:51:58.596 [info] Active editor: file:///home/albertofots/Vault/my_life/Personal/A%20-%20Career/work/borsa/MARS_GUIDED_ENTRY/dev/Config/EXM/Navigation/AttNavX0NSF.json
2024-06-17 14:53:28.356 [info] Active editor: file:///home/albertofots/Vault/my_life/Personal/A%20-%20Career/work/borsa/MARS_GUIDED_ENTRY/dev/SimulationManager.hxx
2024-06-17 14:53:46.262 [info] Active editor: file:///home/albertofots/Vault/my_life/Personal/A%20-%20Career/work/borsa/MARS_GUIDED_ENTRY/dev/SimulationManager.cpp
2024-06-17 14:54:08.101 [info] Active editor: file:///home/albertofots/Vault/my_life/Personal/A%20-%20Career/work/borsa/MARS_GUIDED_ENTRY/dev/Config/EXM/TimeStepsNSF.json
2024-06-17 14:55:26.300 [info] Active editor: file:///home/albertofots/Vault/my_life/Personal/A%20-%20Career/work/borsa/MARS_GUIDED_ENTRY/dev/Config/EXM/SimEDL/ThrusterAllocParsSimNSF.json
2024-06-17 14:59:01.923 [info] Active editor: file:///home/albertofots/Vault/my_life/Personal/A%20-%20Career/work/borsa/MARS_GUIDED_ENTRY/dev/Config/EXM/Control/InputVariablesControlNSF.json
2024-06-17 15:05:31.791 [info] Active editor: file:///home/albertofots/Vault/my_life/Personal/A%20-%20Career/work/borsa/MARS_GUIDED_ENTRY/dev/Config/EXM/InitialState/CoMNomX0NSF.json
2024-06-17 15:10:36.989 [info] Active editor: file:///home/albertofots/Vault/my_life/Personal/A%20-%20Career/work/borsa/MARS_GUIDED_ENTRY/dev/Config/EXM/NominalMissionNSF.json
2024-06-17 15:14:10.367 [info] Active editor: file:///home/albertofots/Vault/my_life/Personal/A%20-%20Career/work/borsa/MARS_GUIDED_ENTRY/dev/Config/EXM/InitialState/CoMNomX0NSF.json
2024-06-17 15:26:53.083 [info] Active editor: file:///home/albertofots/Vault/my_life/Personal/A%20-%20Career/work/borsa/MARS_GUIDED_ENTRY/dev/Config/EXM/PlanetGrav.json
2024-06-17 15:34:03.553 [info] Active editor: file:///home/albertofots/Vault/my_life/Personal/A%20-%20Career/work/borsa/MARS_GUIDED_ENTRY/dev/Config/EXM/SimEDL/SimEDLX0NSF.json
2024-06-17 15:44:00.510 [info] Active editor: file:///home/albertofots/Vault/my_life/Personal/A%20-%20Career/work/borsa/MARS_GUIDED_ENTRY/dev/Config/EXM/DRAppParsNSF.json
2024-06-17 15:45:12.111 [info] Active editor: file:///home/albertofots/Vault/my_life/Personal/A%20-%20Career/work/borsa/MARS_GUIDED_ENTRY/dev/Config/EXM/NominalMissionNSF.json
2024-06-17 15:51:51.230 [info] Active editor: file:///home/albertofots/Vault/my_life/Personal/A%20-%20Career/work/borsa/MARS_GUIDED_ENTRY/dev/.gitignore
2024-06-17 15:52:03.752 [info] Active editor: file:///home/albertofots/Vault/my_life/Personal/A%20-%20Career/work/borsa/MARS_GUIDED_ENTRY/dev/Config/EXM/InitialState/CoMNomX0NSF.json
