2024-06-21 08:47:51.431 [info] Reading sessions from keychain...
2024-06-21 08:47:51.431 [info] Getting sessions for user:email...
2024-06-21 08:47:51.471 [info] Got stored sessions!
2024-06-21 08:47:51.471 [info] Got 1 verified sessions.
2024-06-21 08:47:51.471 [info] Got 1 sessions for user:email...
2024-06-21 08:47:51.942 [info] Getting sessions for read:user,repo,user:email,workflow...
2024-06-21 08:47:51.942 [info] Got 0 sessions for read:user,repo,user:email,workflow...
2024-06-21 08:47:51.942 [info] Getting sessions for read:user,repo,user:email,workflow...
2024-06-21 08:47:51.942 [info] Got 0 sessions for read:user,repo,user:email,workflow...
2024-06-21 08:47:51.942 [info] Getting sessions for read:user...
2024-06-21 08:47:51.942 [info] Got 0 sessions for read:user...
2024-06-21 08:47:51.942 [info] Getting sessions for user:email...
2024-06-21 08:47:51.942 [info] Got 1 sessions for user:email...
2024-06-21 08:47:51.978 [info] Getting sessions for read:user...
2024-06-21 08:47:51.978 [info] Got 0 sessions for read:user...
2024-06-21 08:47:51.998 [info] Getting sessions for user:email...
2024-06-21 08:47:51.998 [info] Got 1 sessions for user:email...
2024-06-21 08:47:52.408 [info] Getting sessions for read:user,repo,user:email,workflow...
2024-06-21 08:47:52.408 [info] Got 0 sessions for read:user,repo,user:email,workflow...
2024-06-21 08:47:52.408 [info] Getting sessions for read:user...
2024-06-21 08:47:52.408 [info] Got 0 sessions for read:user...
2024-06-21 08:47:52.408 [info] Getting sessions for user:email...
2024-06-21 08:47:52.408 [info] Got 1 sessions for user:email...
2024-06-21 08:47:52.418 [info] Getting sessions for read:user,repo,user:email,workflow...
2024-06-21 08:47:52.418 [info] Got 0 sessions for read:user,repo,user:email,workflow...
2024-06-21 08:47:52.419 [info] Getting sessions for read:user...
2024-06-21 08:47:52.419 [info] Got 0 sessions for read:user...
2024-06-21 08:47:52.419 [info] Getting sessions for user:email...
2024-06-21 08:47:52.419 [info] Got 1 sessions for user:email...
