2024-06-21 08:49:18.106 [info] Using settings sync service https://vscode-sync.trafficmanager.net/
2024-06-21 08:49:18.106 [info] Auto Sync is enabled.
2024-06-21 08:49:18.106 [info] Auto Sync: Suspended until auth token is available.
2024-06-21 08:49:18.355 [info] Deleting non existing profile from backup /home/albertofots/.config/Code/User/sync/extensions
2024-06-21 08:49:18.433 [info] Deleting non existing profile from backup /home/albertofots/.config/Code/User/sync/globalState
2024-06-21 08:49:18.481 [info] Deleting non existing profile from backup /home/albertofots/.config/Code/User/sync/keybindings
2024-06-21 08:49:18.541 [info] Deleting non existing profile from backup /home/albertofots/.config/Code/User/sync/profiles
2024-06-21 08:49:18.594 [info] Deleting non existing profile from backup /home/albertofots/.config/Code/User/sync/settings
2024-06-21 08:49:18.621 [info] Deleting non existing profile from backup /home/albertofots/.config/Code/User/sync/snippets
2024-06-21 08:49:18.632 [info] Deleting non existing profile from backup /home/albertofots/.config/Code/User/sync/tasks
2024-06-21 08:49:18.798 [info] Auto Sync: Triggered by Interval
2024-06-21 08:49:18.798 [info] Sync started.
2024-06-21 08:49:19.094 [info] Settings: Last sync resource does not exist locally.
2024-06-21 08:49:19.225 [info] Settings: No changes found during synchronizing settings.
2024-06-21 08:49:19.226 [info] Keybindings: Last sync resource does not exist locally.
2024-06-21 08:49:19.299 [info] Keybindings: No changes found during synchronizing keybindings.
2024-06-21 08:49:19.300 [info] Snippets: Last sync resource does not exist locally.
2024-06-21 08:49:19.353 [info] Snippets: No changes found during synchronizing snippets.
2024-06-21 08:49:19.353 [info] Tasks: Last sync resource does not exist locally.
2024-06-21 08:49:19.409 [info] Tasks: No changes found during synchronizing tasks.
2024-06-21 08:49:19.410 [info] GlobalState: Last sync resource does not exist locally.
2024-06-21 08:49:19.558 [info] GlobalState: No changes found during synchronizing ui state.
2024-06-21 08:49:19.560 [info] Extensions: Last sync resource does not exist locally.
2024-06-21 08:49:19.688 [info] Extensions: No changes found during synchronizing extensions.
2024-06-21 08:49:19.690 [info] Profiles: Last sync resource does not exist locally.
2024-06-21 08:49:19.751 [info] Profiles: No changes found during synchronizing profiles.
2024-06-21 08:49:19.752 [info] Sync done. Took 953ms
