2024-06-17 21:18:13.615 [info] Reading sessions from keychain...
2024-06-17 21:18:13.615 [info] Getting sessions for user:email...
2024-06-17 21:18:13.615 [info] Got stored sessions!
2024-06-17 21:18:13.615 [info] Got 1 verified sessions.
2024-06-17 21:18:13.615 [info] Got 1 sessions for user:email...
2024-06-17 21:18:14.676 [info] Getting sessions for read:user,repo,user:email,workflow...
2024-06-17 21:18:14.676 [info] Got 0 sessions for read:user,repo,user:email,workflow...
2024-06-17 21:18:14.742 [info] Getting sessions for read:user,repo,user:email,workflow...
2024-06-17 21:18:14.742 [info] Got 0 sessions for read:user,repo,user:email,workflow...
2024-06-17 21:18:14.743 [info] Getting sessions for read:user...
2024-06-17 21:18:14.743 [info] Got 0 sessions for read:user...
2024-06-17 21:18:14.744 [info] Getting sessions for user:email...
2024-06-17 21:18:14.745 [info] Got 1 sessions for user:email...
2024-06-17 21:18:15.088 [info] Getting sessions for read:user...
2024-06-17 21:18:15.088 [info] Got 0 sessions for read:user...
2024-06-17 21:18:15.125 [info] Getting sessions for user:email...
2024-06-17 21:18:15.125 [info] Got 1 sessions for user:email...
2024-06-17 21:18:15.659 [info] Getting sessions for read:user,repo,user:email,workflow...
2024-06-17 21:18:15.659 [info] Got 0 sessions for read:user,repo,user:email,workflow...
2024-06-17 21:18:15.659 [info] Getting sessions for read:user...
2024-06-17 21:18:15.659 [info] Got 0 sessions for read:user...
2024-06-17 21:18:15.659 [info] Getting sessions for user:email...
2024-06-17 21:18:15.659 [info] Got 1 sessions for user:email...
2024-06-17 21:18:15.684 [info] Getting sessions for read:user,repo,user:email,workflow...
2024-06-17 21:18:15.684 [info] Got 0 sessions for read:user,repo,user:email,workflow...
2024-06-17 21:18:15.685 [info] Getting sessions for read:user...
2024-06-17 21:18:15.685 [info] Got 0 sessions for read:user...
2024-06-17 21:18:15.685 [info] Getting sessions for user:email...
2024-06-17 21:18:15.685 [info] Got 1 sessions for user:email...
