2024-06-17 10:00:59.191 [info] Log level: Info
2024-06-17 10:00:59.191 [info] Validating found git in: "git"
2024-06-17 10:00:59.191 [info] Using git "2.43.0" from "git"
2024-06-17 10:00:59.191 [info] > git rev-parse --show-toplevel [9ms]
2024-06-17 10:00:59.197 [info] > git rev-parse --git-dir --git-common-dir [34ms]
2024-06-17 10:00:59.205 [info] Open repository: /home/albertofots/Vault/dev/learn_vim
2024-06-17 10:00:59.225 [info] > git config --get commit.template [6ms]
2024-06-17 10:00:59.230 [info] > git rev-parse --show-toplevel [8ms]
2024-06-17 10:00:59.236 [info] No remotes found in the git config file.
2024-06-17 10:00:59.238 [info] > git for-each-ref --format=%(refname)%00%(upstream:short)%00%(objectname)%00%(upstream:track)%00%(upstream:remotename)%00%(upstream:remoteref) refs/heads/master refs/remotes/master [3ms]
2024-06-17 10:00:59.246 [info] > git status -z -uall [4ms]
2024-06-17 10:00:59.257 [info] > git config --get commit.template [2ms]
2024-06-17 10:00:59.261 [info] No remotes found in the git config file.
2024-06-17 10:00:59.263 [info] > git for-each-ref --format=%(refname)%00%(upstream:short)%00%(objectname)%00%(upstream:track)%00%(upstream:remotename)%00%(upstream:remoteref) refs/heads/master refs/remotes/master [2ms]
2024-06-17 10:00:59.268 [info] > git status -z -uall [2ms]
2024-06-17 10:00:59.869 [info] > git check-ignore -v -z --stdin [27ms]
2024-06-17 10:01:02.314 [info] No remotes found in the git config file.
2024-06-17 10:01:02.318 [info] > git config --get commit.template [4ms]
2024-06-17 10:01:02.319 [info] > git for-each-ref --format=%(refname)%00%(upstream:short)%00%(objectname)%00%(upstream:track)%00%(upstream:remotename)%00%(upstream:remoteref) refs/heads/master refs/remotes/master [2ms]
2024-06-17 10:01:02.324 [info] > git status -z -uall [2ms]
2024-06-17 10:01:47.216 [info] Log level: Info
2024-06-17 10:01:47.216 [info] Validating found git in: "git"
2024-06-17 10:01:47.216 [info] Using git "2.43.0" from "git"
2024-06-17 10:01:47.216 [info] > git rev-parse --show-toplevel [9ms]
2024-06-17 10:01:47.285 [info] > git rev-parse --show-toplevel [26ms]
2024-06-17 10:01:47.302 [info] > git rev-parse --show-toplevel [2ms]
2024-06-17 10:01:47.362 [info] > git rev-parse --show-toplevel [3ms]
2024-06-17 10:01:47.460 [info] > git rev-parse --show-toplevel [88ms]
2024-06-17 10:01:48.609 [info] > git rev-parse --show-toplevel [1ms]
2024-06-17 10:02:05.011 [info] > git rev-parse --show-toplevel [1ms]
2024-06-17 10:02:06.113 [info] > git rev-parse --show-toplevel [3ms]
2024-06-17 10:23:06.589 [info] > git rev-parse --show-toplevel [5ms]
2024-06-17 10:23:06.597 [info] > git rev-parse --show-toplevel [2ms]
2024-06-17 11:24:00.030 [info] Log level: Info
2024-06-17 11:24:00.030 [info] Validating found git in: "git"
2024-06-17 11:24:00.030 [info] Using git "2.43.0" from "git"
2024-06-17 11:24:00.030 [info] > git rev-parse --show-toplevel [7ms]
2024-06-17 11:24:00.043 [info] > git rev-parse --git-dir --git-common-dir [8ms]
2024-06-17 11:24:00.055 [info] Open repository: /home/albertofots/Vault/my_life/Personal/A - Career/work/borsa/MARS_GUIDED_ENTRY/dev
2024-06-17 11:24:00.076 [info] > git rev-parse --show-toplevel [11ms]
2024-06-17 11:24:00.076 [info] > git config --get commit.template [15ms]
2024-06-17 11:24:00.082 [info] No remotes found in the git config file.
2024-06-17 11:24:00.088 [info] > git for-each-ref --format=%(refname)%00%(upstream:short)%00%(objectname)%00%(upstream:track)%00%(upstream:remotename)%00%(upstream:remoteref) refs/heads/master refs/remotes/master [3ms]
2024-06-17 11:24:00.093 [info] > git rev-parse --show-toplevel [12ms]
2024-06-17 11:24:00.097 [info] > git status -z -uall [5ms]
2024-06-17 11:24:00.110 [info] > git rev-parse --show-toplevel [14ms]
2024-06-17 11:24:00.116 [info] > git config --get commit.template [6ms]
2024-06-17 11:24:00.118 [info] > git rev-parse --show-toplevel [3ms]
2024-06-17 11:24:00.118 [info] No remotes found in the git config file.
2024-06-17 11:24:00.132 [info] > git rev-parse --show-toplevel [4ms]
2024-06-17 11:24:00.132 [info] > git for-each-ref --format=%(refname)%00%(upstream:short)%00%(objectname)%00%(upstream:track)%00%(upstream:remotename)%00%(upstream:remoteref) refs/heads/master refs/remotes/master [9ms]
2024-06-17 11:24:00.148 [info] > git status -z -uall [12ms]
2024-06-17 11:24:00.169 [info] > git rev-parse --show-toplevel [23ms]
2024-06-17 11:24:00.218 [info] > git rev-parse --show-toplevel [44ms]
2024-06-17 11:24:00.227 [info] > git rev-parse --show-toplevel [3ms]
2024-06-17 11:24:00.233 [info] > git rev-parse --show-toplevel [1ms]
2024-06-17 11:24:00.258 [info] > git rev-parse --show-toplevel [20ms]
2024-06-17 11:24:00.292 [info] > git rev-parse --show-toplevel [2ms]
2024-06-17 11:24:00.299 [info] > git rev-parse --show-toplevel [2ms]
2024-06-17 11:24:00.307 [info] > git rev-parse --show-toplevel [4ms]
2024-06-17 11:24:00.766 [info] > git check-ignore -v -z --stdin [131ms]
2024-06-17 11:24:03.505 [info] No remotes found in the git config file.
2024-06-17 11:24:03.509 [info] > git config --get commit.template [4ms]
2024-06-17 11:24:03.509 [info] > git for-each-ref --format=%(refname)%00%(upstream:short)%00%(objectname)%00%(upstream:track)%00%(upstream:remotename)%00%(upstream:remoteref) refs/heads/master refs/remotes/master [1ms]
2024-06-17 11:24:03.515 [info] > git status -z -uall [2ms]
2024-06-17 11:24:04.559 [info] > git check-ignore -v -z --stdin [3ms]
2024-06-17 11:46:21.377 [info] > git config --get commit.template [1ms]
2024-06-17 11:46:21.381 [info] No remotes found in the git config file.
2024-06-17 11:46:21.382 [info] > git for-each-ref --format=%(refname)%00%(upstream:short)%00%(objectname)%00%(upstream:track)%00%(upstream:remotename)%00%(upstream:remoteref) refs/heads/master refs/remotes/master [1ms]
2024-06-17 11:46:21.388 [info] > git status -z -uall [2ms]
2024-06-17 11:46:28.529 [info] No remotes found in the git config file.
2024-06-17 11:46:28.530 [info] > git config --get commit.template [8ms]
2024-06-17 11:46:28.531 [info] > git for-each-ref --format=%(refname)%00%(upstream:short)%00%(objectname)%00%(upstream:track)%00%(upstream:remotename)%00%(upstream:remoteref) refs/heads/master refs/remotes/master [2ms]
2024-06-17 11:46:28.541 [info] > git status -z -uall [3ms]
2024-06-17 11:51:56.628 [info] > git check-ignore -v -z --stdin [2ms]
2024-06-17 11:51:58.162 [info] > git check-ignore -v -z --stdin [2ms]
2024-06-17 14:00:12.883 [info] No remotes found in the git config file.
2024-06-17 14:00:12.885 [info] > git config --get commit.template [21ms]
2024-06-17 14:00:12.888 [info] > git for-each-ref --format=%(refname)%00%(upstream:short)%00%(objectname)%00%(upstream:track)%00%(upstream:remotename)%00%(upstream:remoteref) refs/heads/master refs/remotes/master [4ms]
2024-06-17 14:00:12.918 [info] > git status -z -uall [11ms]
2024-06-17 14:22:26.590 [info] No remotes found in the git config file.
2024-06-17 14:22:26.591 [info] > git config --get commit.template [7ms]
2024-06-17 14:22:26.592 [info] > git for-each-ref --format=%(refname)%00%(upstream:short)%00%(objectname)%00%(upstream:track)%00%(upstream:remotename)%00%(upstream:remoteref) refs/heads/master refs/remotes/master [2ms]
2024-06-17 14:22:26.600 [info] > git status -z -uall [2ms]
2024-06-17 14:22:33.348 [info] No remotes found in the git config file.
2024-06-17 14:22:33.349 [info] > git config --get commit.template [5ms]
2024-06-17 14:22:33.349 [info] > git for-each-ref --format=%(refname)%00%(upstream:short)%00%(objectname)%00%(upstream:track)%00%(upstream:remotename)%00%(upstream:remoteref) refs/heads/master refs/remotes/master [1ms]
2024-06-17 14:22:33.355 [info] > git status -z -uall [2ms]
2024-06-17 14:22:38.371 [info] No remotes found in the git config file.
2024-06-17 14:22:38.375 [info] > git config --get commit.template [5ms]
2024-06-17 14:22:38.376 [info] > git for-each-ref --format=%(refname)%00%(upstream:short)%00%(objectname)%00%(upstream:track)%00%(upstream:remotename)%00%(upstream:remoteref) refs/heads/master refs/remotes/master [1ms]
2024-06-17 14:22:38.384 [info] > git status -z -uall [4ms]
2024-06-17 14:22:59.502 [info] No remotes found in the git config file.
2024-06-17 14:22:59.507 [info] > git config --get commit.template [5ms]
2024-06-17 14:22:59.507 [info] > git for-each-ref --format=%(refname)%00%(upstream:short)%00%(objectname)%00%(upstream:track)%00%(upstream:remotename)%00%(upstream:remoteref) refs/heads/master refs/remotes/master [1ms]
2024-06-17 14:22:59.512 [info] > git status -z -uall [2ms]
2024-06-17 14:51:59.122 [info] > git check-ignore -v -z --stdin [2ms]
2024-06-17 14:55:26.830 [info] > git check-ignore -v -z --stdin [3ms]
2024-06-17 15:34:04.074 [info] > git check-ignore -v -z --stdin [2ms]
