2024-06-17 10:00:59.273 [info] Reading sessions from keychain...
2024-06-17 10:00:59.273 [info] Getting sessions for user:email...
2024-06-17 10:00:59.331 [info] Got stored sessions!
2024-06-17 10:00:59.331 [info] Got 1 verified sessions.
2024-06-17 10:00:59.331 [info] Got 1 sessions for user:email...
2024-06-17 10:00:59.859 [info] Getting sessions for read:user,repo,user:email,workflow...
2024-06-17 10:00:59.859 [info] Got 0 sessions for read:user,repo,user:email,workflow...
2024-06-17 10:00:59.859 [info] Getting sessions for read:user,repo,user:email,workflow...
2024-06-17 10:00:59.859 [info] Got 0 sessions for read:user,repo,user:email,workflow...
2024-06-17 10:00:59.859 [info] Getting sessions for read:user...
2024-06-17 10:00:59.859 [info] Got 0 sessions for read:user...
2024-06-17 10:00:59.859 [info] Getting sessions for user:email...
2024-06-17 10:00:59.859 [info] Got 1 sessions for user:email...
2024-06-17 10:00:59.903 [info] Getting sessions for read:user...
2024-06-17 10:00:59.903 [info] Got 0 sessions for read:user...
2024-06-17 10:00:59.984 [info] Getting sessions for user:email...
2024-06-17 10:00:59.984 [info] Got 1 sessions for user:email...
2024-06-17 10:00:59.994 [info] Getting sessions for read:user,repo,user:email,workflow...
2024-06-17 10:00:59.994 [info] Got 0 sessions for read:user,repo,user:email,workflow...
2024-06-17 10:00:59.994 [info] Getting sessions for read:user...
2024-06-17 10:00:59.994 [info] Got 0 sessions for read:user...
2024-06-17 10:00:59.995 [info] Getting sessions for user:email...
2024-06-17 10:00:59.995 [info] Got 1 sessions for user:email...
2024-06-17 10:01:00.024 [info] Getting sessions for read:user,repo,user:email,workflow...
2024-06-17 10:01:00.024 [info] Got 0 sessions for read:user,repo,user:email,workflow...
2024-06-17 10:01:00.028 [info] Getting sessions for read:user...
2024-06-17 10:01:00.028 [info] Got 0 sessions for read:user...
2024-06-17 10:01:00.028 [info] Getting sessions for user:email...
2024-06-17 10:01:00.028 [info] Got 1 sessions for user:email...
2024-06-17 10:01:47.347 [info] Reading sessions from keychain...
2024-06-17 10:01:47.347 [info] Getting sessions for user:email...
2024-06-17 10:01:47.347 [info] Got stored sessions!
2024-06-17 10:01:47.347 [info] Got 1 verified sessions.
2024-06-17 10:01:47.347 [info] Got 1 sessions for user:email...
2024-06-17 10:01:47.347 [info] Getting sessions for read:user,repo,user:email,workflow...
2024-06-17 10:01:47.347 [info] Got 0 sessions for read:user,repo,user:email,workflow...
2024-06-17 10:01:47.347 [info] Getting sessions for read:user,repo,user:email,workflow...
2024-06-17 10:01:47.347 [info] Got 0 sessions for read:user,repo,user:email,workflow...
2024-06-17 10:01:47.347 [info] Getting sessions for read:user...
2024-06-17 10:01:47.347 [info] Got 0 sessions for read:user...
2024-06-17 10:01:47.347 [info] Getting sessions for user:email...
2024-06-17 10:01:47.347 [info] Got 1 sessions for user:email...
2024-06-17 10:01:47.363 [info] Getting sessions for read:user...
2024-06-17 10:01:47.363 [info] Got 0 sessions for read:user...
2024-06-17 10:01:47.460 [info] Getting sessions for user:email...
2024-06-17 10:01:47.460 [info] Got 1 sessions for user:email...
2024-06-17 10:01:47.468 [info] Getting sessions for read:user,repo,user:email,workflow...
2024-06-17 10:01:47.468 [info] Got 0 sessions for read:user,repo,user:email,workflow...
2024-06-17 10:01:47.468 [info] Getting sessions for read:user...
2024-06-17 10:01:47.468 [info] Got 0 sessions for read:user...
2024-06-17 10:01:47.469 [info] Getting sessions for user:email...
2024-06-17 10:01:47.469 [info] Got 1 sessions for user:email...
2024-06-17 10:01:47.662 [info] Getting sessions for read:user,repo,user:email,workflow...
2024-06-17 10:01:47.662 [info] Got 0 sessions for read:user,repo,user:email,workflow...
2024-06-17 10:01:47.664 [info] Getting sessions for read:user...
2024-06-17 10:01:47.664 [info] Got 0 sessions for read:user...
2024-06-17 10:01:47.664 [info] Getting sessions for user:email...
2024-06-17 10:01:47.664 [info] Got 1 sessions for user:email...
2024-06-17 11:24:00.105 [info] Reading sessions from keychain...
2024-06-17 11:24:00.105 [info] Getting sessions for user:email...
2024-06-17 11:24:00.141 [info] Got stored sessions!
2024-06-17 11:24:00.142 [info] Got 1 verified sessions.
2024-06-17 11:24:00.142 [info] Got 1 sessions for user:email...
2024-06-17 11:24:00.786 [info] Getting sessions for read:user,repo,user:email,workflow...
2024-06-17 11:24:00.786 [info] Got 0 sessions for read:user,repo,user:email,workflow...
2024-06-17 11:24:00.820 [info] Getting sessions for read:user,repo,user:email,workflow...
2024-06-17 11:24:00.820 [info] Got 0 sessions for read:user,repo,user:email,workflow...
2024-06-17 11:24:00.820 [info] Getting sessions for read:user...
2024-06-17 11:24:00.820 [info] Got 0 sessions for read:user...
2024-06-17 11:24:00.821 [info] Getting sessions for user:email...
2024-06-17 11:24:00.821 [info] Got 1 sessions for user:email...
2024-06-17 11:24:00.984 [info] Getting sessions for read:user...
2024-06-17 11:24:00.984 [info] Got 0 sessions for read:user...
2024-06-17 11:24:01.186 [info] Getting sessions for read:user,repo,user:email,workflow...
2024-06-17 11:24:01.186 [info] Got 0 sessions for read:user,repo,user:email,workflow...
2024-06-17 11:24:01.186 [info] Getting sessions for read:user...
2024-06-17 11:24:01.186 [info] Got 0 sessions for read:user...
2024-06-17 11:24:01.187 [info] Getting sessions for user:email...
2024-06-17 11:24:01.187 [info] Got 1 sessions for user:email...
2024-06-17 11:24:01.187 [info] Getting sessions for user:email...
2024-06-17 11:24:01.187 [info] Got 1 sessions for user:email...
2024-06-17 11:24:01.253 [info] Getting sessions for read:user,repo,user:email,workflow...
2024-06-17 11:24:01.253 [info] Got 0 sessions for read:user,repo,user:email,workflow...
2024-06-17 11:24:01.253 [info] Getting sessions for read:user...
2024-06-17 11:24:01.253 [info] Got 0 sessions for read:user...
2024-06-17 11:24:01.269 [info] Getting sessions for user:email...
2024-06-17 11:24:01.269 [info] Got 1 sessions for user:email...
