2024-06-17 21:22:58.376 [info] Reading sessions from keychain...
2024-06-17 21:22:58.376 [info] Got stored sessions!
2024-06-17 21:22:58.376 [info] Got 1 verified sessions.
2024-06-17 21:22:58.376 [info] Getting sessions for user:email...
2024-06-17 21:22:58.376 [info] Got 1 sessions for user:email...
2024-06-17 21:22:58.376 [info] Getting sessions for read:user,repo,user:email,workflow...
2024-06-17 21:22:58.376 [info] Got 0 sessions for read:user,repo,user:email,workflow...
2024-06-17 21:22:58.376 [info] Getting sessions for read:user,repo,user:email,workflow...
2024-06-17 21:22:58.376 [info] Got 0 sessions for read:user,repo,user:email,workflow...
2024-06-17 21:22:58.376 [info] Getting sessions for read:user...
2024-06-17 21:22:58.376 [info] Got 0 sessions for read:user...
2024-06-17 21:22:58.376 [info] Getting sessions for user:email...
2024-06-17 21:22:58.376 [info] Got 1 sessions for user:email...
2024-06-17 21:22:58.492 [info] Getting sessions for read:user...
2024-06-17 21:22:58.492 [info] Got 0 sessions for read:user...
2024-06-17 21:22:58.493 [info] Getting sessions for user:email...
2024-06-17 21:22:58.493 [info] Got 1 sessions for user:email...
2024-06-17 21:22:58.770 [info] Getting sessions for read:user,repo,user:email,workflow...
2024-06-17 21:22:58.770 [info] Got 0 sessions for read:user,repo,user:email,workflow...
2024-06-17 21:22:58.770 [info] Getting sessions for read:user...
2024-06-17 21:22:58.770 [info] Got 0 sessions for read:user...
2024-06-17 21:22:58.771 [info] Getting sessions for user:email...
2024-06-17 21:22:58.771 [info] Got 1 sessions for user:email...
2024-06-17 21:22:58.783 [info] Getting sessions for read:user,repo,user:email,workflow...
2024-06-17 21:22:58.783 [info] Got 0 sessions for read:user,repo,user:email,workflow...
2024-06-17 21:22:58.783 [info] Getting sessions for read:user...
2024-06-17 21:22:58.783 [info] Got 0 sessions for read:user...
2024-06-17 21:22:58.783 [info] Getting sessions for user:email...
2024-06-17 21:22:58.783 [info] Got 1 sessions for user:email...
