2024-06-18 11:06:09.884 [info] Reading sessions from keychain...
2024-06-18 11:06:09.884 [info] Getting sessions for user:email...
2024-06-18 11:06:09.947 [info] Got stored sessions!
2024-06-18 11:06:09.947 [info] Got 1 verified sessions.
2024-06-18 11:06:09.947 [info] Got 1 sessions for user:email...
2024-06-18 11:06:10.516 [info] Getting sessions for read:user,repo,user:email,workflow...
2024-06-18 11:06:10.516 [info] Got 0 sessions for read:user,repo,user:email,workflow...
2024-06-18 11:06:10.516 [info] Getting sessions for read:user,repo,user:email,workflow...
2024-06-18 11:06:10.516 [info] Got 0 sessions for read:user,repo,user:email,workflow...
2024-06-18 11:06:10.517 [info] Getting sessions for read:user...
2024-06-18 11:06:10.517 [info] Got 0 sessions for read:user...
2024-06-18 11:06:10.517 [info] Getting sessions for user:email...
2024-06-18 11:06:10.517 [info] Got 1 sessions for user:email...
2024-06-18 11:06:10.610 [info] Getting sessions for read:user...
2024-06-18 11:06:10.610 [info] Got 0 sessions for read:user...
2024-06-18 11:06:10.869 [info] Getting sessions for read:user,repo,user:email,workflow...
2024-06-18 11:06:10.869 [info] Got 0 sessions for read:user,repo,user:email,workflow...
2024-06-18 11:06:10.869 [info] Getting sessions for read:user...
2024-06-18 11:06:10.869 [info] Got 0 sessions for read:user...
2024-06-18 11:06:10.870 [info] Getting sessions for user:email...
2024-06-18 11:06:10.870 [info] Got 1 sessions for user:email...
2024-06-18 11:06:10.870 [info] Getting sessions for user:email...
2024-06-18 11:06:10.870 [info] Got 1 sessions for user:email...
2024-06-18 11:06:11.099 [info] Getting sessions for read:user,repo,user:email,workflow...
2024-06-18 11:06:11.099 [info] Got 0 sessions for read:user,repo,user:email,workflow...
2024-06-18 11:06:11.099 [info] Getting sessions for read:user...
2024-06-18 11:06:11.099 [info] Got 0 sessions for read:user...
2024-06-18 11:06:11.099 [info] Getting sessions for user:email...
2024-06-18 11:06:11.099 [info] Got 1 sessions for user:email...
2024-06-18 14:16:16.516 [info] Reading sessions from keychain...
2024-06-18 14:16:16.516 [info] Getting sessions for user:email...
2024-06-18 14:16:16.598 [info] Got stored sessions!
2024-06-18 14:16:16.598 [info] Got 1 verified sessions.
2024-06-18 14:16:16.598 [info] Got 1 sessions for user:email...
2024-06-18 14:16:24.994 [info] Getting sessions for read:user,repo,user:email,workflow...
2024-06-18 14:16:24.994 [info] Got 0 sessions for read:user,repo,user:email,workflow...
2024-06-18 14:16:24.994 [info] Getting sessions for read:user,repo,user:email,workflow...
2024-06-18 14:16:24.994 [info] Got 0 sessions for read:user,repo,user:email,workflow...
2024-06-18 14:16:24.995 [info] Getting sessions for read:user...
2024-06-18 14:16:24.995 [info] Got 0 sessions for read:user...
2024-06-18 14:16:24.995 [info] Getting sessions for user:email...
2024-06-18 14:16:24.995 [info] Got 1 sessions for user:email...
2024-06-18 14:16:25.099 [info] Getting sessions for read:user...
2024-06-18 14:16:25.099 [info] Got 0 sessions for read:user...
2024-06-18 14:16:25.227 [info] Getting sessions for user:email...
2024-06-18 14:16:25.227 [info] Got 1 sessions for user:email...
2024-06-18 14:16:26.220 [info] Getting sessions for read:user,repo,user:email,workflow...
2024-06-18 14:16:26.220 [info] Got 0 sessions for read:user,repo,user:email,workflow...
2024-06-18 14:16:26.220 [info] Getting sessions for read:user...
2024-06-18 14:16:26.220 [info] Got 0 sessions for read:user...
2024-06-18 14:16:26.220 [info] Getting sessions for user:email...
2024-06-18 14:16:26.220 [info] Got 1 sessions for user:email...
2024-06-18 14:16:26.398 [info] Getting sessions for read:user,repo,user:email,workflow...
2024-06-18 14:16:26.398 [info] Got 0 sessions for read:user,repo,user:email,workflow...
2024-06-18 14:16:26.478 [info] Getting sessions for read:user...
2024-06-18 14:16:26.478 [info] Got 0 sessions for read:user...
2024-06-18 14:16:26.479 [info] Getting sessions for user:email...
2024-06-18 14:16:26.479 [info] Got 1 sessions for user:email...
2024-06-18 14:17:25.319 [info] Reading sessions from keychain...
2024-06-18 14:17:25.319 [info] Getting sessions for user:email...
2024-06-18 14:17:25.345 [info] Getting sessions for read:user,repo,user:email,workflow...
2024-06-18 14:17:25.368 [info] Got stored sessions!
2024-06-18 14:17:25.368 [info] Got 1 verified sessions.
2024-06-18 14:17:25.368 [info] Got 1 sessions for user:email...
2024-06-18 14:17:25.368 [info] Got 0 sessions for read:user,repo,user:email,workflow...
2024-06-18 14:17:25.872 [info] Getting sessions for read:user,repo,user:email,workflow...
2024-06-18 14:17:25.872 [info] Got 0 sessions for read:user,repo,user:email,workflow...
2024-06-18 14:17:25.872 [info] Getting sessions for read:user,repo,user:email,workflow...
2024-06-18 14:17:25.872 [info] Got 0 sessions for read:user,repo,user:email,workflow...
2024-06-18 14:17:25.872 [info] Getting sessions for read:user...
2024-06-18 14:17:25.872 [info] Got 0 sessions for read:user...
2024-06-18 14:17:25.872 [info] Getting sessions for user:email...
2024-06-18 14:17:25.872 [info] Got 1 sessions for user:email...
2024-06-18 14:17:25.914 [info] Getting sessions for read:user...
2024-06-18 14:17:25.914 [info] Got 0 sessions for read:user...
2024-06-18 14:17:25.963 [info] Getting sessions for user:email...
2024-06-18 14:17:25.963 [info] Got 1 sessions for user:email...
2024-06-18 14:17:26.591 [info] Getting sessions for read:user,repo,user:email,workflow...
2024-06-18 14:17:26.591 [info] Got 0 sessions for read:user,repo,user:email,workflow...
2024-06-18 14:17:26.591 [info] Getting sessions for read:user...
2024-06-18 14:17:26.591 [info] Got 0 sessions for read:user...
2024-06-18 14:17:26.591 [info] Getting sessions for user:email...
2024-06-18 14:17:26.591 [info] Got 1 sessions for user:email...
2024-06-18 14:17:26.606 [info] Getting sessions for read:user,repo,user:email,workflow...
2024-06-18 14:17:26.606 [info] Got 0 sessions for read:user,repo,user:email,workflow...
2024-06-18 14:17:26.606 [info] Getting sessions for read:user...
2024-06-18 14:17:26.606 [info] Got 0 sessions for read:user...
2024-06-18 14:17:26.606 [info] Getting sessions for user:email...
2024-06-18 14:17:26.606 [info] Got 1 sessions for user:email...
2024-06-18 14:17:45.001 [info] Reading sessions from keychain...
2024-06-18 14:17:45.001 [info] Getting sessions for user:email...
2024-06-18 14:17:45.015 [info] Got stored sessions!
2024-06-18 14:17:45.016 [info] Got 1 verified sessions.
2024-06-18 14:17:45.016 [info] Got 1 sessions for user:email...
2024-06-18 14:17:45.374 [info] Getting sessions for read:user,repo,user:email,workflow...
2024-06-18 14:17:45.374 [info] Got 0 sessions for read:user,repo,user:email,workflow...
2024-06-18 14:17:45.374 [info] Getting sessions for read:user,repo,user:email,workflow...
2024-06-18 14:17:45.374 [info] Got 0 sessions for read:user,repo,user:email,workflow...
2024-06-18 14:17:45.374 [info] Getting sessions for read:user...
2024-06-18 14:17:45.374 [info] Got 0 sessions for read:user...
2024-06-18 14:17:45.374 [info] Getting sessions for user:email...
2024-06-18 14:17:45.375 [info] Got 1 sessions for user:email...
2024-06-18 14:17:45.396 [info] Getting sessions for read:user...
2024-06-18 14:17:45.396 [info] Got 0 sessions for read:user...
2024-06-18 14:17:45.434 [info] Getting sessions for user:email...
2024-06-18 14:17:45.434 [info] Got 1 sessions for user:email...
2024-06-18 14:17:45.933 [info] Getting sessions for read:user,repo,user:email,workflow...
2024-06-18 14:17:45.933 [info] Got 0 sessions for read:user,repo,user:email,workflow...
2024-06-18 14:17:45.933 [info] Getting sessions for read:user...
2024-06-18 14:17:45.934 [info] Got 0 sessions for read:user...
2024-06-18 14:17:45.934 [info] Getting sessions for user:email...
2024-06-18 14:17:45.934 [info] Got 1 sessions for user:email...
2024-06-18 14:17:45.946 [info] Getting sessions for read:user,repo,user:email,workflow...
2024-06-18 14:17:45.946 [info] Got 0 sessions for read:user,repo,user:email,workflow...
2024-06-18 14:17:45.946 [info] Getting sessions for read:user...
2024-06-18 14:17:45.946 [info] Got 0 sessions for read:user...
2024-06-18 14:17:45.946 [info] Getting sessions for user:email...
2024-06-18 14:17:45.946 [info] Got 1 sessions for user:email...
