2024-06-21 09:04:46.914 [info] Reading sessions from keychain...
2024-06-21 09:04:46.914 [info] Getting sessions for user:email...
2024-06-21 09:04:47.151 [info] Got stored sessions!
2024-06-21 09:04:47.151 [info] Got 1 verified sessions.
2024-06-21 09:04:47.151 [info] Got 1 sessions for user:email...
2024-06-21 09:04:47.249 [info] Getting sessions for read:user,repo,user:email,workflow...
2024-06-21 09:04:47.249 [info] Got 0 sessions for read:user,repo,user:email,workflow...
2024-06-21 09:04:47.249 [info] Getting sessions for read:user,repo,user:email,workflow...
2024-06-21 09:04:47.249 [info] Got 0 sessions for read:user,repo,user:email,workflow...
2024-06-21 09:04:47.249 [info] Getting sessions for read:user...
2024-06-21 09:04:47.249 [info] Got 0 sessions for read:user...
2024-06-21 09:04:47.249 [info] Getting sessions for user:email...
2024-06-21 09:04:47.249 [info] Got 1 sessions for user:email...
2024-06-21 09:04:47.304 [info] Getting sessions for read:user...
2024-06-21 09:04:47.304 [info] Got 0 sessions for read:user...
2024-06-21 09:04:47.386 [info] Getting sessions for user:email...
2024-06-21 09:04:47.386 [info] Got 1 sessions for user:email...
2024-06-21 09:04:47.627 [info] Getting sessions for read:user,repo,user:email,workflow...
2024-06-21 09:04:47.627 [info] Got 0 sessions for read:user,repo,user:email,workflow...
2024-06-21 09:04:47.627 [info] Getting sessions for read:user...
2024-06-21 09:04:47.627 [info] Got 0 sessions for read:user...
2024-06-21 09:04:47.627 [info] Getting sessions for user:email...
2024-06-21 09:04:47.627 [info] Got 1 sessions for user:email...
2024-06-21 09:04:47.642 [info] Getting sessions for read:user,repo,user:email,workflow...
2024-06-21 09:04:47.642 [info] Got 0 sessions for read:user,repo,user:email,workflow...
2024-06-21 09:04:47.643 [info] Getting sessions for read:user...
2024-06-21 09:04:47.643 [info] Got 0 sessions for read:user...
2024-06-21 09:04:47.643 [info] Getting sessions for user:email...
2024-06-21 09:04:47.643 [info] Got 1 sessions for user:email...
