2024-06-20 20:35:27.497 [info] Reading sessions from keychain...
2024-06-20 20:35:27.497 [info] Getting sessions for user:email...
2024-06-20 20:35:27.497 [info] Got stored sessions!
2024-06-20 20:35:27.497 [info] Got 1 verified sessions.
2024-06-20 20:35:27.497 [info] Got 1 sessions for user:email...
2024-06-20 20:35:28.056 [info] Getting sessions for read:user,repo,user:email,workflow...
2024-06-20 20:35:28.056 [info] Got 0 sessions for read:user,repo,user:email,workflow...
2024-06-20 20:35:28.056 [info] Getting sessions for read:user,repo,user:email,workflow...
2024-06-20 20:35:28.056 [info] Got 0 sessions for read:user,repo,user:email,workflow...
2024-06-20 20:35:28.057 [info] Getting sessions for read:user...
2024-06-20 20:35:28.057 [info] Got 0 sessions for read:user...
2024-06-20 20:35:28.057 [info] Getting sessions for user:email...
2024-06-20 20:35:28.057 [info] Got 1 sessions for user:email...
2024-06-20 20:35:28.086 [info] Getting sessions for read:user...
2024-06-20 20:35:28.086 [info] Got 0 sessions for read:user...
2024-06-20 20:35:28.224 [info] Getting sessions for user:email...
2024-06-20 20:35:28.224 [info] Got 1 sessions for user:email...
2024-06-20 20:35:28.513 [info] Getting sessions for read:user,repo,user:email,workflow...
2024-06-20 20:35:28.513 [info] Got 0 sessions for read:user,repo,user:email,workflow...
2024-06-20 20:35:28.513 [info] Getting sessions for read:user...
2024-06-20 20:35:28.513 [info] Got 0 sessions for read:user...
2024-06-20 20:35:28.513 [info] Getting sessions for user:email...
2024-06-20 20:35:28.513 [info] Got 1 sessions for user:email...
2024-06-20 20:35:28.529 [info] Getting sessions for read:user,repo,user:email,workflow...
2024-06-20 20:35:28.529 [info] Got 0 sessions for read:user,repo,user:email,workflow...
2024-06-20 20:35:28.529 [info] Getting sessions for read:user...
2024-06-20 20:35:28.529 [info] Got 0 sessions for read:user...
2024-06-20 20:35:28.530 [info] Getting sessions for user:email...
2024-06-20 20:35:28.530 [info] Got 1 sessions for user:email...
2024-06-20 20:36:01.166 [info] Reading sessions from keychain...
2024-06-20 20:36:01.166 [info] Got stored sessions!
2024-06-20 20:36:01.166 [info] Got 1 verified sessions.
2024-06-20 20:36:01.168 [info] Getting sessions for user:email...
2024-06-20 20:36:01.168 [info] Got 1 sessions for user:email...
2024-06-20 20:36:02.346 [info] Getting sessions for read:user,repo,user:email,workflow...
2024-06-20 20:36:02.346 [info] Got 0 sessions for read:user,repo,user:email,workflow...
2024-06-20 20:36:02.346 [info] Getting sessions for read:user,repo,user:email,workflow...
2024-06-20 20:36:02.346 [info] Got 0 sessions for read:user,repo,user:email,workflow...
2024-06-20 20:36:02.346 [info] Getting sessions for read:user...
2024-06-20 20:36:02.346 [info] Got 0 sessions for read:user...
2024-06-20 20:36:02.346 [info] Getting sessions for user:email...
2024-06-20 20:36:02.346 [info] Got 1 sessions for user:email...
2024-06-20 20:36:02.391 [info] Getting sessions for read:user...
2024-06-20 20:36:02.391 [info] Got 0 sessions for read:user...
2024-06-20 20:36:02.429 [info] Getting sessions for user:email...
2024-06-20 20:36:02.429 [info] Got 1 sessions for user:email...
2024-06-20 20:36:02.836 [info] Getting sessions for read:user,repo,user:email,workflow...
2024-06-20 20:36:02.836 [info] Got 0 sessions for read:user,repo,user:email,workflow...
2024-06-20 20:36:02.836 [info] Getting sessions for read:user...
2024-06-20 20:36:02.836 [info] Got 0 sessions for read:user...
2024-06-20 20:36:02.836 [info] Getting sessions for user:email...
2024-06-20 20:36:02.836 [info] Got 1 sessions for user:email...
2024-06-20 20:36:02.853 [info] Getting sessions for read:user,repo,user:email,workflow...
2024-06-20 20:36:02.853 [info] Got 0 sessions for read:user,repo,user:email,workflow...
2024-06-20 20:36:02.853 [info] Getting sessions for read:user...
2024-06-20 20:36:02.853 [info] Got 0 sessions for read:user...
2024-06-20 20:36:02.853 [info] Getting sessions for user:email...
2024-06-20 20:36:02.853 [info] Got 1 sessions for user:email...
