2024-06-21 08:49:18.804 [info] Reading sessions from keychain...
2024-06-21 08:49:18.804 [info] Getting sessions for user:email...
2024-06-21 08:49:18.804 [info] Got stored sessions!
2024-06-21 08:49:18.804 [info] Got 1 verified sessions.
2024-06-21 08:49:18.804 [info] Got 1 sessions for user:email...
2024-06-21 08:49:19.137 [info] Getting sessions for read:user,repo,user:email,workflow...
2024-06-21 08:49:19.137 [info] Got 0 sessions for read:user,repo,user:email,workflow...
2024-06-21 08:49:19.137 [info] Getting sessions for read:user,repo,user:email,workflow...
2024-06-21 08:49:19.137 [info] Got 0 sessions for read:user,repo,user:email,workflow...
2024-06-21 08:49:19.137 [info] Getting sessions for read:user...
2024-06-21 08:49:19.137 [info] Got 0 sessions for read:user...
2024-06-21 08:49:19.137 [info] Getting sessions for user:email...
2024-06-21 08:49:19.137 [info] Got 1 sessions for user:email...
2024-06-21 08:49:19.171 [info] Getting sessions for read:user...
2024-06-21 08:49:19.171 [info] Got 0 sessions for read:user...
2024-06-21 08:49:19.195 [info] Getting sessions for user:email...
2024-06-21 08:49:19.195 [info] Got 1 sessions for user:email...
2024-06-21 08:49:19.553 [info] Getting sessions for read:user,repo,user:email,workflow...
2024-06-21 08:49:19.553 [info] Got 0 sessions for read:user,repo,user:email,workflow...
2024-06-21 08:49:19.553 [info] Getting sessions for read:user...
2024-06-21 08:49:19.553 [info] Got 0 sessions for read:user...
2024-06-21 08:49:19.553 [info] Getting sessions for user:email...
2024-06-21 08:49:19.553 [info] Got 1 sessions for user:email...
2024-06-21 08:49:19.565 [info] Getting sessions for read:user,repo,user:email,workflow...
2024-06-21 08:49:19.565 [info] Got 0 sessions for read:user,repo,user:email,workflow...
2024-06-21 08:49:19.565 [info] Getting sessions for read:user...
2024-06-21 08:49:19.565 [info] Got 0 sessions for read:user...
2024-06-21 08:49:19.565 [info] Getting sessions for user:email...
2024-06-21 08:49:19.565 [info] Got 1 sessions for user:email...
