2024-06-17 19:20:28.714 [info] Reading sessions from keychain...
2024-06-17 19:20:28.714 [info] Getting sessions for user:email...
2024-06-17 19:20:28.714 [info] Got stored sessions!
2024-06-17 19:20:28.714 [info] Got 1 verified sessions.
2024-06-17 19:20:28.714 [info] Got 1 sessions for user:email...
2024-06-17 19:20:29.503 [info] Getting sessions for read:user,repo,user:email,workflow...
2024-06-17 19:20:29.503 [info] Got 0 sessions for read:user,repo,user:email,workflow...
2024-06-17 19:20:29.513 [info] Getting sessions for read:user,repo,user:email,workflow...
2024-06-17 19:20:29.513 [info] Got 0 sessions for read:user,repo,user:email,workflow...
2024-06-17 19:20:29.513 [info] Getting sessions for read:user...
2024-06-17 19:20:29.513 [info] Got 0 sessions for read:user...
2024-06-17 19:20:29.514 [info] Getting sessions for user:email...
2024-06-17 19:20:29.514 [info] Got 1 sessions for user:email...
2024-06-17 19:20:29.531 [info] Getting sessions for read:user...
2024-06-17 19:20:29.531 [info] Got 0 sessions for read:user...
2024-06-17 19:20:29.589 [info] Getting sessions for user:email...
2024-06-17 19:20:29.589 [info] Got 1 sessions for user:email...
2024-06-17 19:20:29.941 [info] Getting sessions for read:user,repo,user:email,workflow...
2024-06-17 19:20:29.941 [info] Got 0 sessions for read:user,repo,user:email,workflow...
2024-06-17 19:20:29.941 [info] Getting sessions for read:user...
2024-06-17 19:20:29.941 [info] Got 0 sessions for read:user...
2024-06-17 19:20:29.941 [info] Getting sessions for user:email...
2024-06-17 19:20:29.941 [info] Got 1 sessions for user:email...
2024-06-17 19:20:29.961 [info] Getting sessions for read:user,repo,user:email,workflow...
2024-06-17 19:20:29.961 [info] Got 0 sessions for read:user,repo,user:email,workflow...
2024-06-17 19:20:29.961 [info] Getting sessions for read:user...
2024-06-17 19:20:29.961 [info] Got 0 sessions for read:user...
2024-06-17 19:20:29.961 [info] Getting sessions for user:email...
2024-06-17 19:20:29.961 [info] Got 1 sessions for user:email...
