2024-06-17 21:23:08.757 [info] Reading sessions from keychain...
2024-06-17 21:23:08.757 [info] Getting sessions for user:email...
2024-06-17 21:23:08.777 [info] Getting sessions for read:user,repo,user:email,workflow...
2024-06-17 21:23:08.809 [info] Getting sessions for read:user,repo,user:email,workflow...
2024-06-17 21:23:08.809 [info] Getting sessions for read:user...
2024-06-17 21:23:08.809 [info] Getting sessions for user:email...
2024-06-17 21:23:08.813 [info] Got stored sessions!
2024-06-17 21:23:08.813 [info] Got 1 verified sessions.
2024-06-17 21:23:08.813 [info] Got 1 sessions for user:email...
2024-06-17 21:23:08.813 [info] Got 0 sessions for read:user,repo,user:email,workflow...
2024-06-17 21:23:08.813 [info] Got 0 sessions for read:user,repo,user:email,workflow...
2024-06-17 21:23:08.813 [info] Got 0 sessions for read:user...
2024-06-17 21:23:08.813 [info] Got 1 sessions for user:email...
2024-06-17 21:23:08.816 [info] Getting sessions for read:user...
2024-06-17 21:23:08.816 [info] Got 0 sessions for read:user...
2024-06-17 21:23:08.853 [info] Getting sessions for user:email...
2024-06-17 21:23:08.853 [info] Got 1 sessions for user:email...
2024-06-17 21:23:09.169 [info] Getting sessions for read:user,repo,user:email,workflow...
2024-06-17 21:23:09.169 [info] Got 0 sessions for read:user,repo,user:email,workflow...
2024-06-17 21:23:09.169 [info] Getting sessions for read:user...
2024-06-17 21:23:09.169 [info] Got 0 sessions for read:user...
2024-06-17 21:23:09.169 [info] Getting sessions for user:email...
2024-06-17 21:23:09.169 [info] Got 1 sessions for user:email...
2024-06-17 21:23:09.251 [info] Getting sessions for read:user,repo,user:email,workflow...
2024-06-17 21:23:09.251 [info] Got 0 sessions for read:user,repo,user:email,workflow...
2024-06-17 21:23:09.251 [info] Getting sessions for read:user...
2024-06-17 21:23:09.251 [info] Got 0 sessions for read:user...
2024-06-17 21:23:09.251 [info] Getting sessions for user:email...
2024-06-17 21:23:09.251 [info] Got 1 sessions for user:email...
2024-06-17 21:23:15.267 [info] Reading sessions from keychain...
2024-06-17 21:23:15.267 [info] Got stored sessions!
2024-06-17 21:23:15.267 [info] Got 1 verified sessions.
2024-06-17 21:23:15.267 [info] Getting sessions for user:email...
2024-06-17 21:23:15.267 [info] Got 1 sessions for user:email...
2024-06-17 21:23:15.768 [info] Getting sessions for read:user,repo,user:email,workflow...
2024-06-17 21:23:15.768 [info] Got 0 sessions for read:user,repo,user:email,workflow...
2024-06-17 21:23:15.768 [info] Getting sessions for read:user,repo,user:email,workflow...
2024-06-17 21:23:15.768 [info] Got 0 sessions for read:user,repo,user:email,workflow...
2024-06-17 21:23:15.768 [info] Getting sessions for read:user...
2024-06-17 21:23:15.768 [info] Got 0 sessions for read:user...
2024-06-17 21:23:15.768 [info] Getting sessions for user:email...
2024-06-17 21:23:15.768 [info] Got 1 sessions for user:email...
2024-06-17 21:23:15.781 [info] Getting sessions for read:user...
2024-06-17 21:23:15.781 [info] Got 0 sessions for read:user...
2024-06-17 21:23:15.815 [info] Getting sessions for user:email...
2024-06-17 21:23:15.815 [info] Got 1 sessions for user:email...
2024-06-17 21:23:16.203 [info] Getting sessions for read:user,repo,user:email,workflow...
2024-06-17 21:23:16.203 [info] Got 0 sessions for read:user,repo,user:email,workflow...
2024-06-17 21:23:16.203 [info] Getting sessions for read:user...
2024-06-17 21:23:16.203 [info] Got 0 sessions for read:user...
2024-06-17 21:23:16.203 [info] Getting sessions for user:email...
2024-06-17 21:23:16.203 [info] Got 1 sessions for user:email...
2024-06-17 21:23:16.214 [info] Getting sessions for read:user,repo,user:email,workflow...
2024-06-17 21:23:16.214 [info] Got 0 sessions for read:user,repo,user:email,workflow...
2024-06-17 21:23:16.214 [info] Getting sessions for read:user...
2024-06-17 21:23:16.214 [info] Got 0 sessions for read:user...
2024-06-17 21:23:16.214 [info] Getting sessions for user:email...
2024-06-17 21:23:16.214 [info] Got 1 sessions for user:email...
2024-06-17 21:23:33.629 [info] Reading sessions from keychain...
2024-06-17 21:23:33.629 [info] Got stored sessions!
2024-06-17 21:23:33.629 [info] Got 1 verified sessions.
2024-06-17 21:23:33.629 [info] Getting sessions for user:email...
2024-06-17 21:23:33.629 [info] Got 1 sessions for user:email...
2024-06-17 21:23:34.278 [info] Getting sessions for read:user,repo,user:email,workflow...
2024-06-17 21:23:34.278 [info] Got 0 sessions for read:user,repo,user:email,workflow...
2024-06-17 21:23:34.278 [info] Getting sessions for read:user,repo,user:email,workflow...
2024-06-17 21:23:34.278 [info] Got 0 sessions for read:user,repo,user:email,workflow...
2024-06-17 21:23:34.278 [info] Getting sessions for read:user...
2024-06-17 21:23:34.278 [info] Got 0 sessions for read:user...
2024-06-17 21:23:34.278 [info] Getting sessions for user:email...
2024-06-17 21:23:34.278 [info] Got 1 sessions for user:email...
2024-06-17 21:23:34.316 [info] Getting sessions for read:user...
2024-06-17 21:23:34.316 [info] Got 0 sessions for read:user...
2024-06-17 21:23:34.359 [info] Getting sessions for user:email...
2024-06-17 21:23:34.359 [info] Got 1 sessions for user:email...
2024-06-17 21:23:34.749 [info] Getting sessions for read:user,repo,user:email,workflow...
2024-06-17 21:23:34.750 [info] Got 0 sessions for read:user,repo,user:email,workflow...
2024-06-17 21:23:34.750 [info] Getting sessions for read:user...
2024-06-17 21:23:34.750 [info] Got 0 sessions for read:user...
2024-06-17 21:23:34.750 [info] Getting sessions for user:email...
2024-06-17 21:23:34.750 [info] Got 1 sessions for user:email...
2024-06-17 21:23:34.762 [info] Getting sessions for read:user,repo,user:email,workflow...
2024-06-17 21:23:34.762 [info] Got 0 sessions for read:user,repo,user:email,workflow...
2024-06-17 21:23:34.762 [info] Getting sessions for read:user...
2024-06-17 21:23:34.762 [info] Got 0 sessions for read:user...
2024-06-17 21:23:34.762 [info] Getting sessions for user:email...
2024-06-17 21:23:34.762 [info] Got 1 sessions for user:email...
