2024-06-17 21:18:11.945 [info] Revived process, old id 5f3a3fe9dfa601d7b8c785cec8150577-1 -> new id 1
2024-06-17 21:18:11.945 [info] Revived process, old id 5f3a3fe9dfa601d7b8c785cec8150577-2 -> new id 2
2024-06-17 21:18:11.945 [info] Revived process, old id 5f3a3fe9dfa601d7b8c785cec8150577-3 -> new id 3
2024-06-17 21:18:11.945 [info] Revived process, old id 5f3a3fe9dfa601d7b8c785cec8150577-7 -> new id 4
2024-06-17 21:18:11.952 [info] Revived process, old id b0a8c1dcbcc33f0e55908e18696ad2e3-4 -> new id 5
2024-06-17 21:18:12.190 [info] Expanding terminal instance, old id 5f3a3fe9dfa601d7b8c785cec8150577-3 -> new id 3
2024-06-17 21:18:12.190 [info] Expanding terminal instance, old id 5f3a3fe9dfa601d7b8c785cec8150577-1 -> new id 1
2024-06-17 21:18:12.190 [info] Expanding terminal instance, old id 5f3a3fe9dfa601d7b8c785cec8150577-2 -> new id 2
2024-06-17 21:18:12.190 [info] Expanding terminal instance, old id 5f3a3fe9dfa601d7b8c785cec8150577-7 -> new id 4
2024-06-17 21:18:12.333 [warning] Persistent process "3": Process had no disconnect runners but was an orphan
2024-06-17 21:18:12.333 [info] Persistent process reconnection "3"
2024-06-17 21:18:12.334 [warning] Persistent process "1": Process had no disconnect runners but was an orphan
2024-06-17 21:18:12.334 [info] Persistent process reconnection "1"
2024-06-17 21:18:12.334 [warning] Persistent process "2": Process had no disconnect runners but was an orphan
2024-06-17 21:18:12.334 [info] Persistent process reconnection "2"
2024-06-17 21:18:12.334 [warning] Persistent process "4": Process had no disconnect runners but was an orphan
2024-06-17 21:18:12.334 [info] Persistent process reconnection "4"
2024-06-17 21:18:12.379 [info] Persistent process "3": Replaying 2295 chars and 1 size events
2024-06-17 21:18:12.383 [info] Expanding terminal instance, old id b0a8c1dcbcc33f0e55908e18696ad2e3-4 -> new id 5
2024-06-17 21:18:12.392 [info] Persistent process "1": Replaying 495 chars and 1 size events
2024-06-17 21:18:12.397 [info] Persistent process "2": Replaying 2255 chars and 1 size events
2024-06-17 21:18:12.401 [info] Persistent process "4": Replaying 250 chars and 1 size events
2024-06-17 21:18:12.697 [warning] Persistent process "5": Process had no disconnect runners but was an orphan
2024-06-17 21:18:12.697 [info] Persistent process reconnection "5"
2024-06-17 21:18:12.713 [info] Persistent process "5": Replaying 7072 chars and 1 size events
