2024-06-17 21:18:13.526 [info] Reading sessions from keychain...
2024-06-17 21:18:13.526 [info] Getting sessions for user:email...
2024-06-17 21:18:13.595 [info] Got stored sessions!
2024-06-17 21:18:13.595 [info] Got 1 verified sessions.
2024-06-17 21:18:13.595 [info] Got 1 sessions for user:email...
2024-06-17 21:18:13.595 [info] Getting sessions for read:user,repo,user:email,workflow...
2024-06-17 21:18:13.595 [info] Got 0 sessions for read:user,repo,user:email,workflow...
2024-06-17 21:18:13.595 [info] Getting sessions for read:user,repo,user:email,workflow...
2024-06-17 21:18:13.595 [info] Got 0 sessions for read:user,repo,user:email,workflow...
2024-06-17 21:18:13.596 [info] Getting sessions for read:user...
2024-06-17 21:18:13.596 [info] Got 0 sessions for read:user...
2024-06-17 21:18:13.596 [info] Getting sessions for user:email...
2024-06-17 21:18:13.596 [info] Got 1 sessions for user:email...
2024-06-17 21:18:13.618 [info] Getting sessions for read:user...
2024-06-17 21:18:13.618 [info] Got 0 sessions for read:user...
2024-06-17 21:18:13.770 [info] Getting sessions for user:email...
2024-06-17 21:18:13.770 [info] Got 1 sessions for user:email...
2024-06-17 21:18:14.085 [info] Getting sessions for read:user,repo,user:email,workflow...
2024-06-17 21:18:14.086 [info] Got 0 sessions for read:user,repo,user:email,workflow...
2024-06-17 21:18:14.087 [info] Getting sessions for read:user...
2024-06-17 21:18:14.087 [info] Got 0 sessions for read:user...
2024-06-17 21:18:14.088 [info] Getting sessions for user:email...
2024-06-17 21:18:14.088 [info] Got 1 sessions for user:email...
2024-06-17 21:18:14.113 [info] Getting sessions for read:user,repo,user:email,workflow...
2024-06-17 21:18:14.113 [info] Got 0 sessions for read:user,repo,user:email,workflow...
2024-06-17 21:18:14.174 [info] Getting sessions for read:user...
2024-06-17 21:18:14.174 [info] Got 0 sessions for read:user...
2024-06-17 21:18:14.175 [info] Getting sessions for user:email...
2024-06-17 21:18:14.176 [info] Got 1 sessions for user:email...
